#
# A fatal error has been detected by the Java Runtime Environment:
#
#  EXCEPTION_ACCESS_VIOLATION (0xc0000005) at pc=0x00007ffd8ed3c49b, pid=17700, tid=13708
#
# JRE version: Java(TM) SE Runtime Environment (15.0.2+7) (build 15.0.2+7-27)
# Java VM: Java HotSpot(TM) 64-Bit Server VM (15.0.2+7-27, mixed mode, sharing, tiered, compressed oops, g1 gc, windows-amd64)
# Problematic frame:
# V  [jvm.dll+0x5dc49b]
#
# No core dump will be written. Minidumps are not enabled by default on client versions of Windows
#
# If you would like to submit a bug report, please visit:
#   https://bugreport.java.com/bugreport/crash.jsp
#

---------------  S U M M A R Y ------------

Command Line: iek.agdimitr.ackermannfunction.AckermannMain

Host: Intel(R) Core(TM) i7-8700 CPU @ 3.20GHz, 12 cores, 47G,  Windows 10 , 64 bit Build 19041 (10.0.19041.928)
Time: Sun May  9 18:10:09 2021 GTB Daylight Time elapsed time: 89.287605 seconds (0d 0h 1m 29s)

---------------  T H R E A D  ---------------

Current thread (0x000001de00b9dc00):  JavaThread "*** Profiler Agent Communication Thread" daemon [_thread_in_vm, id=13708, stack(0x0000008494e00000,0x0000008494f00000)]

Stack: [0x0000008494e00000,0x0000008494f00000],  sp=0x0000008494efee80,  free space=1019k
Native frames: (J=compiled Java code, j=interpreted, Vv=VM code, C=native code)
V  [jvm.dll+0x5dc49b]
V  [jvm.dll+0x49bc6b]
C  [profilerinterface.dll+0x34da]

Java frames: (J=compiled Java code, j=interpreted, Vv=VM code)
j  org.netbeans.lib.profiler.server.system.Stacks.getMethodNamesForJMethodIds(I[I[I)[B+0
j  org.netbeans.lib.profiler.server.ProfilerInterface.getMethodNamesForJMethodIds([I)Lorg/netbeans/lib/profiler/wireprotocol/MethodNamesResponse;+20
j  org.netbeans.lib.profiler.server.ProfilerServer.handleClientCommand(Lorg/netbeans/lib/profiler/wireprotocol/Command;)V+691
j  org.netbeans.lib.profiler.server.ProfilerServer.listenToClient()V+48
j  org.netbeans.lib.profiler.server.ProfilerServer.run()V+22
v  ~StubRoutines::call_stub

siginfo: EXCEPTION_ACCESS_VIOLATION (0xc0000005), reading address 0x000000000021f610


Register to memory mapping:

RIP=0x00007ffd8ed3c49b jvm.dll
RAX=0x0000008494efee01 is pointing into the stack for thread: 0x000001de00b9dc00
RBX=0x000001de00b9dc00 is a thread
RCX=0x000000000021f610 is an unknown value
RDX=0x000001de00b9dc00 is a thread
RSP=0x0000008494efee80 is pointing into the stack for thread: 0x000001de00b9dc00
RBP=0x000000000021f610 is an unknown value
RSI=0x0000008494efefa0 is pointing into the stack for thread: 0x000001de00b9dc00
RDI=0x000001de009ce0f0 points into unknown readable memory: 0x00007ffd8f16b970 | 70 b9 16 8f fd 7f 00 00
R8 =0x0000008494efefa0 is pointing into the stack for thread: 0x000001de00b9dc00
R9 =0x000000000000037f is an unknown value
R10=0x0 is NULL
R11=0x0000008494efee78 is pointing into the stack for thread: 0x000001de00b9dc00
R12=0x000001de09b49e90 points into unknown readable memory: 0x08914af80021f610 | 10 f6 21 00 f8 4a 91 08
R13=0x000000000000002c is an unknown value
R14=0x00007ffdc43a9c68 profilerinterface.dll
R15=0x00007ffdc43a9a60 profilerinterface.dll


Registers:
RAX=0x0000008494efee01, RBX=0x000001de00b9dc00, RCX=0x000000000021f610, RDX=0x000001de00b9dc00
RSP=0x0000008494efee80, RBP=0x000000000021f610, RSI=0x0000008494efefa0, RDI=0x000001de009ce0f0
R8 =0x0000008494efefa0, R9 =0x000000000000037f, R10=0x0000000000000000, R11=0x0000008494efee78
R12=0x000001de09b49e90, R13=0x000000000000002c, R14=0x00007ffdc43a9c68, R15=0x00007ffdc43a9a60
RIP=0x00007ffd8ed3c49b, EFLAGS=0x0000000000010202

Top of Stack: (sp=0x0000008494efee80)
0x0000008494efee80:   000000000000002c 000001de09b49e90
0x0000008494efee90:   000001de00b9dc00 0000008494eff058
0x0000008494efeea0:   000001de00b9dc00 00007ffd8ebfbc6b
0x0000008494efeeb0:   00000000000006e0 000001de00b9dc00
0x0000008494efeec0:   000001de00b9df28 00007ffdced09d40
0x0000008494efeed0:   000001de00b9dc00 0000000000000000
0x0000008494efeee0:   000001de00000000 0000000000000000
0x0000008494efeef0:   000000000021f610 00007ffdc43a34da
0x0000008494efef00:   0000000000000000 000001de00b9df28
0x0000008494efef10:   0000000000000001 000001de09bd8c30
0x0000008494efef20:   000001de09b49e90 00007ffd8eaac687
0x0000008494efef30:   000000000001bb5b 000001de50d6e88f
0x0000008494efef40:   000001de00b9dc00 0000000000000001
0x0000008494efef50:   000001de09bd8c30 000001de00b9dc00
0x0000008494efef60:   000001de00b9dc00 000001de09bd8c30
0x0000008494efef70:   0000000000000000 00000000000000b7 

Instructions: (pc=0x00007ffd8ed3c49b)
0x00007ffd8ed3c39b:   00 00 4d 85 f6 74 3c 49 8b 06 49 8b ce 48 89 7c
0x00007ffd8ed3c3ab:   24 38 ff 50 30 49 8b 16 49 8b ce 48 63 d8 ff 52
0x00007ffd8ed3c3bb:   08 48 8b cd 0f b6 f8 e8 b9 ce be ff 48 8b c8 44
0x00007ffd8ed3c3cb:   0f b6 cf 4c 8b c3 49 8b d6 e8 57 44 ff ff 48 8b
0x00007ffd8ed3c3db:   7c 24 38 48 8b 6c 24 58 80 3d 79 6c 4a 00 00 74
0x00007ffd8ed3c3eb:   18 48 8b 4c 24 20 48 8b d6 e8 a7 26 00 00 48 83
0x00007ffd8ed3c3fb:   7e 08 00 74 04 33 db eb 09 48 8b 44 24 20 48 8b
0x00007ffd8ed3c40b:   58 18 48 8d 4c 24 20 e8 99 80 d3 ff 4c 8b 74 24
0x00007ffd8ed3c41b:   30 48 8b c3 48 8b 5c 24 50 48 83 c4 40 5e c3 cc
0x00007ffd8ed3c42b:   cc cc cc cc cc 48 8b 51 08 4c 8b c1 48 8b 42 08
0x00007ffd8ed3c43b:   0f b6 52 24 c0 ea 06 48 8b 48 18 8b 81 a4 00 00
0x00007ffd8ed3c44b:   00 f6 c2 01 75 27 48 85 c9 74 14 8b c8 c1 e9 09
0x00007ffd8ed3c45b:   f6 c1 01 74 0a 41 f7 40 20 02 04 00 00 74 0e 41
0x00007ffd8ed3c46b:   8b 48 20 0b c8 f6 c1 10 74 03 b0 01 c3 41 83 78
0x00007ffd8ed3c47b:   24 fe 0f 94 c0 c3 cc cc cc cc cc cc cc cc cc cc
0x00007ffd8ed3c48b:   cc cc cc cc cc 40 53 48 83 ec 20 48 85 c9 74 24
0x00007ffd8ed3c49b:   48 8b 19 48 85 db 74 1c 48 83 fb 37 74 16 48 8b
0x00007ffd8ed3c4ab:   13 48 8b cb ff 52 10 84 c0 74 09 48 8b c3 48 83
0x00007ffd8ed3c4bb:   c4 20 5b c3 33 c0 48 83 c4 20 5b c3 cc cc cc cc
0x00007ffd8ed3c4cb:   cc cc cc cc cc 40 53 55 41 56 41 57 48 83 ec 28
0x00007ffd8ed3c4db:   48 8b 41 08 33 ed 4c 8b f1 48 8b 50 08 4c 8b 7a
0x00007ffd8ed3c4eb:   18 49 8b 9f 70 01 00 00 48 85 db 0f 84 e5 00 00
0x00007ffd8ed3c4fb:   00 8b 15 ca 39 4f 00 65 48 8b 04 25 58 00 00 00
0x00007ffd8ed3c50b:   48 89 74 24 50 4c 89 64 24 60 4c 89 6c 24 20 41
0x00007ffd8ed3c51b:   bd ff ff 00 00 4c 8d 24 d0 41 b8 40 00 00 00 48
0x00007ffd8ed3c52b:   89 7c 24 58 90 49 8b 56 08 48 8b 73 10 0f b7 42
0x00007ffd8ed3c53b:   2a 66 39 43 08 75 7c 0f b7 42 2c 66 39 43 0a 75
0x00007ffd8ed3c54b:   72 0f b6 03 48 63 4b 04 49 8b 3c 24 88 44 11 38
0x00007ffd8ed3c55b:   41 8b c0 80 3c 38 00 75 05 e8 a3 c5 1f 00 b8 08
0x00007ffd8ed3c56b:   00 00 00 49 8b ce 48 8b 3c 38 48 8b d7 e8 53 2a
0x00007ffd8ed3c57b:   bc ff 48 83 7f 08 00 75 0a 48 85 c0 74 05 66 44
0x00007ffd8ed3c58b:   01 68 16 48 85 ed 74 14 48 8b cb 48 89 75 10 e8 


Stack slot to memory mapping:
stack at sp + 0 slots: 0x000000000000002c is an unknown value
stack at sp + 1 slots: 0x000001de09b49e90 points into unknown readable memory: 0x08914af80021f610 | 10 f6 21 00 f8 4a 91 08
stack at sp + 2 slots: 0x000001de00b9dc00 is a thread
stack at sp + 3 slots: 0x0000008494eff058 is pointing into the stack for thread: 0x000001de00b9dc00
stack at sp + 4 slots: 0x000001de00b9dc00 is a thread
stack at sp + 5 slots: 0x00007ffd8ebfbc6b jvm.dll
stack at sp + 6 slots: 0x00000000000006e0 is an unknown value
stack at sp + 7 slots: 0x000001de00b9dc00 is a thread


---------------  P R O C E S S  ---------------

Threads class SMR info:
_java_thread_list=0x000001de0025aef0, length=19, elements={
0x000001de48b09e70, 0x000001de00096890, 0x000001de00097360, 0x000001de000aedb0,
0x000001de000b1680, 0x000001de000b3040, 0x000001de000b3dd0, 0x000001de000b6890,
0x000001de000b81a0, 0x000001de001e0a30, 0x000001de001e6230, 0x000001de006a7890,
0x000001de003ec260, 0x000001de00c923d0, 0x000001de00cd1240, 0x000001de00b9dc00,
0x000001de00d236b0, 0x000001de00129ef0, 0x000001de08cea710
}

Java Threads: ( => current thread )
  0x000001de48b09e70 JavaThread "main" [_thread_blocked, id=16516, stack(0x0000008495000000,0x0000008495100000)]
  0x000001de00096890 JavaThread "Reference Handler" daemon [_thread_blocked, id=19400, stack(0x0000008495700000,0x0000008495800000)]
  0x000001de00097360 JavaThread "Finalizer" daemon [_thread_blocked, id=11516, stack(0x0000008495800000,0x0000008495900000)]
  0x000001de000aedb0 JavaThread "Signal Dispatcher" daemon [_thread_blocked, id=15616, stack(0x0000008495900000,0x0000008495a00000)]
  0x000001de000b1680 JavaThread "Attach Listener" daemon [_thread_blocked, id=9132, stack(0x0000008495a00000,0x0000008495b00000)]
  0x000001de000b3040 JavaThread "Service Thread" daemon [_thread_blocked, id=1240, stack(0x0000008495b00000,0x0000008495c00000)]
  0x000001de000b3dd0 JavaThread "C2 CompilerThread0" daemon [_thread_blocked, id=10144, stack(0x0000008495c00000,0x0000008495d00000)]
  0x000001de000b6890 JavaThread "C1 CompilerThread0" daemon [_thread_blocked, id=19608, stack(0x0000008495d00000,0x0000008495e00000)]
  0x000001de000b81a0 JavaThread "Sweeper thread" daemon [_thread_blocked, id=18748, stack(0x0000008495e00000,0x0000008495f00000)]
  0x000001de001e0a30 JavaThread "Notification Thread" daemon [_thread_blocked, id=1784, stack(0x0000008495f00000,0x0000008496000000)]
  0x000001de001e6230 JavaThread "Common-Cleaner" daemon [_thread_blocked, id=18992, stack(0x0000008496100000,0x0000008496200000)]
  0x000001de006a7890 JavaThread "Java2D Disposer" daemon [_thread_blocked, id=18468, stack(0x0000008496200000,0x0000008496300000)]
  0x000001de003ec260 JavaThread "AWT-Windows" daemon [_thread_in_native, id=17536, stack(0x0000008496400000,0x0000008496500000)]
  0x000001de00c923d0 JavaThread "D3D Screen Updater" daemon [_thread_blocked, id=18988, stack(0x0000008496c00000,0x0000008496d00000)]
  0x000001de00cd1240 JavaThread "TimerQueue" daemon [_thread_blocked, id=17424, stack(0x0000008496d00000,0x0000008496e00000)]
=>0x000001de00b9dc00 JavaThread "*** Profiler Agent Communication Thread" daemon [_thread_in_vm, id=13708, stack(0x0000008494e00000,0x0000008494f00000)]
  0x000001de00d236b0 JavaThread "*** JFluid Monitor thread ***" daemon [_thread_blocked, id=1180, stack(0x0000008494f00000,0x0000008495000000)]
  0x000001de00129ef0 JavaThread "*** Profiler Agent Special Execution Thread 6" daemon [_thread_blocked, id=8572, stack(0x0000008496500000,0x0000008496600000)]
  0x000001de08cea710 JavaThread "*** Profiler Agent Special Execution Thread 10" daemon [_thread_blocked, id=5672, stack(0x0000008497500000,0x0000008497600000)]

Other Threads:
  0x000001de00093100 VMThread "VM Thread" [stack: 0x0000008495600000,0x0000008495700000] [id=20336] _threads_hazard_ptr=0x000001de0025aef0
  0x000001de001e5f20 WatcherThread [stack: 0x0000008496000000,0x0000008496100000] [id=19248]
  0x000001de48b98160 GCTaskThread "GC Thread#0" [stack: 0x0000008495100000,0x0000008495200000] [id=18132]
  0x000001de009e6250 GCTaskThread "GC Thread#1" [stack: 0x0000008496300000,0x0000008496400000] [id=17636]
  0x000001de009e78a0 GCTaskThread "GC Thread#2" [stack: 0x0000008496800000,0x0000008496900000] [id=17900]
  0x000001de009e6580 GCTaskThread "GC Thread#3" [stack: 0x0000008496e00000,0x0000008496f00000] [id=19848]
  0x000001de009e68b0 GCTaskThread "GC Thread#4" [stack: 0x0000008496f00000,0x0000008497000000] [id=17572]
  0x000001de009e4c00 GCTaskThread "GC Thread#5" [stack: 0x0000008497000000,0x0000008497100000] [id=13724]
  0x000001de009e5260 GCTaskThread "GC Thread#6" [stack: 0x0000008497100000,0x0000008497200000] [id=11156]
  0x000001de009e6f10 GCTaskThread "GC Thread#7" [stack: 0x0000008497200000,0x0000008497300000] [id=7524]
  0x000001de009e7f00 GCTaskThread "GC Thread#8" [stack: 0x0000008497300000,0x0000008497400000] [id=20172]
  0x000001de009e8230 GCTaskThread "GC Thread#9" [stack: 0x0000008497400000,0x0000008497500000] [id=19976]
  0x000001de48ba6220 ConcurrentGCThread "G1 Main Marker" [stack: 0x0000008495200000,0x0000008495300000] [id=18488]
  0x000001de48ba6d10 ConcurrentGCThread "G1 Conc#0" [stack: 0x0000008495300000,0x0000008495400000] [id=18744]
  0x000001de48bde780 ConcurrentGCThread "G1 Refine#0" [stack: 0x0000008495400000,0x0000008495500000] [id=6184]
  0x000001de7f61d2d0 ConcurrentGCThread "G1 Young RemSet Sampling" [stack: 0x0000008495500000,0x0000008495600000] [id=15156]

Threads with active compile tasks:

VM state: synchronizing (normal execution)

VM Mutex/Monitor currently owned by a thread:  ([mutex/lock_event])
[0x000001de48b06360] Threads_lock - owner thread: 0x000001de00093100

Heap address: 0x0000000500800000, size: 12280 MB, Compressed Oops mode: Zero based, Oop shift amount: 3
CDS archive(s) mapped at: [0x0000000800000000-0x0000000800b50000-0x0000000800b50000), size 11862016, SharedBaseAddress: 0x0000000800000000, ArchiveRelocationMode: 0.
Compressed class space mapped at: 0x0000000800b50000-0x0000000840b50000, size: 1073741824
Narrow klass base: 0x0000000800000000, Narrow klass shift: 3, Narrow klass range: 0x100000000

GC Precious Log:
 CPUs: 12 total, 12 available
 Memory: 49099M
 Large Page Support: Disabled
 NUMA Support: Disabled
 Compressed Oops: Enabled (Zero based)
 Heap Region Size: 8M
 Heap Min Capacity: 8M
 Heap Initial Capacity: 768M
 Heap Max Capacity: 12280M
 Pre-touch: Disabled
 Parallel Workers: 10
 Concurrent Workers: 3
 Concurrent Refinement Workers: 10
 Periodic GC: Disabled

Heap:
 garbage-first heap   total 786432K, used 255906K [0x0000000500800000, 0x0000000800000000)
  region size 8192K, 33 young (270336K), 1 survivors (8192K)
 Metaspace       used 12815K, capacity 13004K, committed 13056K, reserved 1060864K
  class space    used 1463K, capacity 1526K, committed 1536K, reserved 1048576K

Heap Regions: E=young(eden), S=young(survivor), O=old, HS=humongous(starts), HC=humongous(continues), CS=collection set, F=free, OA=open archive, CA=closed archive, TAMS=top-at-mark-start (previous, next)
|   0|0x0000000500800000, 0x0000000500800000, 0x0000000501000000|  0%| F|  |TAMS 0x0000000500800000, 0x0000000500800000| Untracked 
|   1|0x0000000501000000, 0x0000000501000000, 0x0000000501800000|  0%| F|  |TAMS 0x0000000501000000, 0x0000000501000000| Untracked 
|   2|0x0000000501800000, 0x0000000501800000, 0x0000000502000000|  0%| F|  |TAMS 0x0000000501800000, 0x0000000501800000| Untracked 
|   3|0x0000000502000000, 0x0000000502000000, 0x0000000502800000|  0%| F|  |TAMS 0x0000000502000000, 0x0000000502000000| Untracked 
|   4|0x0000000502800000, 0x0000000502800000, 0x0000000503000000|  0%| F|  |TAMS 0x0000000502800000, 0x0000000502800000| Untracked 
|   5|0x0000000503000000, 0x0000000503000000, 0x0000000503800000|  0%| F|  |TAMS 0x0000000503000000, 0x0000000503000000| Untracked 
|   6|0x0000000503800000, 0x0000000503800000, 0x0000000504000000|  0%| F|  |TAMS 0x0000000503800000, 0x0000000503800000| Untracked 
|   7|0x0000000504000000, 0x0000000504000000, 0x0000000504800000|  0%| F|  |TAMS 0x0000000504000000, 0x0000000504000000| Untracked 
|   8|0x0000000504800000, 0x0000000504800000, 0x0000000505000000|  0%| F|  |TAMS 0x0000000504800000, 0x0000000504800000| Untracked 
|   9|0x0000000505000000, 0x0000000505000000, 0x0000000505800000|  0%| F|  |TAMS 0x0000000505000000, 0x0000000505000000| Untracked 
|  10|0x0000000505800000, 0x0000000505800000, 0x0000000506000000|  0%| F|  |TAMS 0x0000000505800000, 0x0000000505800000| Untracked 
|  11|0x0000000506000000, 0x0000000506000000, 0x0000000506800000|  0%| F|  |TAMS 0x0000000506000000, 0x0000000506000000| Untracked 
|  12|0x0000000506800000, 0x0000000506800000, 0x0000000507000000|  0%| F|  |TAMS 0x0000000506800000, 0x0000000506800000| Untracked 
|  13|0x0000000507000000, 0x0000000507000000, 0x0000000507800000|  0%| F|  |TAMS 0x0000000507000000, 0x0000000507000000| Untracked 
|  14|0x0000000507800000, 0x0000000507800000, 0x0000000508000000|  0%| F|  |TAMS 0x0000000507800000, 0x0000000507800000| Untracked 
|  15|0x0000000508000000, 0x0000000508000000, 0x0000000508800000|  0%| F|  |TAMS 0x0000000508000000, 0x0000000508000000| Untracked 
|  16|0x0000000508800000, 0x0000000508800000, 0x0000000509000000|  0%| F|  |TAMS 0x0000000508800000, 0x0000000508800000| Untracked 
|  17|0x0000000509000000, 0x0000000509000000, 0x0000000509800000|  0%| F|  |TAMS 0x0000000509000000, 0x0000000509000000| Untracked 
|  18|0x0000000509800000, 0x0000000509800000, 0x000000050a000000|  0%| F|  |TAMS 0x0000000509800000, 0x0000000509800000| Untracked 
|  19|0x000000050a000000, 0x000000050a000000, 0x000000050a800000|  0%| F|  |TAMS 0x000000050a000000, 0x000000050a000000| Untracked 
|  20|0x000000050a800000, 0x000000050a800000, 0x000000050b000000|  0%| F|  |TAMS 0x000000050a800000, 0x000000050a800000| Untracked 
|  21|0x000000050b000000, 0x000000050b000000, 0x000000050b800000|  0%| F|  |TAMS 0x000000050b000000, 0x000000050b000000| Untracked 
|  22|0x000000050b800000, 0x000000050b800000, 0x000000050c000000|  0%| F|  |TAMS 0x000000050b800000, 0x000000050b800000| Untracked 
|  23|0x000000050c000000, 0x000000050c000000, 0x000000050c800000|  0%| F|  |TAMS 0x000000050c000000, 0x000000050c000000| Untracked 
|  24|0x000000050c800000, 0x000000050c800000, 0x000000050d000000|  0%| F|  |TAMS 0x000000050c800000, 0x000000050c800000| Untracked 
|  25|0x000000050d000000, 0x000000050d000000, 0x000000050d800000|  0%| F|  |TAMS 0x000000050d000000, 0x000000050d000000| Untracked 
|  26|0x000000050d800000, 0x000000050d800000, 0x000000050e000000|  0%| F|  |TAMS 0x000000050d800000, 0x000000050d800000| Untracked 
|  27|0x000000050e000000, 0x000000050e000000, 0x000000050e800000|  0%| F|  |TAMS 0x000000050e000000, 0x000000050e000000| Untracked 
|  28|0x000000050e800000, 0x000000050e800000, 0x000000050f000000|  0%| F|  |TAMS 0x000000050e800000, 0x000000050e800000| Untracked 
|  29|0x000000050f000000, 0x000000050f000000, 0x000000050f800000|  0%| F|  |TAMS 0x000000050f000000, 0x000000050f000000| Untracked 
|  30|0x000000050f800000, 0x000000050f800000, 0x0000000510000000|  0%| F|  |TAMS 0x000000050f800000, 0x000000050f800000| Untracked 
|  31|0x0000000510000000, 0x0000000510000000, 0x0000000510800000|  0%| F|  |TAMS 0x0000000510000000, 0x0000000510000000| Untracked 
|  32|0x0000000510800000, 0x0000000510800000, 0x0000000511000000|  0%| F|  |TAMS 0x0000000510800000, 0x0000000510800000| Untracked 
|  33|0x0000000511000000, 0x0000000511000000, 0x0000000511800000|  0%| F|  |TAMS 0x0000000511000000, 0x0000000511000000| Untracked 
|  34|0x0000000511800000, 0x0000000511800000, 0x0000000512000000|  0%| F|  |TAMS 0x0000000511800000, 0x0000000511800000| Untracked 
|  35|0x0000000512000000, 0x0000000512000000, 0x0000000512800000|  0%| F|  |TAMS 0x0000000512000000, 0x0000000512000000| Untracked 
|  36|0x0000000512800000, 0x0000000512800000, 0x0000000513000000|  0%| F|  |TAMS 0x0000000512800000, 0x0000000512800000| Untracked 
|  37|0x0000000513000000, 0x0000000513000000, 0x0000000513800000|  0%| F|  |TAMS 0x0000000513000000, 0x0000000513000000| Untracked 
|  38|0x0000000513800000, 0x0000000513800000, 0x0000000514000000|  0%| F|  |TAMS 0x0000000513800000, 0x0000000513800000| Untracked 
|  39|0x0000000514000000, 0x0000000514000000, 0x0000000514800000|  0%| F|  |TAMS 0x0000000514000000, 0x0000000514000000| Untracked 
|  40|0x0000000514800000, 0x0000000514800000, 0x0000000515000000|  0%| F|  |TAMS 0x0000000514800000, 0x0000000514800000| Untracked 
|  41|0x0000000515000000, 0x0000000515000000, 0x0000000515800000|  0%| F|  |TAMS 0x0000000515000000, 0x0000000515000000| Untracked 
|  42|0x0000000515800000, 0x0000000515800000, 0x0000000516000000|  0%| F|  |TAMS 0x0000000515800000, 0x0000000515800000| Untracked 
|  43|0x0000000516000000, 0x0000000516000000, 0x0000000516800000|  0%| F|  |TAMS 0x0000000516000000, 0x0000000516000000| Untracked 
|  44|0x0000000516800000, 0x0000000516800000, 0x0000000517000000|  0%| F|  |TAMS 0x0000000516800000, 0x0000000516800000| Untracked 
|  45|0x0000000517000000, 0x0000000517000000, 0x0000000517800000|  0%| F|  |TAMS 0x0000000517000000, 0x0000000517000000| Untracked 
|  46|0x0000000517800000, 0x0000000517800000, 0x0000000518000000|  0%| F|  |TAMS 0x0000000517800000, 0x0000000517800000| Untracked 
|  47|0x0000000518000000, 0x0000000518000000, 0x0000000518800000|  0%| F|  |TAMS 0x0000000518000000, 0x0000000518000000| Untracked 
|  48|0x0000000518800000, 0x0000000518800000, 0x0000000519000000|  0%| F|  |TAMS 0x0000000518800000, 0x0000000518800000| Untracked 
|  49|0x0000000519000000, 0x0000000519000000, 0x0000000519800000|  0%| F|  |TAMS 0x0000000519000000, 0x0000000519000000| Untracked 
|  50|0x0000000519800000, 0x0000000519800000, 0x000000051a000000|  0%| F|  |TAMS 0x0000000519800000, 0x0000000519800000| Untracked 
|  51|0x000000051a000000, 0x000000051a000000, 0x000000051a800000|  0%| F|  |TAMS 0x000000051a000000, 0x000000051a000000| Untracked 
|  52|0x000000051a800000, 0x000000051a800000, 0x000000051b000000|  0%| F|  |TAMS 0x000000051a800000, 0x000000051a800000| Untracked 
|  53|0x000000051b000000, 0x000000051b000000, 0x000000051b800000|  0%| F|  |TAMS 0x000000051b000000, 0x000000051b000000| Untracked 
|  54|0x000000051b800000, 0x000000051b800000, 0x000000051c000000|  0%| F|  |TAMS 0x000000051b800000, 0x000000051b800000| Untracked 
|  55|0x000000051c000000, 0x000000051c000000, 0x000000051c800000|  0%| F|  |TAMS 0x000000051c000000, 0x000000051c000000| Untracked 
|  56|0x000000051c800000, 0x000000051c800000, 0x000000051d000000|  0%| F|  |TAMS 0x000000051c800000, 0x000000051c800000| Untracked 
|  57|0x000000051d000000, 0x000000051d000000, 0x000000051d800000|  0%| F|  |TAMS 0x000000051d000000, 0x000000051d000000| Untracked 
|  58|0x000000051d800000, 0x000000051d800000, 0x000000051e000000|  0%| F|  |TAMS 0x000000051d800000, 0x000000051d800000| Untracked 
|  59|0x000000051e000000, 0x000000051e000000, 0x000000051e800000|  0%| F|  |TAMS 0x000000051e000000, 0x000000051e000000| Untracked 
|  60|0x000000051e800000, 0x000000051e800000, 0x000000051f000000|  0%| F|  |TAMS 0x000000051e800000, 0x000000051e800000| Untracked 
|  61|0x000000051f000000, 0x000000051f000000, 0x000000051f800000|  0%| F|  |TAMS 0x000000051f000000, 0x000000051f000000| Untracked 
|  62|0x000000051f800000, 0x000000051f800000, 0x0000000520000000|  0%| F|  |TAMS 0x000000051f800000, 0x000000051f800000| Untracked 
|  63|0x0000000520000000, 0x0000000520800000, 0x0000000520800000|100%| E|  |TAMS 0x0000000520000000, 0x0000000520000000| Complete 
|  64|0x0000000520800000, 0x0000000521000000, 0x0000000521000000|100%| E|CS|TAMS 0x0000000520800000, 0x0000000520800000| Complete 
|  65|0x0000000521000000, 0x0000000521800000, 0x0000000521800000|100%| E|CS|TAMS 0x0000000521000000, 0x0000000521000000| Complete 
|  66|0x0000000521800000, 0x0000000522000000, 0x0000000522000000|100%| E|CS|TAMS 0x0000000521800000, 0x0000000521800000| Complete 
|  67|0x0000000522000000, 0x0000000522800000, 0x0000000522800000|100%| E|CS|TAMS 0x0000000522000000, 0x0000000522000000| Complete 
|  68|0x0000000522800000, 0x0000000523000000, 0x0000000523000000|100%| E|CS|TAMS 0x0000000522800000, 0x0000000522800000| Complete 
|  69|0x0000000523000000, 0x0000000523800000, 0x0000000523800000|100%| E|CS|TAMS 0x0000000523000000, 0x0000000523000000| Complete 
|  70|0x0000000523800000, 0x0000000524000000, 0x0000000524000000|100%| E|CS|TAMS 0x0000000523800000, 0x0000000523800000| Complete 
|  71|0x0000000524000000, 0x0000000524800000, 0x0000000524800000|100%| E|CS|TAMS 0x0000000524000000, 0x0000000524000000| Complete 
|  72|0x0000000524800000, 0x0000000525000000, 0x0000000525000000|100%| E|CS|TAMS 0x0000000524800000, 0x0000000524800000| Complete 
|  73|0x0000000525000000, 0x0000000525800000, 0x0000000525800000|100%| E|CS|TAMS 0x0000000525000000, 0x0000000525000000| Complete 
|  74|0x0000000525800000, 0x0000000526000000, 0x0000000526000000|100%| E|CS|TAMS 0x0000000525800000, 0x0000000525800000| Complete 
|  75|0x0000000526000000, 0x0000000526800000, 0x0000000526800000|100%| E|CS|TAMS 0x0000000526000000, 0x0000000526000000| Complete 
|  76|0x0000000526800000, 0x0000000527000000, 0x0000000527000000|100%| E|CS|TAMS 0x0000000526800000, 0x0000000526800000| Complete 
|  77|0x0000000527000000, 0x0000000527800000, 0x0000000527800000|100%| E|CS|TAMS 0x0000000527000000, 0x0000000527000000| Complete 
|  78|0x0000000527800000, 0x0000000528000000, 0x0000000528000000|100%| E|CS|TAMS 0x0000000527800000, 0x0000000527800000| Complete 
|  79|0x0000000528000000, 0x0000000528800000, 0x0000000528800000|100%| E|CS|TAMS 0x0000000528000000, 0x0000000528000000| Complete 
|  80|0x0000000528800000, 0x0000000529000000, 0x0000000529000000|100%| E|CS|TAMS 0x0000000528800000, 0x0000000528800000| Complete 
|  81|0x0000000529000000, 0x0000000529800000, 0x0000000529800000|100%| E|CS|TAMS 0x0000000529000000, 0x0000000529000000| Complete 
|  82|0x0000000529800000, 0x00000005299e8b38, 0x000000052a000000| 23%| S|CS|TAMS 0x0000000529800000, 0x0000000529800000| Complete 
|  83|0x000000052a000000, 0x000000052a800000, 0x000000052a800000|100%| E|CS|TAMS 0x000000052a000000, 0x000000052a000000| Complete 
|  84|0x000000052a800000, 0x000000052b000000, 0x000000052b000000|100%| E|CS|TAMS 0x000000052a800000, 0x000000052a800000| Complete 
|  85|0x000000052b000000, 0x000000052b800000, 0x000000052b800000|100%| E|CS|TAMS 0x000000052b000000, 0x000000052b000000| Complete 
|  86|0x000000052b800000, 0x000000052c000000, 0x000000052c000000|100%| E|CS|TAMS 0x000000052b800000, 0x000000052b800000| Complete 
|  87|0x000000052c000000, 0x000000052c800000, 0x000000052c800000|100%| E|CS|TAMS 0x000000052c000000, 0x000000052c000000| Complete 
|  88|0x000000052c800000, 0x000000052d000000, 0x000000052d000000|100%| E|CS|TAMS 0x000000052c800000, 0x000000052c800000| Complete 
|  89|0x000000052d000000, 0x000000052d800000, 0x000000052d800000|100%| E|CS|TAMS 0x000000052d000000, 0x000000052d000000| Complete 
|  90|0x000000052d800000, 0x000000052e000000, 0x000000052e000000|100%| E|CS|TAMS 0x000000052d800000, 0x000000052d800000| Complete 
|  91|0x000000052e000000, 0x000000052e800000, 0x000000052e800000|100%| E|CS|TAMS 0x000000052e000000, 0x000000052e000000| Complete 
|  92|0x000000052e800000, 0x000000052f000000, 0x000000052f000000|100%| E|CS|TAMS 0x000000052e800000, 0x000000052e800000| Complete 
|  93|0x000000052f000000, 0x000000052f800000, 0x000000052f800000|100%| E|CS|TAMS 0x000000052f000000, 0x000000052f000000| Complete 
|  94|0x000000052f800000, 0x0000000530000000, 0x0000000530000000|100%| E|CS|TAMS 0x000000052f800000, 0x000000052f800000| Complete 
|  95|0x0000000530000000, 0x0000000530800000, 0x0000000530800000|100%| E|CS|TAMS 0x0000000530000000, 0x0000000530000000| Complete 

Card table byte_map: [0x000001de61a90000,0x000001de63290000] _byte_map_base: 0x000001de5f28c000

Marking Bits (Prev, Next): (CMBitMap*) 0x000001de48b988d0, (CMBitMap*) 0x000001de48b98910
 Prev Bits: [0x000001de64a90000, 0x000001de70a70000)
 Next Bits: [0x000001de70a70000, 0x000001de7ca50000)

Polling page: 0x000001de482e0000

Metaspace:

Usage:
  Non-class:     11.21 MB capacity,    11.09 MB ( 99%) used,   106.63 KB ( <1%) free+waste,    18.56 KB ( <1%) overhead. 
      Class:      1.49 MB capacity,     1.43 MB ( 96%) used,    55.68 KB (  4%) free+waste,     7.31 KB ( <1%) overhead. 
       Both:     12.70 MB capacity,    12.52 MB ( 99%) used,   162.31 KB (  1%) free+waste,    25.88 KB ( <1%) overhead. 

Virtual space:
  Non-class space:       12.00 MB reserved,      11.25 MB ( 94%) committed 
      Class space:        1.00 GB reserved,       1.50 MB ( <1%) committed 
             Both:        1.01 GB reserved,      12.75 MB (  1%) committed 

Chunk freelists:
   Non-Class:  42.00 KB
       Class:  10.00 KB
        Both:  52.00 KB

MaxMetaspaceSize: 17179869184.00 GB
CompressedClassSpaceSize: 1.00 GB

CodeHeap 'non-profiled nmethods': size=120000Kb used=484Kb max_used=484Kb free=119515Kb
 bounds [0x000001de58810000, 0x000001de58a80000, 0x000001de5fd40000]
CodeHeap 'profiled nmethods': size=120000Kb used=2136Kb max_used=2136Kb free=117863Kb
 bounds [0x000001de512e0000, 0x000001de51550000, 0x000001de58810000]
CodeHeap 'non-nmethods': size=5760Kb used=1352Kb max_used=1370Kb free=4408Kb
 bounds [0x000001de50d40000, 0x000001de50fb0000, 0x000001de512e0000]
 total_blobs=2057 nmethods=1401 adapters=568
 compilation: enabled
              stopped_count=0, restarted_count=0
 full_count=0

Compilation events (20 events):
Event: 88.767 Thread 0x000001de000b6890 1392 %     3       org.netbeans.lib.profiler.server.ProfilerRuntimeSampler$Sampling::writeThreadInfo @ 154 (254 bytes)
Event: 88.767 Thread 0x000001de000b6890 nmethod 1392% 0x000001de514f3290 code [0x000001de514f3480, 0x000001de514f3a88]
Event: 88.789 Thread 0x000001de000b6890 1393       3       org.netbeans.lib.profiler.server.ProfilerRuntimeSampler$Sampling::writeThreadInfo (254 bytes)
Event: 88.789 Thread 0x000001de000b6890 nmethod 1393 0x000001de514f3e10 code [0x000001de514f4000, 0x000001de514f4548]
Event: 88.802 Thread 0x000001de000b6890 1394       3       java.util.Arrays::equals (43 bytes)
Event: 88.802 Thread 0x000001de000b6890 nmethod 1394 0x000001de514f4810 code [0x000001de514f49c0, 0x000001de514f4c68]
Event: 88.830 Thread 0x000001de000b3dd0 1395       4       java.lang.Long::hashCode (8 bytes)
Event: 88.830 Thread 0x000001de000b3dd0 nmethod 1395 0x000001de58886810 code [0x000001de58886980, 0x000001de588869d8]
Event: 88.878 Thread 0x000001de000b6890 1396       3       jdk.internal.util.ArraysSupport::vectorizedMismatch (268 bytes)
Event: 88.878 Thread 0x000001de000b6890 nmethod 1396 0x000001de514f4d90 code [0x000001de514f4f60, 0x000001de514f5358]
Event: 88.878 Thread 0x000001de000b6890 1397       3       org.netbeans.lib.profiler.server.ProfilerRuntimeSampler$Sampling::writeThreadInfoNoChange (86 bytes)
Event: 88.878 Thread 0x000001de000b6890 nmethod 1397 0x000001de514f5510 code [0x000001de514f56e0, 0x000001de514f5a08]
Event: 89.088 Thread 0x000001de000b3dd0 1398 %     4       org.netbeans.lib.profiler.server.ProfilerRuntimeSampler$Sampling::writeThreadInfo @ 154 (254 bytes)
Event: 89.105 Thread 0x000001de000b3dd0 nmethod 1398% 0x000001de58886b10 code [0x000001de58886ca0, 0x000001de58887f58]
Event: 89.109 Thread 0x000001de000b6890 1399       3       jdk.internal.util.ArraysSupport::mismatch (72 bytes)
Event: 89.109 Thread 0x000001de000b6890 nmethod 1399 0x000001de514f5b90 code [0x000001de514f5d60, 0x000001de514f6118]
Event: 89.160 Thread 0x000001de000b3dd0 1400       4       org.netbeans.lib.profiler.server.ProfilerRuntimeSampler$Sampling::writeThreadInfo (254 bytes)
Event: 89.166 Thread 0x000001de000b3dd0 nmethod 1400 0x000001de58888110 code [0x000001de588882c0, 0x000001de588888c8]
Event: 89.260 Thread 0x000001de000b3dd0 1402       4       java.lang.ThreadLocal::getMap (5 bytes)
Event: 89.260 Thread 0x000001de000b3dd0 nmethod 1402 0x000001de58888f10 code [0x000001de58889080, 0x000001de588890f8]

GC Heap History (6 events):
Event: 16.248 GC heap before
{Heap before GC invocations=0 (full 0):
 garbage-first heap   total 786432K, used 32768K [0x0000000500800000, 0x0000000800000000)
  region size 8192K, 4 young (32768K), 0 survivors (0K)
 Metaspace       used 8927K, capacity 9048K, committed 9344K, reserved 1056768K
  class space    used 1036K, capacity 1085K, committed 1152K, reserved 1048576K
}
Event: 16.250 GC heap after
{Heap after GC invocations=1 (full 0):
 garbage-first heap   total 786432K, used 1927K [0x0000000500800000, 0x0000000800000000)
  region size 8192K, 1 young (8192K), 1 survivors (8192K)
 Metaspace       used 8927K, capacity 9048K, committed 9344K, reserved 1056768K
  class space    used 1036K, capacity 1085K, committed 1152K, reserved 1048576K
}
Event: 22.703 GC heap before
{Heap before GC invocations=1 (full 0):
 garbage-first heap   total 786432K, used 34695K [0x0000000500800000, 0x0000000800000000)
  region size 8192K, 5 young (40960K), 1 survivors (8192K)
 Metaspace       used 8930K, capacity 9048K, committed 9344K, reserved 1056768K
  class space    used 1036K, capacity 1085K, committed 1152K, reserved 1048576K
}
Event: 22.705 GC heap after
{Heap after GC invocations=2 (full 0):
 garbage-first heap   total 786432K, used 2085K [0x0000000500800000, 0x0000000800000000)
  region size 8192K, 1 young (8192K), 1 survivors (8192K)
 Metaspace       used 8930K, capacity 9048K, committed 9344K, reserved 1056768K
  class space    used 1036K, capacity 1085K, committed 1152K, reserved 1048576K
}
Event: 42.134 GC heap before
{Heap before GC invocations=2 (full 0):
 garbage-first heap   total 786432K, used 100389K [0x0000000500800000, 0x0000000800000000)
  region size 8192K, 13 young (106496K), 1 survivors (8192K)
 Metaspace       used 8931K, capacity 9048K, committed 9344K, reserved 1056768K
  class space    used 1036K, capacity 1085K, committed 1152K, reserved 1048576K
}
Event: 42.136 GC heap after
{Heap after GC invocations=3 (full 0):
 garbage-first heap   total 786432K, used 1954K [0x0000000500800000, 0x0000000800000000)
  region size 8192K, 1 young (8192K), 1 survivors (8192K)
 Metaspace       used 8931K, capacity 9048K, committed 9344K, reserved 1056768K
  class space    used 1036K, capacity 1085K, committed 1152K, reserved 1048576K
}

Deoptimization events (20 events):
Event: 87.945 Thread 0x000001de00269c20 Uncommon trap: trap_request=0xffffffc6 fr.pc=0x000001de58846260 relative=0x0000000000000320
Event: 87.945 Thread 0x000001de00269c20 Uncommon trap: reason=bimorphic_or_optimized_type_check action=maybe_recompile pc=0x000001de58846260 method=java.util.HashMap.getNode(Ljava/lang/Object;)Ljava/util/HashMap$Node; @ 128 c2
Event: 87.946 Thread 0x000001de00269c20 DEOPT PACKING pc=0x000001de58846260 sp=0x0000008494dfd670
Event: 87.946 Thread 0x000001de00269c20 DEOPT UNPACKING pc=0x000001de50d8e42f sp=0x0000008494dfd5d8 mode 2
Event: 87.955 Thread 0x000001de00269c20 Uncommon trap: trap_request=0xffffff45 fr.pc=0x000001de588593b8 relative=0x0000000000002158
Event: 87.955 Thread 0x000001de00269c20 Uncommon trap: reason=unstable_if action=reinterpret pc=0x000001de588593b8 method=java.nio.charset.CharsetEncoder.encode(Ljava/nio/CharBuffer;Ljava/nio/ByteBuffer;Z)Ljava/nio/charset/CoderResult; @ 15 c2
Event: 87.955 Thread 0x000001de00269c20 DEOPT PACKING pc=0x000001de588593b8 sp=0x0000008494dfe610
Event: 87.955 Thread 0x000001de00269c20 DEOPT UNPACKING pc=0x000001de50d8e42f sp=0x0000008494dfe2b8 mode 2
Event: 88.830 Thread 0x000001de08cea710 DEOPT PACKING pc=0x000001de514f44b6 sp=0x00000084975fed60
Event: 88.830 Thread 0x000001de08cea710 DEOPT UNPACKING pc=0x000001de50d8e23f sp=0x00000084975fe218 mode 0
Event: 88.896 Thread 0x000001de08cea710 DEOPT PACKING pc=0x000001de514f44b6 sp=0x00000084975fed60
Event: 88.896 Thread 0x000001de08cea710 DEOPT UNPACKING pc=0x000001de50d8e23f sp=0x00000084975fe218 mode 0
Event: 88.958 Thread 0x000001de08cea710 DEOPT PACKING pc=0x000001de514f44b6 sp=0x00000084975fed60
Event: 88.958 Thread 0x000001de08cea710 DEOPT UNPACKING pc=0x000001de50d8e23f sp=0x00000084975fe218 mode 0
Event: 89.028 Thread 0x000001de08cea710 DEOPT PACKING pc=0x000001de514f44b6 sp=0x00000084975fed60
Event: 89.028 Thread 0x000001de08cea710 DEOPT UNPACKING pc=0x000001de50d8e23f sp=0x00000084975fe218 mode 0
Event: 89.088 Thread 0x000001de08cea710 DEOPT PACKING pc=0x000001de514f44b6 sp=0x00000084975fed60
Event: 89.088 Thread 0x000001de08cea710 DEOPT UNPACKING pc=0x000001de50d8e23f sp=0x00000084975fe218 mode 0
Event: 89.160 Thread 0x000001de08cea710 DEOPT PACKING pc=0x000001de514f44b6 sp=0x00000084975fed60
Event: 89.160 Thread 0x000001de08cea710 DEOPT UNPACKING pc=0x000001de50d8e23f sp=0x00000084975fe218 mode 0

Classes unloaded (0 events):
No events

Classes redefined (0 events):
No events

Internal exceptions (20 events):
Event: 0.102 Thread 0x000001de48b09e70 Exception <a 'java/lang/NoSuchMethodError'{0x0000000530347da8}: 'java.lang.Object java.lang.invoke.DirectMethodHandle$Holder.newInvokeSpecial(java.lang.Object, java.lang.Object, java.lang.Object, java.lang.Object, java.lang.Object)'> (0x0000000530347da8) 
thrown [./open/src/hotspot/share/interpreter/linkResolver.cpp, line 782]
Event: 0.103 Thread 0x000001de48b09e70 Exception <a 'java/lang/NoSuchMethodError'{0x0000000530353838}: 'java.lang.Object java.lang.invoke.DirectMethodHandle$Holder.invokeStatic(java.lang.Object, int, java.lang.Object, java.lang.Object, java.lang.Object, java.lang.Object)'> (0x0000000530353838) 
thrown [./open/src/hotspot/share/interpreter/linkResolver.cpp, line 782]
Event: 0.106 Thread 0x000001de48b09e70 Exception <a 'java/lang/NoSuchMethodError'{0x0000000530379ae0}: 'java.lang.Object java.lang.invoke.DirectMethodHandle$Holder.invokeStatic(java.lang.Object, int, java.lang.Object)'> (0x0000000530379ae0) 
thrown [./open/src/hotspot/share/interpreter/linkResolver.cpp, line 782]
Event: 0.123 Thread 0x000001de48b09e70 Exception <a 'java/lang/ClassNotFoundException'{0x00000005304344c0}: com/sun/swing/internal/plaf/metal/resources/spi/metalProvider> (0x00000005304344c0) 
thrown [./open/src/hotspot/share/classfile/systemDictionary.cpp, line 295]
Event: 0.124 Thread 0x000001de48b09e70 Exception <a 'java/lang/ClassNotFoundException'{0x0000000530438568}: com/sun/swing/internal/plaf/basic/resources/spi/basicProvider> (0x0000000530438568) 
thrown [./open/src/hotspot/share/classfile/systemDictionary.cpp, line 295]
Event: 0.131 Thread 0x000001de006fb820 Exception <a 'java/lang/NoSuchMethodError'{0x000000053048a5f8}: 'java.lang.Object java.lang.invoke.DirectMethodHandle$Holder.newInvokeSpecial(java.lang.Object, java.lang.Object, java.lang.Object, int, int, int, int, int)'> (0x000000053048a5f8) 
thrown [./open/src/hotspot/share/interpreter/linkResolver.cpp, line 782]
Event: 0.284 Thread 0x000001de48b09e70 Exception <a 'java/lang/NoSuchMethodError'{0x00000005305b3308}: 'void java.lang.invoke.DirectMethodHandle$Holder.invokeStaticInit(java.lang.Object)'> (0x00000005305b3308) 
thrown [./open/src/hotspot/share/interpreter/linkResolver.cpp, line 782]
Event: 0.334 Thread 0x000001de48b09e70 Exception <a 'java/lang/NoSuchMethodError'{0x00000005306a4440}: 'int java.lang.invoke.DirectMethodHandle$Holder.invokeStatic(java.lang.Object)'> (0x00000005306a4440) 
thrown [./open/src/hotspot/share/interpreter/linkResolver.cpp, line 782]
Event: 87.371 Thread 0x000001de000b1680 Exception <a 'java/lang/NoSuchMethodError'{0x000000052181ae30}: 'java.lang.Object java.lang.invoke.DirectMethodHandle$Holder.invokeInterface(java.lang.Object, java.lang.Object)'> (0x000000052181ae30) 
thrown [./open/src/hotspot/share/interpreter/linkResolver.cpp, line 782]
Event: 87.391 Thread 0x000001de00b9dc00 Exception <a 'java/lang/NoSuchMethodError'{0x000000052130a8d0}: 'void java.lang.invoke.DirectMethodHandle$Holder.invokeStatic(java.lang.Object, java.lang.Object)'> (0x000000052130a8d0) 
thrown [./open/src/hotspot/share/interpreter/linkResolver.cpp, line 782]
Event: 87.905 Thread 0x000001de00269c20 Exception <a 'java/lang/NoSuchMethodError'{0x0000000521022d00}: 'java.lang.Object java.lang.invoke.DirectMethodHandle$Holder.invokeStaticInit(java.lang.Object, java.lang.Object, java.lang.Object)'> (0x0000000521022d00) 
thrown [./open/src/hotspot/share/interpreter/linkResolver.cpp, line 782]
Event: 87.908 Thread 0x000001de00269c20 Exception <a 'java/lang/NoSuchMethodError'{0x0000000521049158}: 'int java.lang.invoke.DirectMethodHandle$Holder.invokeSpecial(java.lang.Object, java.lang.Object, java.lang.Object)'> (0x0000000521049158) 
thrown [./open/src/hotspot/share/interpreter/linkResolver.cpp, line 782]
Event: 87.912 Thread 0x000001de00269c20 Exception <a 'java/lang/NoSuchMethodError'{0x0000000521057440}: 'int java.lang.invoke.DirectMethodHandle$Holder.invokeInterface(java.lang.Object, java.lang.Object)'> (0x0000000521057440) 
thrown [./open/src/hotspot/share/interpreter/linkResolver.cpp, line 782]
Event: 87.913 Thread 0x000001de00269c20 Exception <a 'java/lang/IncompatibleClassChangeError'{0x000000052105ac38}: Found class java.lang.Object, but interface was expected> (0x000000052105ac38) 
thrown [./open/src/hotspot/share/interpreter/linkResolver.cpp, line 848]
Event: 87.947 Thread 0x000001de00269c20 Exception <a 'java/lang/NoSuchMethodError'{0x000000052119d780}: 'void java.lang.invoke.DirectMethodHandle$Holder.invokeStatic(java.lang.Object, java.lang.Object, java.lang.Object)'> (0x000000052119d780) 
thrown [./open/src/hotspot/share/interpreter/linkResolver.cpp, line 782]
Event: 87.998 Thread 0x000001de00b9dc00 Exception <a 'java/lang/VerifyError'{0x00000005213b96f0}: Stack map does not match the one at exception handler 21
Exception Details:
  Location:
    org/netbeans/lib/profiler/ConstructorTest.<init>()V @21: astore_1
  Reason:
    Current frame's flags are not assignable to stack map frame's.
  Current Frame:
    bci: @0
    flags: { flagThisUninit }
    locals: { uninitializedThis }
    stack: { 'java/lang/Throwable' }
  Stackmap Frame:
    bci: @21
    flags: { }
    locals: { top }
    stack: { 'java/lan
Event: 88.209 Thread 0x000001de00b9dc00 Exception <a 'java/lang/NoSuchMethodError'{0x00000005213d8a60}: 'void java.lang.invoke.DirectMethodHandle$Holder.invokeStaticInit(java.lang.Object, java.lang.Object)'> (0x00000005213d8a60) 
thrown [./open/src/hotspot/share/interpreter/linkResolver.cpp, line 782]
Event: 88.212 Thread 0x000001de00b9dc00 Exception <a 'java/lang/NoSuchMethodError'{0x0000000521405818}: 'java.lang.Object java.lang.invoke.DirectMethodHandle$Holder.invokeStaticInit(java.lang.Object, int, int, int, int)'> (0x0000000521405818) 
thrown [./open/src/hotspot/share/interpreter/linkResolver.cpp, line 782]
Event: 88.245 Thread 0x000001de00b9dc00 Exception <a 'java/lang/NoSuchMethodError'{0x00000005214be2d8}: 'java.lang.Object java.lang.invoke.DirectMethodHandle$Holder.invokeStaticInit(java.lang.Object, java.lang.Object, int, int, int, int)'> (0x00000005214be2d8) 
thrown [./open/src/hotspot/share/interpreter/linkResolver.cpp, line 782]
Event: 88.248 Thread 0x000001de00b9dc00 Exception <a 'java/lang/NoSuchMethodError'{0x00000005214c8f28}: 'java.lang.Object java.lang.invoke.Invokers$Holder.invoke_MT(java.lang.Object, java.lang.Object, java.lang.Object)'> (0x00000005214c8f28) 
thrown [./open/src/hotspot/share/interpreter/linkResolver.cpp, line 782]

Events (20 events):
Event: 89.194 Executing VM operation: GetAllStackTraces done
Event: 89.209 Executing VM operation: GetAllStackTraces
Event: 89.210 Executing VM operation: GetAllStackTraces done
Event: 89.226 Executing VM operation: GetAllStackTraces
Event: 89.228 Executing VM operation: GetAllStackTraces done
Event: 89.239 Executing VM operation: GetAllStackTraces
Event: 89.241 Executing VM operation: GetAllStackTraces done
Event: 89.256 Executing VM operation: GetAllStackTraces
Event: 89.257 Executing VM operation: GetAllStackTraces done
Event: 89.257 loading class org/netbeans/lib/profiler/wireprotocol/EventBufferDumpedCommand
Event: 89.257 loading class org/netbeans/lib/profiler/wireprotocol/EventBufferDumpedCommand done
Event: 89.260 Loaded shared library C:\Program Files\Java\jdk-15.0.2\bin\java.dll
Event: 89.260 loading class org/netbeans/lib/profiler/wireprotocol/DumpResultsResponse
Event: 89.260 loading class org/netbeans/lib/profiler/wireprotocol/DumpResultsResponse done
Event: 89.267 Executing VM operation: GetAllStackTraces
Event: 89.268 Executing VM operation: GetAllStackTraces done
Event: 89.268 Executing VM operation: HandshakeAllThreads
Event: 89.268 Executing VM operation: HandshakeAllThreads done
Event: 89.269 loading class org/netbeans/lib/profiler/wireprotocol/GetMethodNamesForJMethodIdsCommand
Event: 89.269 loading class org/netbeans/lib/profiler/wireprotocol/GetMethodNamesForJMethodIdsCommand done


Dynamic libraries:
0x00007ff6e4ad0000 - 0x00007ff6e4adf000 	C:\Program Files\Java\jdk-15.0.2\bin\java.exe
0x00007ffdd0c90000 - 0x00007ffdd0e85000 	C:\Windows\SYSTEM32\ntdll.dll
0x00007ffdcfc30000 - 0x00007ffdcfced000 	C:\Windows\System32\KERNEL32.DLL
0x00007ffdce8c0000 - 0x00007ffdceb88000 	C:\Windows\System32\KERNELBASE.dll
0x00007ffdce540000 - 0x00007ffdce640000 	C:\Windows\System32\ucrtbase.dll
0x00007ffdc7720000 - 0x00007ffdc7738000 	C:\Program Files\Java\jdk-15.0.2\bin\jli.dll
0x00007ffdc8e20000 - 0x00007ffdc8e39000 	C:\Program Files\Java\jdk-15.0.2\bin\VCRUNTIME140.dll
0x00007ffdced90000 - 0x00007ffdcee3c000 	C:\Windows\System32\ADVAPI32.dll
0x00007ffdcecf0000 - 0x00007ffdced8e000 	C:\Windows\System32\msvcrt.dll
0x00007ffdcfa50000 - 0x00007ffdcfaeb000 	C:\Windows\System32\sechost.dll
0x00007ffdcfdd0000 - 0x00007ffdcfefb000 	C:\Windows\System32\RPCRT4.dll
0x00007ffdcf2b0000 - 0x00007ffdcf450000 	C:\Windows\System32\USER32.dll
0x00007ffdbb1a0000 - 0x00007ffdbb43a000 	C:\Windows\WinSxS\amd64_microsoft.windows.common-controls_6595b64144ccf1df_6.0.19041.844_none_ca00b6081b84eb1d\COMCTL32.dll
0x00007ffdce890000 - 0x00007ffdce8b2000 	C:\Windows\System32\win32u.dll
0x00007ffdd0b00000 - 0x00007ffdd0b2a000 	C:\Windows\System32\GDI32.dll
0x00007ffdce430000 - 0x00007ffdce53b000 	C:\Windows\System32\gdi32full.dll
0x00007ffdce740000 - 0x00007ffdce7dd000 	C:\Windows\System32\msvcp_win.dll
0x00007ffdc6d40000 - 0x00007ffdc6d4a000 	C:\Windows\SYSTEM32\VERSION.dll
0x00007ffdcf500000 - 0x00007ffdcf530000 	C:\Windows\System32\IMM32.DLL
0x00007ffdca360000 - 0x00007ffdca36c000 	C:\Program Files\Java\jdk-15.0.2\bin\vcruntime140_1.dll
0x00007ffdc3340000 - 0x00007ffdc33d1000 	C:\Program Files\Java\jdk-15.0.2\bin\msvcp140.dll
0x00007ffd8e760000 - 0x00007ffd8f2be000 	C:\Program Files\Java\jdk-15.0.2\bin\server\jvm.dll
0x00007ffdd0b90000 - 0x00007ffdd0b98000 	C:\Windows\System32\PSAPI.DLL
0x00007ffdb9d50000 - 0x00007ffdb9d59000 	C:\Windows\SYSTEM32\WSOCK32.dll
0x00007ffdc22b0000 - 0x00007ffdc22d7000 	C:\Windows\SYSTEM32\WINMM.dll
0x00007ffdd09c0000 - 0x00007ffdd0a2b000 	C:\Windows\System32\WS2_32.dll
0x00007ffdcc250000 - 0x00007ffdcc262000 	C:\Windows\SYSTEM32\kernel.appcore.dll
0x00007ffdc9b80000 - 0x00007ffdc9b8a000 	C:\Program Files\Java\jdk-15.0.2\bin\jimage.dll
0x00007ffdb9dc0000 - 0x00007ffdb9fa4000 	C:\Windows\SYSTEM32\DBGHELP.DLL
0x00007ffdb7f30000 - 0x00007ffdb7f5c000 	C:\Windows\SYSTEM32\dbgcore.DLL
0x00007ffdce690000 - 0x00007ffdce710000 	C:\Windows\System32\bcryptPrimitives.dll
0x00007ffdc78b0000 - 0x00007ffdc78d5000 	C:\Program Files\Java\jdk-15.0.2\bin\java.dll
0x00007ffdd0060000 - 0x00007ffdd07a2000 	C:\Windows\System32\SHELL32.dll
0x00007ffdcc530000 - 0x00007ffdcccc1000 	C:\Windows\SYSTEM32\windows.storage.dll
0x00007ffdcf530000 - 0x00007ffdcf885000 	C:\Windows\System32\combase.dll
0x00007ffdcde40000 - 0x00007ffdcde6c000 	C:\Windows\SYSTEM32\Wldp.dll
0x00007ffdd0ba0000 - 0x00007ffdd0c4e000 	C:\Windows\System32\SHCORE.dll
0x00007ffdd0960000 - 0x00007ffdd09b5000 	C:\Windows\System32\shlwapi.dll
0x00007ffdce310000 - 0x00007ffdce32f000 	C:\Windows\SYSTEM32\profapi.dll
0x00007ffda3940000 - 0x00007ffda3ac0000 	C:\Program Files\Java\jdk-15.0.2\bin\awt.dll
0x00007ffdd0a30000 - 0x00007ffdd0afd000 	C:\Windows\System32\OLEAUT32.dll
0x00007ffdcbcb0000 - 0x00007ffdcbd40000 	C:\Windows\SYSTEM32\apphelp.dll
0x00007ffdcbe70000 - 0x00007ffdcbf0e000 	C:\Windows\system32\uxtheme.dll
0x00007ffdcf930000 - 0x00007ffdcfa45000 	C:\Windows\System32\MSCTF.dll
0x00007ffdcfaf0000 - 0x00007ffdcfc1a000 	C:\Windows\System32\ole32.dll
0x00007ffdcc220000 - 0x00007ffdcc24f000 	C:\Windows\system32\DWMAPI.DLL
0x00007ffdc7930000 - 0x00007ffdc7948000 	C:\Program Files\Java\jdk-15.0.2\bin\zip.dll
0x00007ffdc2d30000 - 0x00007ffdc2db5000 	C:\Program Files\Java\jdk-15.0.2\bin\freetype.dll
0x00007ffdc20d0000 - 0x00007ffdc2179000 	C:\Program Files\Java\jdk-15.0.2\bin\fontmanager.dll
0x00007ffd944e0000 - 0x00007ffd94606000 	C:\Windows\system32\opengl32.dll
0x00007ffda3c50000 - 0x00007ffda3c7c000 	C:\Windows\SYSTEM32\GLU32.dll
0x00007ffdc5420000 - 0x00007ffdc55ee000 	C:\Windows\system32\d3d9.dll
0x00007ffdc4080000 - 0x00007ffdc4182000 	C:\Windows\System32\DriverStore\FileRepository\nv_dispi.inf_amd64_1c83a5d7cffd7bff\nvldumdx.dll
0x00007ffdcdfc0000 - 0x00007ffdcdfd2000 	C:\Windows\SYSTEM32\msasn1.dll
0x00007ffdc6c10000 - 0x00007ffdc6c41000 	C:\Windows\SYSTEM32\cryptnet.dll
0x00007ffdceb90000 - 0x00007ffdcecef000 	C:\Windows\System32\CRYPT32.dll
0x00007ffdcdd80000 - 0x00007ffdcdd8c000 	C:\Windows\SYSTEM32\cryptbase.dll
0x00007ffdce3d0000 - 0x00007ffdce430000 	C:\Windows\System32\WINTRUST.DLL
0x00007ffdcff60000 - 0x00007ffdcff7d000 	C:\Windows\System32\imagehlp.dll
0x00007ffdcdd90000 - 0x00007ffdcdda8000 	C:\Windows\SYSTEM32\CRYPTSP.dll
0x00007ffdcd4e0000 - 0x00007ffdcd514000 	C:\Windows\system32\rsaenh.dll
0x00007ffdce710000 - 0x00007ffdce737000 	C:\Windows\System32\bcrypt.dll
0x00007ffd82260000 - 0x00007ffd83c7b000 	C:\Windows\System32\DriverStore\FileRepository\nv_dispi.inf_amd64_1c83a5d7cffd7bff\nvd3dumx.dll
0x00007ffdccce0000 - 0x00007ffdccd03000 	C:\Windows\SYSTEM32\gpapi.dll
0x00007ffdc5010000 - 0x00007ffdc504b000 	C:\Windows\SYSTEM32\dxcore.dll
0x00007ffdce640000 - 0x00007ffdce68e000 	C:\Windows\System32\cfgmgr32.dll
0x00007ffdc8860000 - 0x00007ffdc8879000 	C:\Program Files\Java\jdk-15.0.2\bin\net.dll
0x00007ffdc1eb0000 - 0x00007ffdc1fbb000 	C:\Windows\SYSTEM32\WINHTTP.dll
0x00007ffdcdbb0000 - 0x00007ffdcdc1a000 	C:\Windows\system32\mswsock.dll
0x00007ffdc7cf0000 - 0x00007ffdc7d02000 	C:\Program Files\Java\jdk-15.0.2\bin\nio.dll
0x00007ffdcf450000 - 0x00007ffdcf4f9000 	C:\Windows\System32\clbcatq.dll
0x00007ffdc7f00000 - 0x00007ffdc80b4000 	C:\Windows\SYSTEM32\WindowsCodecs.dll
0x00007ffdc1cc0000 - 0x00007ffdc1cfe000 	C:\Windows\system32\dataexchange.dll
0x00007ffdca510000 - 0x00007ffdca774000 	C:\Windows\system32\d3d11.dll
0x00007ffdcb1a0000 - 0x00007ffdcb385000 	C:\Windows\system32\dcomp.dll
0x00007ffdccd10000 - 0x00007ffdcce03000 	C:\Windows\system32\dxgi.dll
0x00007ffdc8170000 - 0x00007ffdc8371000 	C:\Windows\system32\twinapi.appcore.dll
0x00007ffdb8960000 - 0x00007ffdb8a59000 	C:\Windows\SYSTEM32\textinputframework.dll
0x00007ffdcb390000 - 0x00007ffdcb6ee000 	C:\Windows\System32\CoreUIComponents.dll
0x00007ffdcba70000 - 0x00007ffdcbb62000 	C:\Windows\System32\CoreMessaging.dll
0x00007ffdca3b0000 - 0x00007ffdca504000 	C:\Windows\SYSTEM32\wintypes.dll
0x00007ffdcd110000 - 0x00007ffdcd143000 	C:\Windows\SYSTEM32\ntmarta.dll
0x00007ffdc44e0000 - 0x00007ffdc44ee000 	C:\Program Files\Java\jdk-15.0.2\bin\instrument.dll
0x00007ffdc43a0000 - 0x00007ffdc43af000 	D:\Program Files\NetBeans-12.3\netbeans\profiler\lib\deployed\jdk16\windows-amd64\profilerinterface.dll
0x00007ffdca3a0000 - 0x00007ffdca3a9000 	C:\Program Files\Java\jdk-15.0.2\bin\management.dll
0x00007ffdca320000 - 0x00007ffdca32b000 	C:\Program Files\Java\jdk-15.0.2\bin\management_ext.dll
0x00007ffdce2d0000 - 0x00007ffdce2fe000 	C:\Windows\SYSTEM32\USERENV.dll
0x00007ffdcd850000 - 0x00007ffdcd88b000 	C:\Windows\SYSTEM32\IPHLPAPI.DLL
0x00007ffdcfc20000 - 0x00007ffdcfc28000 	C:\Windows\System32\NSI.dll
0x00007ffdc6d90000 - 0x00007ffdc6da7000 	C:\Windows\SYSTEM32\dhcpcsvc6.DLL
0x00007ffdc6d50000 - 0x00007ffdc6d6d000 	C:\Windows\SYSTEM32\dhcpcsvc.DLL
0x00007ffdcd890000 - 0x00007ffdcd95c000 	C:\Windows\SYSTEM32\DNSAPI.dll

dbghelp: loaded successfully - version: 4.0.5 - missing functions: none
symbol engine: initialized successfully - sym options: 0x614 - pdb path: .;C:\Program Files\Java\jdk-15.0.2\bin;C:\Windows\SYSTEM32;C:\Windows\WinSxS\amd64_microsoft.windows.common-controls_6595b64144ccf1df_6.0.19041.844_none_ca00b6081b84eb1d;C:\Program Files\Java\jdk-15.0.2\bin\server;C:\Windows\System32\DriverStore\FileRepository\nv_dispi.inf_amd64_1c83a5d7cffd7bff;D:\Program Files\NetBeans-12.3\netbeans\profiler\lib\deployed\jdk16\windows-amd64

VM Arguments:
java_command: iek.agdimitr.ackermannfunction.AckermannMain
java_class_path (initial): D:\Users\User\Documents\NetBeansProjects\AckermannFunction\target\classes
Launcher Type: SUN_STANDARD

[Global flags]
     intx CICompilerCount                          = 4                                         {product} {ergonomic}
     uint ConcGCThreads                            = 3                                         {product} {ergonomic}
     uint G1ConcRefinementThreads                  = 10                                        {product} {ergonomic}
   size_t G1HeapRegionSize                         = 8388608                                   {product} {ergonomic}
    uintx GCDrainStackTargetSize                   = 64                                        {product} {ergonomic}
   size_t InitialHeapSize                          = 805306368                                 {product} {ergonomic}
   size_t MarkStackSize                            = 4194304                                   {product} {ergonomic}
   size_t MaxHeapSize                              = 12876513280                               {product} {ergonomic}
   size_t MaxNewSize                               = 7725907968                                {product} {ergonomic}
   size_t MinHeapDeltaBytes                        = 8388608                                   {product} {ergonomic}
   size_t MinHeapSize                              = 8388608                                   {product} {ergonomic}
    uintx NonNMethodCodeHeapSize                   = 5839372                                {pd product} {ergonomic}
    uintx NonProfiledCodeHeapSize                  = 122909434                              {pd product} {ergonomic}
    uintx ProfiledCodeHeapSize                     = 122909434                              {pd product} {ergonomic}
    uintx ReservedCodeCacheSize                    = 251658240                              {pd product} {ergonomic}
     bool SegmentedCodeCache                       = true                                      {product} {ergonomic}
   size_t SoftMaxHeapSize                          = 12876513280                            {manageable} {ergonomic}
     bool UseCompressedClassPointers               = true                                 {lp64_product} {ergonomic}
     bool UseCompressedOops                        = true                                 {lp64_product} {ergonomic}
     bool UseG1GC                                  = true                                      {product} {ergonomic}
     bool UseLargePagesIndividualAllocation        = false                                  {pd product} {ergonomic}

Logging:
Log output configuration:
 #0: stdout all=warning uptime,level,tags
 #1: stderr all=off uptime,level,tags

Environment Variables:
JAVA_HOME=C:\Program Files\Java\jdk-15.0.2
CLASSPATH=D:\Program Files\NetBeans-12.3\netbeans\java\maven\lib\ext
PATH=C:\Program Files\Common Files\Oracle\Java\javapath;C:\Program Files\Java\jdk-15.0.2\bin;C:\Windows\system32;C:\Windows;C:\Windows\System32\Wbem;C:\Windows\System32\WindowsPowerShell\v1.0\;C:\Windows\System32\OpenSSH\;C:\Program Files (x86)\NVIDIA Corporation\PhysX\Common;C:\Program Files\PuTTY\;C:\Program Files\Microsoft VS Code\bin;C:\Program Files\Git\cmd;C:\Program Files\Java\jdk-15.0.2;C:\Users\User\AppData\Local\Microsoft\WindowsApps;
USERNAME=User
OS=Windows_NT
PROCESSOR_IDENTIFIER=Intel64 Family 6 Model 158 Stepping 10, GenuineIntel



---------------  S Y S T E M  ---------------

OS:
 Windows 10 , 64 bit Build 19041 (10.0.19041.928)
OS uptime: 1 days 2:34 hours

CPU: total 12 (initial active 12) (6 cores per cpu, 2 threads per core) family 6 model 158 stepping 10 microcode 0xde, cmov, cx8, fxsr, mmx, sse, sse2, sse3, ssse3, sse4.1, sse4.2, popcnt, vzeroupper, avx, avx2, aes, clmul, erms, rtm, 3dnowpref, lzcnt, ht, tsc, tscinvbit, bmi1, bmi2, adx, fma, clflush, clflushopt

Memory: 4k page, system-wide physical 49099M (39536M free)
TotalPageFile size 111099M (AvailPageFile size 98545M)
current process WorkingSet (physical memory assigned to process): 339M, peak: 339M
current process commit charge ("private bytes"): 937M, peak: 940M

vm_info: Java HotSpot(TM) 64-Bit Server VM (15.0.2+7-27) for windows-amd64 JRE (15.0.2+7-27), built on Dec  7 2020 20:07:01 by "mach5one" with unknown MS VC++:1925

END.
