#
# A fatal error has been detected by the Java Runtime Environment:
#
#  EXCEPTION_ACCESS_VIOLATION (0xc0000005) at pc=0x00007ffd8ed3c49b, pid=8024, tid=19932
#
# JRE version: Java(TM) SE Runtime Environment (15.0.2+7) (build 15.0.2+7-27)
# Java VM: Java HotSpot(TM) 64-Bit Server VM (15.0.2+7-27, mixed mode, sharing, tiered, compressed oops, g1 gc, windows-amd64)
# Problematic frame:
# V  [jvm.dll+0x5dc49b]
#
# No core dump will be written. Minidumps are not enabled by default on client versions of Windows
#
# If you would like to submit a bug report, please visit:
#   https://bugreport.java.com/bugreport/crash.jsp
#

---------------  S U M M A R Y ------------

Command Line: iek.agdimitr.ackermannfunction.AckermannMain

Host: Intel(R) Core(TM) i7-8700 CPU @ 3.20GHz, 12 cores, 47G,  Windows 10 , 64 bit Build 19041 (10.0.19041.928)
Time: Sun May  9 18:25:05 2021 GTB Daylight Time elapsed time: 7.897100 seconds (0d 0h 0m 7s)

---------------  T H R E A D  ---------------

Current thread (0x000002148d0dd070):  JavaThread "*** Profiler Agent Communication Thread" daemon [_thread_in_vm, id=19932, stack(0x000000355d710000,0x000000355d810000)]

Stack: [0x000000355d710000,0x000000355d810000],  sp=0x000000355d80ef50,  free space=1019k
Native frames: (J=compiled Java code, j=interpreted, Vv=VM code, C=native code)
V  [jvm.dll+0x5dc49b]
V  [jvm.dll+0x49bc6b]
C  [profilerinterface.dll+0x34da]

Java frames: (J=compiled Java code, j=interpreted, Vv=VM code)
j  org.netbeans.lib.profiler.server.system.Stacks.getMethodNamesForJMethodIds(I[I[I)[B+0
j  org.netbeans.lib.profiler.server.ProfilerInterface.getMethodNamesForJMethodIds([I)Lorg/netbeans/lib/profiler/wireprotocol/MethodNamesResponse;+20
j  org.netbeans.lib.profiler.server.ProfilerServer.handleClientCommand(Lorg/netbeans/lib/profiler/wireprotocol/Command;)V+691
j  org.netbeans.lib.profiler.server.ProfilerServer.listenToClient()V+48
j  org.netbeans.lib.profiler.server.ProfilerServer.run()V+22
v  ~StubRoutines::call_stub

siginfo: EXCEPTION_ACCESS_VIOLATION (0xc0000005), reading address 0xffffffff95892e88


Register to memory mapping:

RIP=0x00007ffd8ed3c49b jvm.dll
RAX=0x000000355d80ef01 is pointing into the stack for thread: 0x000002148d0dd070
RBX=0x000002148d0dd070 is a thread
RCX=0xffffffff95892e88 is an unknown value
RDX=0x000002148d0dd070 is a thread
RSP=0x000000355d80ef50 is pointing into the stack for thread: 0x000002148d0dd070
RBP=0xffffffff95892e88 is an unknown value
RSI=0x000000355d80f070 is pointing into the stack for thread: 0x000002148d0dd070
RDI=0x00000214d5897c30 points into unknown readable memory: 0x00007ffd8f16b970 | 70 b9 16 8f fd 7f 00 00
R8 =0x000000355d80f070 is pointing into the stack for thread: 0x000002148d0dd070
R9 =0x000000000000021c is an unknown value
R10=0x0 is NULL
R11=0x000000355d80ef48 is pointing into the stack for thread: 0x000002148d0dd070
R12=0x000002149588bae0 points into unknown readable memory: 0x15892cc015892e88 | 88 2e 89 15 c0 2c 89 15
R13=0x000000000000002f is an unknown value
R14=0x00007ffdc1d19c68 profilerinterface.dll
R15=0x00007ffdc1d19a60 profilerinterface.dll


Registers:
RAX=0x000000355d80ef01, RBX=0x000002148d0dd070, RCX=0xffffffff95892e88, RDX=0x000002148d0dd070
RSP=0x000000355d80ef50, RBP=0xffffffff95892e88, RSI=0x000000355d80f070, RDI=0x00000214d5897c30
R8 =0x000000355d80f070, R9 =0x000000000000021c, R10=0x0000000000000000, R11=0x000000355d80ef48
R12=0x000002149588bae0, R13=0x000000000000002f, R14=0x00007ffdc1d19c68, R15=0x00007ffdc1d19a60
RIP=0x00007ffd8ed3c49b, EFLAGS=0x0000000000010286

Top of Stack: (sp=0x000000355d80ef50)
0x000000355d80ef50:   000000000000002f 000002149588bae0
0x000000355d80ef60:   000002148d0dd070 000000355d80f128
0x000000355d80ef70:   000002148d0dd070 00007ffd8ebfbc6b
0x000000355d80ef80:   0000000000000758 000002148d0dd070
0x000000355d80ef90:   000002148d0dd398 00007ffdced09d40
0x000000355d80efa0:   000002148d0dd070 0000000000000000
0x000000355d80efb0:   0000021400000000 0000000000000000
0x000000355d80efc0:   ffffffff95892e88 00007ffdc1d134da
0x000000355d80efd0:   0000000000000000 000002148d0dd398
0x000000355d80efe0:   0000000000000001 00000214968819c8
0x000000355d80eff0:   000002149588bae0 00007ffd8eaac687
0x000000355d80f000:   000000000001bb5b 00000214ddafe81f
0x000000355d80f010:   000002148d0dd070 0000000000000001
0x000000355d80f020:   00000214968819c8 000002148d0dd070
0x000000355d80f030:   000002148d0dd070 00000214968819c8
0x000000355d80f040:   0000000000000000 00000214ddad9c90 

Instructions: (pc=0x00007ffd8ed3c49b)
0x00007ffd8ed3c39b:   00 00 4d 85 f6 74 3c 49 8b 06 49 8b ce 48 89 7c
0x00007ffd8ed3c3ab:   24 38 ff 50 30 49 8b 16 49 8b ce 48 63 d8 ff 52
0x00007ffd8ed3c3bb:   08 48 8b cd 0f b6 f8 e8 b9 ce be ff 48 8b c8 44
0x00007ffd8ed3c3cb:   0f b6 cf 4c 8b c3 49 8b d6 e8 57 44 ff ff 48 8b
0x00007ffd8ed3c3db:   7c 24 38 48 8b 6c 24 58 80 3d 79 6c 4a 00 00 74
0x00007ffd8ed3c3eb:   18 48 8b 4c 24 20 48 8b d6 e8 a7 26 00 00 48 83
0x00007ffd8ed3c3fb:   7e 08 00 74 04 33 db eb 09 48 8b 44 24 20 48 8b
0x00007ffd8ed3c40b:   58 18 48 8d 4c 24 20 e8 99 80 d3 ff 4c 8b 74 24
0x00007ffd8ed3c41b:   30 48 8b c3 48 8b 5c 24 50 48 83 c4 40 5e c3 cc
0x00007ffd8ed3c42b:   cc cc cc cc cc 48 8b 51 08 4c 8b c1 48 8b 42 08
0x00007ffd8ed3c43b:   0f b6 52 24 c0 ea 06 48 8b 48 18 8b 81 a4 00 00
0x00007ffd8ed3c44b:   00 f6 c2 01 75 27 48 85 c9 74 14 8b c8 c1 e9 09
0x00007ffd8ed3c45b:   f6 c1 01 74 0a 41 f7 40 20 02 04 00 00 74 0e 41
0x00007ffd8ed3c46b:   8b 48 20 0b c8 f6 c1 10 74 03 b0 01 c3 41 83 78
0x00007ffd8ed3c47b:   24 fe 0f 94 c0 c3 cc cc cc cc cc cc cc cc cc cc
0x00007ffd8ed3c48b:   cc cc cc cc cc 40 53 48 83 ec 20 48 85 c9 74 24
0x00007ffd8ed3c49b:   48 8b 19 48 85 db 74 1c 48 83 fb 37 74 16 48 8b
0x00007ffd8ed3c4ab:   13 48 8b cb ff 52 10 84 c0 74 09 48 8b c3 48 83
0x00007ffd8ed3c4bb:   c4 20 5b c3 33 c0 48 83 c4 20 5b c3 cc cc cc cc
0x00007ffd8ed3c4cb:   cc cc cc cc cc 40 53 55 41 56 41 57 48 83 ec 28
0x00007ffd8ed3c4db:   48 8b 41 08 33 ed 4c 8b f1 48 8b 50 08 4c 8b 7a
0x00007ffd8ed3c4eb:   18 49 8b 9f 70 01 00 00 48 85 db 0f 84 e5 00 00
0x00007ffd8ed3c4fb:   00 8b 15 ca 39 4f 00 65 48 8b 04 25 58 00 00 00
0x00007ffd8ed3c50b:   48 89 74 24 50 4c 89 64 24 60 4c 89 6c 24 20 41
0x00007ffd8ed3c51b:   bd ff ff 00 00 4c 8d 24 d0 41 b8 40 00 00 00 48
0x00007ffd8ed3c52b:   89 7c 24 58 90 49 8b 56 08 48 8b 73 10 0f b7 42
0x00007ffd8ed3c53b:   2a 66 39 43 08 75 7c 0f b7 42 2c 66 39 43 0a 75
0x00007ffd8ed3c54b:   72 0f b6 03 48 63 4b 04 49 8b 3c 24 88 44 11 38
0x00007ffd8ed3c55b:   41 8b c0 80 3c 38 00 75 05 e8 a3 c5 1f 00 b8 08
0x00007ffd8ed3c56b:   00 00 00 49 8b ce 48 8b 3c 38 48 8b d7 e8 53 2a
0x00007ffd8ed3c57b:   bc ff 48 83 7f 08 00 75 0a 48 85 c0 74 05 66 44
0x00007ffd8ed3c58b:   01 68 16 48 85 ed 74 14 48 8b cb 48 89 75 10 e8 


Stack slot to memory mapping:
stack at sp + 0 slots: 0x000000000000002f is an unknown value
stack at sp + 1 slots: 0x000002149588bae0 points into unknown readable memory: 0x15892cc015892e88 | 88 2e 89 15 c0 2c 89 15
stack at sp + 2 slots: 0x000002148d0dd070 is a thread
stack at sp + 3 slots: 0x000000355d80f128 is pointing into the stack for thread: 0x000002148d0dd070
stack at sp + 4 slots: 0x000002148d0dd070 is a thread
stack at sp + 5 slots: 0x00007ffd8ebfbc6b jvm.dll
stack at sp + 6 slots: 0x0000000000000758 is an unknown value
stack at sp + 7 slots: 0x000002148d0dd070 is a thread


---------------  P R O C E S S  ---------------

Threads class SMR info:
_java_thread_list=0x000002148da6f510, length=21, elements={
0x00000214d5896770, 0x000002148cda49b0, 0x000002148cda5480, 0x000002148cdbefa0,
0x000002148cdc1960, 0x000002148cdc3320, 0x000002148cdc7020, 0x000002148cdeafd0,
0x000002148cdeb9c0, 0x000002148cf106a0, 0x000002148cf210a0, 0x000002148d39a010,
0x000002148d3ba990, 0x000002148d3bae60, 0x000002148d8ccc00, 0x000002148d9d0080,
0x000002148da50570, 0x000002148d0dd070, 0x000002148d034060, 0x000002148d090260,
0x000002148d08ea50
}

Java Threads: ( => current thread )
  0x00000214d5896770 JavaThread "main" [_thread_blocked, id=19644, stack(0x000000355b900000,0x000000355ba00000)]
  0x000002148cda49b0 JavaThread "Reference Handler" daemon [_thread_blocked, id=18792, stack(0x000000355c000000,0x000000355c100000)]
  0x000002148cda5480 JavaThread "Finalizer" daemon [_thread_blocked, id=17708, stack(0x000000355c100000,0x000000355c200000)]
  0x000002148cdbefa0 JavaThread "Signal Dispatcher" daemon [_thread_blocked, id=1244, stack(0x000000355c200000,0x000000355c300000)]
  0x000002148cdc1960 JavaThread "Attach Listener" daemon [_thread_blocked, id=6924, stack(0x000000355c300000,0x000000355c400000)]
  0x000002148cdc3320 JavaThread "Service Thread" daemon [_thread_blocked, id=19076, stack(0x000000355c400000,0x000000355c500000)]
  0x000002148cdc7020 JavaThread "C2 CompilerThread0" daemon [_thread_blocked, id=20412, stack(0x000000355c500000,0x000000355c600000)]
  0x000002148cdeafd0 JavaThread "C1 CompilerThread0" daemon [_thread_blocked, id=6704, stack(0x000000355c600000,0x000000355c700000)]
  0x000002148cdeb9c0 JavaThread "Sweeper thread" daemon [_thread_blocked, id=15500, stack(0x000000355c700000,0x000000355c800000)]
  0x000002148cf106a0 JavaThread "Notification Thread" daemon [_thread_blocked, id=2492, stack(0x000000355c800000,0x000000355c900000)]
  0x000002148cf210a0 JavaThread "Common-Cleaner" daemon [_thread_blocked, id=18812, stack(0x000000355ca00000,0x000000355cb00000)]
  0x000002148d39a010 JavaThread "Java2D Disposer" daemon [_thread_blocked, id=19344, stack(0x000000355cb00000,0x000000355cc00000)]
  0x000002148d3ba990 JavaThread "AWT-Shutdown" [_thread_blocked, id=10532, stack(0x000000355cc00000,0x000000355cd00000)]
  0x000002148d3bae60 JavaThread "AWT-Windows" daemon [_thread_in_native, id=8448, stack(0x000000355cd00000,0x000000355ce00000)]
  0x000002148d8ccc00 JavaThread "AWT-EventQueue-0" [_thread_blocked, id=14040, stack(0x000000355d100000,0x000000355d200000)]
  0x000002148d9d0080 JavaThread "D3D Screen Updater" daemon [_thread_blocked, id=16224, stack(0x000000355d500000,0x000000355d600000)]
  0x000002148da50570 JavaThread "TimerQueue" daemon [_thread_blocked, id=9996, stack(0x000000355d600000,0x000000355d700000)]
=>0x000002148d0dd070 JavaThread "*** Profiler Agent Communication Thread" daemon [_thread_in_vm, id=19932, stack(0x000000355d710000,0x000000355d810000)]
  0x000002148d034060 JavaThread "*** JFluid Monitor thread ***" daemon [_thread_blocked, id=18788, stack(0x000000355d810000,0x000000355d910000)]
  0x000002148d090260 JavaThread "*** Profiler Agent Special Execution Thread 6" daemon [_thread_blocked, id=18984, stack(0x000000355d910000,0x000000355da10000)]
  0x000002148d08ea50 JavaThread "*** Profiler Agent Special Execution Thread 10" daemon [_thread_blocked, id=19192, stack(0x000000355da10000,0x000000355db10000)]

Other Threads:
  0x000002148cda3230 VMThread "VM Thread" [stack: 0x000000355bf00000,0x000000355c000000] [id=944] _threads_hazard_ptr=0x000002148da6f510
  0x000002148cf1d5c0 WatcherThread [stack: 0x000000355c900000,0x000000355ca00000] [id=14500]
  0x00000214d5929ad0 GCTaskThread "GC Thread#0" [stack: 0x000000355ba00000,0x000000355bb00000] [id=17716]
  0x00000214d5937b80 ConcurrentGCThread "G1 Main Marker" [stack: 0x000000355bb00000,0x000000355bc00000] [id=4396]
  0x00000214d5938670 ConcurrentGCThread "G1 Conc#0" [stack: 0x000000355bc00000,0x000000355bd00000] [id=14824]
  0x00000214d596e850 ConcurrentGCThread "G1 Refine#0" [stack: 0x000000355bd00000,0x000000355be00000] [id=6824]
  0x000002148c41c3c0 ConcurrentGCThread "G1 Young RemSet Sampling" [stack: 0x000000355be00000,0x000000355bf00000] [id=19144]

Threads with active compile tasks:

VM state: synchronizing (normal execution)

VM Mutex/Monitor currently owned by a thread:  ([mutex/lock_event])
[0x00000214d5892990] Threads_lock - owner thread: 0x000002148cda3230

Heap address: 0x0000000500800000, size: 12280 MB, Compressed Oops mode: Zero based, Oop shift amount: 3
CDS archive(s) mapped at: [0x0000000800000000-0x0000000800b50000-0x0000000800b50000), size 11862016, SharedBaseAddress: 0x0000000800000000, ArchiveRelocationMode: 0.
Compressed class space mapped at: 0x0000000800b50000-0x0000000840b50000, size: 1073741824
Narrow klass base: 0x0000000800000000, Narrow klass shift: 3, Narrow klass range: 0x100000000

GC Precious Log:
 CPUs: 12 total, 12 available
 Memory: 49099M
 Large Page Support: Disabled
 NUMA Support: Disabled
 Compressed Oops: Enabled (Zero based)
 Heap Region Size: 8M
 Heap Min Capacity: 8M
 Heap Initial Capacity: 768M
 Heap Max Capacity: 12280M
 Pre-touch: Disabled
 Parallel Workers: 10
 Concurrent Workers: 3
 Concurrent Refinement Workers: 10
 Periodic GC: Disabled

Heap:
 garbage-first heap   total 786432K, used 16384K [0x0000000500800000, 0x0000000800000000)
  region size 8192K, 3 young (24576K), 0 survivors (0K)
 Metaspace       used 12462K, capacity 12613K, committed 12800K, reserved 1060864K
  class space    used 1414K, capacity 1462K, committed 1536K, reserved 1048576K

Heap Regions: E=young(eden), S=young(survivor), O=old, HS=humongous(starts), HC=humongous(continues), CS=collection set, F=free, OA=open archive, CA=closed archive, TAMS=top-at-mark-start (previous, next)
|   0|0x0000000500800000, 0x0000000500800000, 0x0000000501000000|  0%| F|  |TAMS 0x0000000500800000, 0x0000000500800000| Untracked 
|   1|0x0000000501000000, 0x0000000501000000, 0x0000000501800000|  0%| F|  |TAMS 0x0000000501000000, 0x0000000501000000| Untracked 
|   2|0x0000000501800000, 0x0000000501800000, 0x0000000502000000|  0%| F|  |TAMS 0x0000000501800000, 0x0000000501800000| Untracked 
|   3|0x0000000502000000, 0x0000000502000000, 0x0000000502800000|  0%| F|  |TAMS 0x0000000502000000, 0x0000000502000000| Untracked 
|   4|0x0000000502800000, 0x0000000502800000, 0x0000000503000000|  0%| F|  |TAMS 0x0000000502800000, 0x0000000502800000| Untracked 
|   5|0x0000000503000000, 0x0000000503000000, 0x0000000503800000|  0%| F|  |TAMS 0x0000000503000000, 0x0000000503000000| Untracked 
|   6|0x0000000503800000, 0x0000000503800000, 0x0000000504000000|  0%| F|  |TAMS 0x0000000503800000, 0x0000000503800000| Untracked 
|   7|0x0000000504000000, 0x0000000504000000, 0x0000000504800000|  0%| F|  |TAMS 0x0000000504000000, 0x0000000504000000| Untracked 
|   8|0x0000000504800000, 0x0000000504800000, 0x0000000505000000|  0%| F|  |TAMS 0x0000000504800000, 0x0000000504800000| Untracked 
|   9|0x0000000505000000, 0x0000000505000000, 0x0000000505800000|  0%| F|  |TAMS 0x0000000505000000, 0x0000000505000000| Untracked 
|  10|0x0000000505800000, 0x0000000505800000, 0x0000000506000000|  0%| F|  |TAMS 0x0000000505800000, 0x0000000505800000| Untracked 
|  11|0x0000000506000000, 0x0000000506000000, 0x0000000506800000|  0%| F|  |TAMS 0x0000000506000000, 0x0000000506000000| Untracked 
|  12|0x0000000506800000, 0x0000000506800000, 0x0000000507000000|  0%| F|  |TAMS 0x0000000506800000, 0x0000000506800000| Untracked 
|  13|0x0000000507000000, 0x0000000507000000, 0x0000000507800000|  0%| F|  |TAMS 0x0000000507000000, 0x0000000507000000| Untracked 
|  14|0x0000000507800000, 0x0000000507800000, 0x0000000508000000|  0%| F|  |TAMS 0x0000000507800000, 0x0000000507800000| Untracked 
|  15|0x0000000508000000, 0x0000000508000000, 0x0000000508800000|  0%| F|  |TAMS 0x0000000508000000, 0x0000000508000000| Untracked 
|  16|0x0000000508800000, 0x0000000508800000, 0x0000000509000000|  0%| F|  |TAMS 0x0000000508800000, 0x0000000508800000| Untracked 
|  17|0x0000000509000000, 0x0000000509000000, 0x0000000509800000|  0%| F|  |TAMS 0x0000000509000000, 0x0000000509000000| Untracked 
|  18|0x0000000509800000, 0x0000000509800000, 0x000000050a000000|  0%| F|  |TAMS 0x0000000509800000, 0x0000000509800000| Untracked 
|  19|0x000000050a000000, 0x000000050a000000, 0x000000050a800000|  0%| F|  |TAMS 0x000000050a000000, 0x000000050a000000| Untracked 
|  20|0x000000050a800000, 0x000000050a800000, 0x000000050b000000|  0%| F|  |TAMS 0x000000050a800000, 0x000000050a800000| Untracked 
|  21|0x000000050b000000, 0x000000050b000000, 0x000000050b800000|  0%| F|  |TAMS 0x000000050b000000, 0x000000050b000000| Untracked 
|  22|0x000000050b800000, 0x000000050b800000, 0x000000050c000000|  0%| F|  |TAMS 0x000000050b800000, 0x000000050b800000| Untracked 
|  23|0x000000050c000000, 0x000000050c000000, 0x000000050c800000|  0%| F|  |TAMS 0x000000050c000000, 0x000000050c000000| Untracked 
|  24|0x000000050c800000, 0x000000050c800000, 0x000000050d000000|  0%| F|  |TAMS 0x000000050c800000, 0x000000050c800000| Untracked 
|  25|0x000000050d000000, 0x000000050d000000, 0x000000050d800000|  0%| F|  |TAMS 0x000000050d000000, 0x000000050d000000| Untracked 
|  26|0x000000050d800000, 0x000000050d800000, 0x000000050e000000|  0%| F|  |TAMS 0x000000050d800000, 0x000000050d800000| Untracked 
|  27|0x000000050e000000, 0x000000050e000000, 0x000000050e800000|  0%| F|  |TAMS 0x000000050e000000, 0x000000050e000000| Untracked 
|  28|0x000000050e800000, 0x000000050e800000, 0x000000050f000000|  0%| F|  |TAMS 0x000000050e800000, 0x000000050e800000| Untracked 
|  29|0x000000050f000000, 0x000000050f000000, 0x000000050f800000|  0%| F|  |TAMS 0x000000050f000000, 0x000000050f000000| Untracked 
|  30|0x000000050f800000, 0x000000050f800000, 0x0000000510000000|  0%| F|  |TAMS 0x000000050f800000, 0x000000050f800000| Untracked 
|  31|0x0000000510000000, 0x0000000510000000, 0x0000000510800000|  0%| F|  |TAMS 0x0000000510000000, 0x0000000510000000| Untracked 
|  32|0x0000000510800000, 0x0000000510800000, 0x0000000511000000|  0%| F|  |TAMS 0x0000000510800000, 0x0000000510800000| Untracked 
|  33|0x0000000511000000, 0x0000000511000000, 0x0000000511800000|  0%| F|  |TAMS 0x0000000511000000, 0x0000000511000000| Untracked 
|  34|0x0000000511800000, 0x0000000511800000, 0x0000000512000000|  0%| F|  |TAMS 0x0000000511800000, 0x0000000511800000| Untracked 
|  35|0x0000000512000000, 0x0000000512000000, 0x0000000512800000|  0%| F|  |TAMS 0x0000000512000000, 0x0000000512000000| Untracked 
|  36|0x0000000512800000, 0x0000000512800000, 0x0000000513000000|  0%| F|  |TAMS 0x0000000512800000, 0x0000000512800000| Untracked 
|  37|0x0000000513000000, 0x0000000513000000, 0x0000000513800000|  0%| F|  |TAMS 0x0000000513000000, 0x0000000513000000| Untracked 
|  38|0x0000000513800000, 0x0000000513800000, 0x0000000514000000|  0%| F|  |TAMS 0x0000000513800000, 0x0000000513800000| Untracked 
|  39|0x0000000514000000, 0x0000000514000000, 0x0000000514800000|  0%| F|  |TAMS 0x0000000514000000, 0x0000000514000000| Untracked 
|  40|0x0000000514800000, 0x0000000514800000, 0x0000000515000000|  0%| F|  |TAMS 0x0000000514800000, 0x0000000514800000| Untracked 
|  41|0x0000000515000000, 0x0000000515000000, 0x0000000515800000|  0%| F|  |TAMS 0x0000000515000000, 0x0000000515000000| Untracked 
|  42|0x0000000515800000, 0x0000000515800000, 0x0000000516000000|  0%| F|  |TAMS 0x0000000515800000, 0x0000000515800000| Untracked 
|  43|0x0000000516000000, 0x0000000516000000, 0x0000000516800000|  0%| F|  |TAMS 0x0000000516000000, 0x0000000516000000| Untracked 
|  44|0x0000000516800000, 0x0000000516800000, 0x0000000517000000|  0%| F|  |TAMS 0x0000000516800000, 0x0000000516800000| Untracked 
|  45|0x0000000517000000, 0x0000000517000000, 0x0000000517800000|  0%| F|  |TAMS 0x0000000517000000, 0x0000000517000000| Untracked 
|  46|0x0000000517800000, 0x0000000517800000, 0x0000000518000000|  0%| F|  |TAMS 0x0000000517800000, 0x0000000517800000| Untracked 
|  47|0x0000000518000000, 0x0000000518000000, 0x0000000518800000|  0%| F|  |TAMS 0x0000000518000000, 0x0000000518000000| Untracked 
|  48|0x0000000518800000, 0x0000000518800000, 0x0000000519000000|  0%| F|  |TAMS 0x0000000518800000, 0x0000000518800000| Untracked 
|  49|0x0000000519000000, 0x0000000519000000, 0x0000000519800000|  0%| F|  |TAMS 0x0000000519000000, 0x0000000519000000| Untracked 
|  50|0x0000000519800000, 0x0000000519800000, 0x000000051a000000|  0%| F|  |TAMS 0x0000000519800000, 0x0000000519800000| Untracked 
|  51|0x000000051a000000, 0x000000051a000000, 0x000000051a800000|  0%| F|  |TAMS 0x000000051a000000, 0x000000051a000000| Untracked 
|  52|0x000000051a800000, 0x000000051a800000, 0x000000051b000000|  0%| F|  |TAMS 0x000000051a800000, 0x000000051a800000| Untracked 
|  53|0x000000051b000000, 0x000000051b000000, 0x000000051b800000|  0%| F|  |TAMS 0x000000051b000000, 0x000000051b000000| Untracked 
|  54|0x000000051b800000, 0x000000051b800000, 0x000000051c000000|  0%| F|  |TAMS 0x000000051b800000, 0x000000051b800000| Untracked 
|  55|0x000000051c000000, 0x000000051c000000, 0x000000051c800000|  0%| F|  |TAMS 0x000000051c000000, 0x000000051c000000| Untracked 
|  56|0x000000051c800000, 0x000000051c800000, 0x000000051d000000|  0%| F|  |TAMS 0x000000051c800000, 0x000000051c800000| Untracked 
|  57|0x000000051d000000, 0x000000051d000000, 0x000000051d800000|  0%| F|  |TAMS 0x000000051d000000, 0x000000051d000000| Untracked 
|  58|0x000000051d800000, 0x000000051d800000, 0x000000051e000000|  0%| F|  |TAMS 0x000000051d800000, 0x000000051d800000| Untracked 
|  59|0x000000051e000000, 0x000000051e000000, 0x000000051e800000|  0%| F|  |TAMS 0x000000051e000000, 0x000000051e000000| Untracked 
|  60|0x000000051e800000, 0x000000051e800000, 0x000000051f000000|  0%| F|  |TAMS 0x000000051e800000, 0x000000051e800000| Untracked 
|  61|0x000000051f000000, 0x000000051f000000, 0x000000051f800000|  0%| F|  |TAMS 0x000000051f000000, 0x000000051f000000| Untracked 
|  62|0x000000051f800000, 0x000000051f800000, 0x0000000520000000|  0%| F|  |TAMS 0x000000051f800000, 0x000000051f800000| Untracked 
|  63|0x0000000520000000, 0x0000000520000000, 0x0000000520800000|  0%| F|  |TAMS 0x0000000520000000, 0x0000000520000000| Untracked 
|  64|0x0000000520800000, 0x0000000520800000, 0x0000000521000000|  0%| F|  |TAMS 0x0000000520800000, 0x0000000520800000| Untracked 
|  65|0x0000000521000000, 0x0000000521000000, 0x0000000521800000|  0%| F|  |TAMS 0x0000000521000000, 0x0000000521000000| Untracked 
|  66|0x0000000521800000, 0x0000000521800000, 0x0000000522000000|  0%| F|  |TAMS 0x0000000521800000, 0x0000000521800000| Untracked 
|  67|0x0000000522000000, 0x0000000522000000, 0x0000000522800000|  0%| F|  |TAMS 0x0000000522000000, 0x0000000522000000| Untracked 
|  68|0x0000000522800000, 0x0000000522800000, 0x0000000523000000|  0%| F|  |TAMS 0x0000000522800000, 0x0000000522800000| Untracked 
|  69|0x0000000523000000, 0x0000000523000000, 0x0000000523800000|  0%| F|  |TAMS 0x0000000523000000, 0x0000000523000000| Untracked 
|  70|0x0000000523800000, 0x0000000523800000, 0x0000000524000000|  0%| F|  |TAMS 0x0000000523800000, 0x0000000523800000| Untracked 
|  71|0x0000000524000000, 0x0000000524000000, 0x0000000524800000|  0%| F|  |TAMS 0x0000000524000000, 0x0000000524000000| Untracked 
|  72|0x0000000524800000, 0x0000000524800000, 0x0000000525000000|  0%| F|  |TAMS 0x0000000524800000, 0x0000000524800000| Untracked 
|  73|0x0000000525000000, 0x0000000525000000, 0x0000000525800000|  0%| F|  |TAMS 0x0000000525000000, 0x0000000525000000| Untracked 
|  74|0x0000000525800000, 0x0000000525800000, 0x0000000526000000|  0%| F|  |TAMS 0x0000000525800000, 0x0000000525800000| Untracked 
|  75|0x0000000526000000, 0x0000000526000000, 0x0000000526800000|  0%| F|  |TAMS 0x0000000526000000, 0x0000000526000000| Untracked 
|  76|0x0000000526800000, 0x0000000526800000, 0x0000000527000000|  0%| F|  |TAMS 0x0000000526800000, 0x0000000526800000| Untracked 
|  77|0x0000000527000000, 0x0000000527000000, 0x0000000527800000|  0%| F|  |TAMS 0x0000000527000000, 0x0000000527000000| Untracked 
|  78|0x0000000527800000, 0x0000000527800000, 0x0000000528000000|  0%| F|  |TAMS 0x0000000527800000, 0x0000000527800000| Untracked 
|  79|0x0000000528000000, 0x0000000528000000, 0x0000000528800000|  0%| F|  |TAMS 0x0000000528000000, 0x0000000528000000| Untracked 
|  80|0x0000000528800000, 0x0000000528800000, 0x0000000529000000|  0%| F|  |TAMS 0x0000000528800000, 0x0000000528800000| Untracked 
|  81|0x0000000529000000, 0x0000000529000000, 0x0000000529800000|  0%| F|  |TAMS 0x0000000529000000, 0x0000000529000000| Untracked 
|  82|0x0000000529800000, 0x0000000529800000, 0x000000052a000000|  0%| F|  |TAMS 0x0000000529800000, 0x0000000529800000| Untracked 
|  83|0x000000052a000000, 0x000000052a000000, 0x000000052a800000|  0%| F|  |TAMS 0x000000052a000000, 0x000000052a000000| Untracked 
|  84|0x000000052a800000, 0x000000052a800000, 0x000000052b000000|  0%| F|  |TAMS 0x000000052a800000, 0x000000052a800000| Untracked 
|  85|0x000000052b000000, 0x000000052b000000, 0x000000052b800000|  0%| F|  |TAMS 0x000000052b000000, 0x000000052b000000| Untracked 
|  86|0x000000052b800000, 0x000000052b800000, 0x000000052c000000|  0%| F|  |TAMS 0x000000052b800000, 0x000000052b800000| Untracked 
|  87|0x000000052c000000, 0x000000052c000000, 0x000000052c800000|  0%| F|  |TAMS 0x000000052c000000, 0x000000052c000000| Untracked 
|  88|0x000000052c800000, 0x000000052c800000, 0x000000052d000000|  0%| F|  |TAMS 0x000000052c800000, 0x000000052c800000| Untracked 
|  89|0x000000052d000000, 0x000000052d000000, 0x000000052d800000|  0%| F|  |TAMS 0x000000052d000000, 0x000000052d000000| Untracked 
|  90|0x000000052d800000, 0x000000052d800000, 0x000000052e000000|  0%| F|  |TAMS 0x000000052d800000, 0x000000052d800000| Untracked 
|  91|0x000000052e000000, 0x000000052e000000, 0x000000052e800000|  0%| F|  |TAMS 0x000000052e000000, 0x000000052e000000| Untracked 
|  92|0x000000052e800000, 0x000000052e800000, 0x000000052f000000|  0%| F|  |TAMS 0x000000052e800000, 0x000000052e800000| Untracked 
|  93|0x000000052f000000, 0x000000052f148310, 0x000000052f800000| 16%| E|  |TAMS 0x000000052f000000, 0x000000052f000000| Complete 
|  94|0x000000052f800000, 0x0000000530000000, 0x0000000530000000|100%| E|CS|TAMS 0x000000052f800000, 0x000000052f800000| Complete 
|  95|0x0000000530000000, 0x0000000530800000, 0x0000000530800000|100%| E|CS|TAMS 0x0000000530000000, 0x0000000530000000| Complete 

Card table byte_map: [0x00000214ee820000,0x00000214f0020000] _byte_map_base: 0x00000214ec01c000

Marking Bits (Prev, Next): (CMBitMap*) 0x00000214d592a240, (CMBitMap*) 0x00000214d592a280
 Prev Bits: [0x00000214f1820000, 0x00000214fd800000)
 Next Bits: [0x0000021480000000, 0x000002148bfe0000)

Polling page: 0x00000214d5070000

Metaspace:

Usage:
  Non-class:     10.89 MB capacity,    10.79 MB (>99%) used,    85.52 KB ( <1%) free+waste,    17.81 KB ( <1%) overhead. 
      Class:      1.43 MB capacity,     1.38 MB ( 97%) used,    40.21 KB (  3%) free+waste,     7.12 KB ( <1%) overhead. 
       Both:     12.32 MB capacity,    12.17 MB ( 99%) used,   125.73 KB ( <1%) free+waste,    24.94 KB ( <1%) overhead. 

Virtual space:
  Non-class space:       12.00 MB reserved,      11.00 MB ( 92%) committed 
      Class space:        1.00 GB reserved,       1.50 MB ( <1%) committed 
             Both:        1.01 GB reserved,      12.50 MB (  1%) committed 

Chunk freelists:
   Non-Class:  49.00 KB
       Class:  10.00 KB
        Both:  59.00 KB

MaxMetaspaceSize: 17179869184.00 GB
CompressedClassSpaceSize: 1.00 GB

CodeHeap 'non-profiled nmethods': size=120000Kb used=317Kb max_used=317Kb free=119682Kb
 bounds [0x00000214e55a0000, 0x00000214e5810000, 0x00000214ecad0000]
CodeHeap 'profiled nmethods': size=120000Kb used=1661Kb max_used=1661Kb free=118338Kb
 bounds [0x00000214de070000, 0x00000214de2e0000, 0x00000214e55a0000]
CodeHeap 'non-nmethods': size=5760Kb used=1342Kb max_used=1357Kb free=4417Kb
 bounds [0x00000214ddad0000, 0x00000214ddd40000, 0x00000214de070000]
 total_blobs=1757 nmethods=1104 adapters=566
 compilation: enabled
              stopped_count=0, restarted_count=0
 full_count=0

Compilation events (20 events):
Event: 7.052 Thread 0x000002148cdeafd0 1096       3       org.netbeans.lib.profiler.server.ThreadInfo::isProfilerServerThread (36 bytes)
Event: 7.052 Thread 0x000002148cdeafd0 nmethod 1096 0x00000214de20d690 code [0x00000214de20d840, 0x00000214de20dab8]
Event: 7.052 Thread 0x000002148cdeafd0 1097       1       java.lang.Thread::getId (5 bytes)
Event: 7.053 Thread 0x000002148cdeafd0 nmethod 1097 0x00000214e55ee390 code [0x00000214e55ee520, 0x00000214e55ee5d8]
Event: 7.145 Thread 0x000002148cdc7020 1098       4       java.lang.ThreadLocal::getMap (5 bytes)
Event: 7.145 Thread 0x000002148cdc7020 nmethod 1098 0x00000214e55ee690 code [0x00000214e55ee800, 0x00000214e55ee878]
Event: 7.160 Thread 0x000002148cdc7020 1099       4       java.util.HashMap::newNode (13 bytes)
Event: 7.160 Thread 0x000002148cdeafd0 1100       3       java.lang.Long::valueOf (40 bytes)
Event: 7.160 Thread 0x000002148cdeafd0 nmethod 1100 0x00000214de20dc10 code [0x00000214de20ddc0, 0x00000214de20e0f8]
Event: 7.161 Thread 0x000002148cdc7020 nmethod 1099 0x00000214e55ee990 code [0x00000214e55eeb20, 0x00000214e55eec18]
Event: 7.316 Thread 0x000002148cdeafd0 1102       3       jdk.internal.util.ArraysSupport::mismatch (72 bytes)
Event: 7.316 Thread 0x000002148cdeafd0 nmethod 1102 0x00000214de20e290 code [0x00000214de20e460, 0x00000214de20e818]
Event: 7.316 Thread 0x000002148cdeafd0 1101       3       java.util.Arrays::equals (43 bytes)
Event: 7.316 Thread 0x000002148cdeafd0 nmethod 1101 0x00000214de20ea10 code [0x00000214de20ebc0, 0x00000214de20ee68]
Event: 7.362 Thread 0x000002148cdc7020 1103       4       java.lang.Long::hashCode (8 bytes)
Event: 7.362 Thread 0x000002148cdc7020 nmethod 1103 0x00000214e55eed10 code [0x00000214e55eee80, 0x00000214e55eeed8]
Event: 7.518 Thread 0x000002148cdc7020 1104       4       java.util.HashMap::get (19 bytes)
Event: 7.518 Thread 0x000002148cdeafd0 1105       3       org.netbeans.lib.profiler.server.ProfilerRuntimeSampler$Sampling::writeThreadInfoNoChange (86 bytes)
Event: 7.518 Thread 0x000002148cdeafd0 nmethod 1105 0x00000214de20ef90 code [0x00000214de20f160, 0x00000214de20f488]
Event: 7.520 Thread 0x000002148cdc7020 nmethod 1104 0x00000214e55ef010 code [0x00000214e55ef1a0, 0x00000214e55ef4d8]

GC Heap History (0 events):
No events

Deoptimization events (20 events):
Event: 5.976 Thread 0x000002148cdc1960 Uncommon trap: trap_request=0xffffff45 fr.pc=0x00000214e55a6a1c relative=0x000000000000007c
Event: 5.976 Thread 0x000002148cdc1960 Uncommon trap: reason=unstable_if action=reinterpret pc=0x00000214e55a6a1c method=java.lang.String.isLatin1()Z @ 10 c2
Event: 5.976 Thread 0x000002148cdc1960 DEOPT PACKING pc=0x00000214e55a6a1c sp=0x000000355c3fe090
Event: 5.976 Thread 0x000002148cdc1960 DEOPT UNPACKING pc=0x00000214ddb1e42f sp=0x000000355c3fdfd0 mode 2
Event: 6.565 Thread 0x000002148cebed00 Uncommon trap: trap_request=0xffffffde fr.pc=0x00000214e55d4b1c relative=0x000000000000017c
Event: 6.565 Thread 0x000002148cebed00 Uncommon trap: reason=class_check action=maybe_recompile pc=0x00000214e55d4b1c method=java.util.HashMap.putVal(ILjava/lang/Object;Ljava/lang/Object;ZZ)Ljava/lang/Object; @ 253 c2
Event: 6.565 Thread 0x000002148cebed00 DEOPT PACKING pc=0x00000214e55d4b1c sp=0x000000355cefe330
Event: 6.565 Thread 0x000002148cebed00 DEOPT UNPACKING pc=0x00000214ddb1e42f sp=0x000000355cefe2d0 mode 2
Event: 6.565 Thread 0x000002148cebed00 Uncommon trap: trap_request=0xffffffde fr.pc=0x00000214e55d4b1c relative=0x000000000000017c
Event: 6.565 Thread 0x000002148cebed00 Uncommon trap: reason=class_check action=maybe_recompile pc=0x00000214e55d4b1c method=java.util.HashMap.putVal(ILjava/lang/Object;Ljava/lang/Object;ZZ)Ljava/lang/Object; @ 253 c2
Event: 6.565 Thread 0x000002148cebed00 DEOPT PACKING pc=0x00000214e55d4b1c sp=0x000000355cefe330
Event: 6.565 Thread 0x000002148cebed00 DEOPT UNPACKING pc=0x00000214ddb1e42f sp=0x000000355cefe2d0 mode 2
Event: 6.567 Thread 0x000002148cebed00 Uncommon trap: trap_request=0xffffffde fr.pc=0x00000214e55d4b1c relative=0x000000000000017c
Event: 6.567 Thread 0x000002148cebed00 Uncommon trap: reason=class_check action=maybe_recompile pc=0x00000214e55d4b1c method=java.util.HashMap.putVal(ILjava/lang/Object;Ljava/lang/Object;ZZ)Ljava/lang/Object; @ 253 c2
Event: 6.567 Thread 0x000002148cebed00 DEOPT PACKING pc=0x00000214e55d4b1c sp=0x000000355cefe330
Event: 6.567 Thread 0x000002148cebed00 DEOPT UNPACKING pc=0x00000214ddb1e42f sp=0x000000355cefe2d0 mode 2
Event: 6.567 Thread 0x000002148cebed00 Uncommon trap: trap_request=0xffffffde fr.pc=0x00000214e55d4b1c relative=0x000000000000017c
Event: 6.567 Thread 0x000002148cebed00 Uncommon trap: reason=class_check action=maybe_recompile pc=0x00000214e55d4b1c method=java.util.HashMap.putVal(ILjava/lang/Object;Ljava/lang/Object;ZZ)Ljava/lang/Object; @ 253 c2
Event: 6.567 Thread 0x000002148cebed00 DEOPT PACKING pc=0x00000214e55d4b1c sp=0x000000355cefe330
Event: 6.567 Thread 0x000002148cebed00 DEOPT UNPACKING pc=0x00000214ddb1e42f sp=0x000000355cefe2d0 mode 2

Classes unloaded (0 events):
No events

Classes redefined (0 events):
No events

Internal exceptions (20 events):
Event: 0.104 Thread 0x00000214d5896770 Exception <a 'java/lang/NoSuchMethodError'{0x0000000530347bf8}: 'java.lang.Object java.lang.invoke.DirectMethodHandle$Holder.newInvokeSpecial(java.lang.Object, java.lang.Object, java.lang.Object, java.lang.Object, java.lang.Object)'> (0x0000000530347bf8) 
thrown [./open/src/hotspot/share/interpreter/linkResolver.cpp, line 782]
Event: 0.105 Thread 0x00000214d5896770 Exception <a 'java/lang/NoSuchMethodError'{0x0000000530353688}: 'java.lang.Object java.lang.invoke.DirectMethodHandle$Holder.invokeStatic(java.lang.Object, int, java.lang.Object, java.lang.Object, java.lang.Object, java.lang.Object)'> (0x0000000530353688) 
thrown [./open/src/hotspot/share/interpreter/linkResolver.cpp, line 782]
Event: 0.108 Thread 0x00000214d5896770 Exception <a 'java/lang/NoSuchMethodError'{0x0000000530379930}: 'java.lang.Object java.lang.invoke.DirectMethodHandle$Holder.invokeStatic(java.lang.Object, int, java.lang.Object)'> (0x0000000530379930) 
thrown [./open/src/hotspot/share/interpreter/linkResolver.cpp, line 782]
Event: 0.124 Thread 0x00000214d5896770 Exception <a 'java/lang/ClassNotFoundException'{0x0000000530434210}: com/sun/swing/internal/plaf/metal/resources/spi/metalProvider> (0x0000000530434210) 
thrown [./open/src/hotspot/share/classfile/systemDictionary.cpp, line 295]
Event: 0.125 Thread 0x00000214d5896770 Exception <a 'java/lang/ClassNotFoundException'{0x00000005304382b8}: com/sun/swing/internal/plaf/basic/resources/spi/basicProvider> (0x00000005304382b8) 
thrown [./open/src/hotspot/share/classfile/systemDictionary.cpp, line 295]
Event: 0.132 Thread 0x000002148d431010 Exception <a 'java/lang/NoSuchMethodError'{0x000000053048a5f8}: 'java.lang.Object java.lang.invoke.DirectMethodHandle$Holder.newInvokeSpecial(java.lang.Object, java.lang.Object, java.lang.Object, int, int, int, int, int)'> (0x000000053048a5f8) 
thrown [./open/src/hotspot/share/interpreter/linkResolver.cpp, line 782]
Event: 0.282 Thread 0x00000214d5896770 Exception <a 'java/lang/NoSuchMethodError'{0x00000005305b3138}: 'void java.lang.invoke.DirectMethodHandle$Holder.invokeStaticInit(java.lang.Object)'> (0x00000005305b3138) 
thrown [./open/src/hotspot/share/interpreter/linkResolver.cpp, line 782]
Event: 0.332 Thread 0x00000214d5896770 Exception <a 'java/lang/NoSuchMethodError'{0x00000005306a4450}: 'int java.lang.invoke.DirectMethodHandle$Holder.invokeStatic(java.lang.Object)'> (0x00000005306a4450) 
thrown [./open/src/hotspot/share/interpreter/linkResolver.cpp, line 782]
Event: 5.986 Thread 0x000002148cdc1960 Exception <a 'java/lang/NoSuchMethodError'{0x000000052f81ae68}: 'java.lang.Object java.lang.invoke.DirectMethodHandle$Holder.invokeInterface(java.lang.Object, java.lang.Object)'> (0x000000052f81ae68) 
thrown [./open/src/hotspot/share/interpreter/linkResolver.cpp, line 782]
Event: 6.002 Thread 0x000002148d0dd070 Exception <a 'java/lang/NoSuchMethodError'{0x000000052f955c48}: 'void java.lang.invoke.DirectMethodHandle$Holder.invokeStatic(java.lang.Object, java.lang.Object)'> (0x000000052f955c48) 
thrown [./open/src/hotspot/share/interpreter/linkResolver.cpp, line 782]
Event: 6.545 Thread 0x000002148cebed00 Exception <a 'java/lang/NoSuchMethodError'{0x000000052f8c7140}: 'java.lang.Object java.lang.invoke.DirectMethodHandle$Holder.invokeStaticInit(java.lang.Object, java.lang.Object, java.lang.Object)'> (0x000000052f8c7140) 
thrown [./open/src/hotspot/share/interpreter/linkResolver.cpp, line 782]
Event: 6.548 Thread 0x000002148cebed00 Exception <a 'java/lang/NoSuchMethodError'{0x000000052f8ed598}: 'int java.lang.invoke.DirectMethodHandle$Holder.invokeSpecial(java.lang.Object, java.lang.Object, java.lang.Object)'> (0x000000052f8ed598) 
thrown [./open/src/hotspot/share/interpreter/linkResolver.cpp, line 782]
Event: 6.552 Thread 0x000002148cebed00 Exception <a 'java/lang/NoSuchMethodError'{0x000000052f8fb880}: 'int java.lang.invoke.DirectMethodHandle$Holder.invokeInterface(java.lang.Object, java.lang.Object)'> (0x000000052f8fb880) 
thrown [./open/src/hotspot/share/interpreter/linkResolver.cpp, line 782]
Event: 6.553 Thread 0x000002148cebed00 Exception <a 'java/lang/IncompatibleClassChangeError'{0x000000052f8ff078}: Found class java.lang.Object, but interface was expected> (0x000000052f8ff078) 
thrown [./open/src/hotspot/share/interpreter/linkResolver.cpp, line 848]
Event: 6.591 Thread 0x000002148cebed00 Exception <a 'java/lang/NoSuchMethodError'{0x000000052fc2d3b8}: 'void java.lang.invoke.DirectMethodHandle$Holder.invokeStatic(java.lang.Object, java.lang.Object, java.lang.Object)'> (0x000000052fc2d3b8) 
thrown [./open/src/hotspot/share/interpreter/linkResolver.cpp, line 782]
Event: 6.633 Thread 0x000002148d0dd070 Exception <a 'java/lang/VerifyError'{0x000000052fa04df0}: Stack map does not match the one at exception handler 21
Exception Details:
  Location:
    org/netbeans/lib/profiler/ConstructorTest.<init>()V @21: astore_1
  Reason:
    Current frame's flags are not assignable to stack map frame's.
  Current Frame:
    bci: @0
    flags: { flagThisUninit }
    locals: { uninitializedThis }
    stack: { 'java/lang/Throwable' }
  Stackmap Frame:
    bci: @21
    flags: { }
    locals: { top }
    stack: { 'java/lan
Event: 6.841 Thread 0x000002148d0dd070 Exception <a 'java/lang/NoSuchMethodError'{0x000000052fa24198}: 'void java.lang.invoke.DirectMethodHandle$Holder.invokeStaticInit(java.lang.Object, java.lang.Object)'> (0x000000052fa24198) 
thrown [./open/src/hotspot/share/interpreter/linkResolver.cpp, line 782]
Event: 6.845 Thread 0x000002148d0dd070 Exception <a 'java/lang/NoSuchMethodError'{0x000000052fa50f50}: 'java.lang.Object java.lang.invoke.DirectMethodHandle$Holder.invokeStaticInit(java.lang.Object, int, int, int, int)'> (0x000000052fa50f50) 
thrown [./open/src/hotspot/share/interpreter/linkResolver.cpp, line 782]
Event: 6.883 Thread 0x000002148d0dd070 Exception <a 'java/lang/NoSuchMethodError'{0x000000052fe3e3e0}: 'java.lang.Object java.lang.invoke.DirectMethodHandle$Holder.invokeStaticInit(java.lang.Object, java.lang.Object, int, int, int, int)'> (0x000000052fe3e3e0) 
thrown [./open/src/hotspot/share/interpreter/linkResolver.cpp, line 782]
Event: 6.888 Thread 0x000002148d0dd070 Exception <a 'java/lang/NoSuchMethodError'{0x000000052fe490f0}: 'java.lang.Object java.lang.invoke.Invokers$Holder.invoke_MT(java.lang.Object, java.lang.Object, java.lang.Object)'> (0x000000052fe490f0) 
thrown [./open/src/hotspot/share/interpreter/linkResolver.cpp, line 782]

Events (20 events):
Event: 7.795 Executing VM operation: GetAllStackTraces
Event: 7.795 Executing VM operation: GetAllStackTraces done
Event: 7.810 Executing VM operation: GetAllStackTraces
Event: 7.811 Executing VM operation: GetAllStackTraces done
Event: 7.827 Executing VM operation: GetAllStackTraces
Event: 7.827 Executing VM operation: GetAllStackTraces done
Event: 7.842 Executing VM operation: GetAllStackTraces
Event: 7.842 Executing VM operation: GetAllStackTraces done
Event: 7.857 Executing VM operation: GetAllStackTraces
Event: 7.858 Executing VM operation: GetAllStackTraces done
Event: 7.873 Executing VM operation: GetAllStackTraces
Event: 7.873 Executing VM operation: GetAllStackTraces done
Event: 7.888 Executing VM operation: GetAllStackTraces
Event: 7.888 Executing VM operation: GetAllStackTraces done
Event: 7.891 loading class org/netbeans/lib/profiler/wireprotocol/EventBufferDumpedCommand
Event: 7.891 loading class org/netbeans/lib/profiler/wireprotocol/EventBufferDumpedCommand done
Event: 7.892 loading class org/netbeans/lib/profiler/wireprotocol/DumpResultsResponse
Event: 7.892 loading class org/netbeans/lib/profiler/wireprotocol/DumpResultsResponse done
Event: 7.892 loading class org/netbeans/lib/profiler/wireprotocol/GetMethodNamesForJMethodIdsCommand
Event: 7.892 loading class org/netbeans/lib/profiler/wireprotocol/GetMethodNamesForJMethodIdsCommand done


Dynamic libraries:
0x00007ff6e4ad0000 - 0x00007ff6e4adf000 	C:\Program Files\Java\jdk-15.0.2\bin\java.exe
0x00007ffdd0c90000 - 0x00007ffdd0e85000 	C:\Windows\SYSTEM32\ntdll.dll
0x00007ffdcfc30000 - 0x00007ffdcfced000 	C:\Windows\System32\KERNEL32.DLL
0x00007ffdce8c0000 - 0x00007ffdceb88000 	C:\Windows\System32\KERNELBASE.dll
0x00007ffdce540000 - 0x00007ffdce640000 	C:\Windows\System32\ucrtbase.dll
0x00007ffdc2090000 - 0x00007ffdc20a8000 	C:\Program Files\Java\jdk-15.0.2\bin\jli.dll
0x00007ffdced90000 - 0x00007ffdcee3c000 	C:\Windows\System32\ADVAPI32.dll
0x00007ffdc8e20000 - 0x00007ffdc8e39000 	C:\Program Files\Java\jdk-15.0.2\bin\VCRUNTIME140.dll
0x00007ffdcecf0000 - 0x00007ffdced8e000 	C:\Windows\System32\msvcrt.dll
0x00007ffdcfa50000 - 0x00007ffdcfaeb000 	C:\Windows\System32\sechost.dll
0x00007ffdcfdd0000 - 0x00007ffdcfefb000 	C:\Windows\System32\RPCRT4.dll
0x00007ffdcf2b0000 - 0x00007ffdcf450000 	C:\Windows\System32\USER32.dll
0x00007ffdce890000 - 0x00007ffdce8b2000 	C:\Windows\System32\win32u.dll
0x00007ffdbb1a0000 - 0x00007ffdbb43a000 	C:\Windows\WinSxS\amd64_microsoft.windows.common-controls_6595b64144ccf1df_6.0.19041.844_none_ca00b6081b84eb1d\COMCTL32.dll
0x00007ffdd0b00000 - 0x00007ffdd0b2a000 	C:\Windows\System32\GDI32.dll
0x00007ffdce430000 - 0x00007ffdce53b000 	C:\Windows\System32\gdi32full.dll
0x00007ffdce740000 - 0x00007ffdce7dd000 	C:\Windows\System32\msvcp_win.dll
0x00007ffdc6d40000 - 0x00007ffdc6d4a000 	C:\Windows\SYSTEM32\VERSION.dll
0x00007ffdcf500000 - 0x00007ffdcf530000 	C:\Windows\System32\IMM32.DLL
0x00007ffdca360000 - 0x00007ffdca36c000 	C:\Program Files\Java\jdk-15.0.2\bin\vcruntime140_1.dll
0x00007ffdc3340000 - 0x00007ffdc33d1000 	C:\Program Files\Java\jdk-15.0.2\bin\msvcp140.dll
0x00007ffd8e760000 - 0x00007ffd8f2be000 	C:\Program Files\Java\jdk-15.0.2\bin\server\jvm.dll
0x00007ffdd0b90000 - 0x00007ffdd0b98000 	C:\Windows\System32\PSAPI.DLL
0x00007ffdb9d50000 - 0x00007ffdb9d59000 	C:\Windows\SYSTEM32\WSOCK32.dll
0x00007ffdc22b0000 - 0x00007ffdc22d7000 	C:\Windows\SYSTEM32\WINMM.dll
0x00007ffdd09c0000 - 0x00007ffdd0a2b000 	C:\Windows\System32\WS2_32.dll
0x00007ffdcc250000 - 0x00007ffdcc262000 	C:\Windows\SYSTEM32\kernel.appcore.dll
0x00007ffdc9b80000 - 0x00007ffdc9b8a000 	C:\Program Files\Java\jdk-15.0.2\bin\jimage.dll
0x00007ffdb9dc0000 - 0x00007ffdb9fa4000 	C:\Windows\SYSTEM32\DBGHELP.DLL
0x00007ffdb7f30000 - 0x00007ffdb7f5c000 	C:\Windows\SYSTEM32\dbgcore.DLL
0x00007ffdce690000 - 0x00007ffdce710000 	C:\Windows\System32\bcryptPrimitives.dll
0x00007ffdc78b0000 - 0x00007ffdc78d5000 	C:\Program Files\Java\jdk-15.0.2\bin\java.dll
0x00007ffdd0060000 - 0x00007ffdd07a2000 	C:\Windows\System32\SHELL32.dll
0x00007ffdcc530000 - 0x00007ffdcccc1000 	C:\Windows\SYSTEM32\windows.storage.dll
0x00007ffdcf530000 - 0x00007ffdcf885000 	C:\Windows\System32\combase.dll
0x00007ffdcde40000 - 0x00007ffdcde6c000 	C:\Windows\SYSTEM32\Wldp.dll
0x00007ffdd0ba0000 - 0x00007ffdd0c4e000 	C:\Windows\System32\SHCORE.dll
0x00007ffdd0960000 - 0x00007ffdd09b5000 	C:\Windows\System32\shlwapi.dll
0x00007ffdce310000 - 0x00007ffdce32f000 	C:\Windows\SYSTEM32\profapi.dll
0x00007ffda3940000 - 0x00007ffda3ac0000 	C:\Program Files\Java\jdk-15.0.2\bin\awt.dll
0x00007ffdd0a30000 - 0x00007ffdd0afd000 	C:\Windows\System32\OLEAUT32.dll
0x00007ffdcbcb0000 - 0x00007ffdcbd40000 	C:\Windows\SYSTEM32\apphelp.dll
0x00007ffdcbe70000 - 0x00007ffdcbf0e000 	C:\Windows\system32\uxtheme.dll
0x00007ffdcf930000 - 0x00007ffdcfa45000 	C:\Windows\System32\MSCTF.dll
0x00007ffdcfaf0000 - 0x00007ffdcfc1a000 	C:\Windows\System32\ole32.dll
0x00007ffdcc220000 - 0x00007ffdcc24f000 	C:\Windows\system32\DWMAPI.DLL
0x00007ffdc7930000 - 0x00007ffdc7948000 	C:\Program Files\Java\jdk-15.0.2\bin\zip.dll
0x00007ffdc2d30000 - 0x00007ffdc2db5000 	C:\Program Files\Java\jdk-15.0.2\bin\freetype.dll
0x00007ffdc20d0000 - 0x00007ffdc2179000 	C:\Program Files\Java\jdk-15.0.2\bin\fontmanager.dll
0x00007ffd944e0000 - 0x00007ffd94606000 	C:\Windows\system32\opengl32.dll
0x00007ffda3c50000 - 0x00007ffda3c7c000 	C:\Windows\SYSTEM32\GLU32.dll
0x00007ffdc5420000 - 0x00007ffdc55ee000 	C:\Windows\system32\d3d9.dll
0x00007ffdc4080000 - 0x00007ffdc4182000 	C:\Windows\System32\DriverStore\FileRepository\nv_dispi.inf_amd64_1c83a5d7cffd7bff\nvldumdx.dll
0x00007ffdcdfc0000 - 0x00007ffdcdfd2000 	C:\Windows\SYSTEM32\msasn1.dll
0x00007ffdc6c10000 - 0x00007ffdc6c41000 	C:\Windows\SYSTEM32\cryptnet.dll
0x00007ffdceb90000 - 0x00007ffdcecef000 	C:\Windows\System32\CRYPT32.dll
0x00007ffdcdd80000 - 0x00007ffdcdd8c000 	C:\Windows\SYSTEM32\cryptbase.dll
0x00007ffdce3d0000 - 0x00007ffdce430000 	C:\Windows\System32\WINTRUST.DLL
0x00007ffdcff60000 - 0x00007ffdcff7d000 	C:\Windows\System32\imagehlp.dll
0x00007ffdcdd90000 - 0x00007ffdcdda8000 	C:\Windows\SYSTEM32\CRYPTSP.dll
0x00007ffdcd4e0000 - 0x00007ffdcd514000 	C:\Windows\system32\rsaenh.dll
0x00007ffdce710000 - 0x00007ffdce737000 	C:\Windows\System32\bcrypt.dll
0x00007ffd82260000 - 0x00007ffd83c7b000 	C:\Windows\System32\DriverStore\FileRepository\nv_dispi.inf_amd64_1c83a5d7cffd7bff\nvd3dumx.dll
0x00007ffdccce0000 - 0x00007ffdccd03000 	C:\Windows\SYSTEM32\gpapi.dll
0x00007ffdc5010000 - 0x00007ffdc504b000 	C:\Windows\SYSTEM32\dxcore.dll
0x00007ffdce640000 - 0x00007ffdce68e000 	C:\Windows\System32\cfgmgr32.dll
0x00007ffdc8860000 - 0x00007ffdc8879000 	C:\Program Files\Java\jdk-15.0.2\bin\net.dll
0x00007ffdc1eb0000 - 0x00007ffdc1fbb000 	C:\Windows\SYSTEM32\WINHTTP.dll
0x00007ffdcdbb0000 - 0x00007ffdcdc1a000 	C:\Windows\system32\mswsock.dll
0x00007ffdc7cf0000 - 0x00007ffdc7d02000 	C:\Program Files\Java\jdk-15.0.2\bin\nio.dll
0x00007ffdcf450000 - 0x00007ffdcf4f9000 	C:\Windows\System32\clbcatq.dll
0x00007ffdc7f00000 - 0x00007ffdc80b4000 	C:\Windows\SYSTEM32\WindowsCodecs.dll
0x00007ffdc1cc0000 - 0x00007ffdc1cfe000 	C:\Windows\system32\dataexchange.dll
0x00007ffdca510000 - 0x00007ffdca774000 	C:\Windows\system32\d3d11.dll
0x00007ffdcb1a0000 - 0x00007ffdcb385000 	C:\Windows\system32\dcomp.dll
0x00007ffdccd10000 - 0x00007ffdcce03000 	C:\Windows\system32\dxgi.dll
0x00007ffdc8170000 - 0x00007ffdc8371000 	C:\Windows\system32\twinapi.appcore.dll
0x00007ffdb8960000 - 0x00007ffdb8a59000 	C:\Windows\SYSTEM32\textinputframework.dll
0x00007ffdcb390000 - 0x00007ffdcb6ee000 	C:\Windows\System32\CoreUIComponents.dll
0x00007ffdcba70000 - 0x00007ffdcbb62000 	C:\Windows\System32\CoreMessaging.dll
0x00007ffdcd110000 - 0x00007ffdcd143000 	C:\Windows\SYSTEM32\ntmarta.dll
0x00007ffdca3b0000 - 0x00007ffdca504000 	C:\Windows\SYSTEM32\wintypes.dll
0x00007ffdc1d80000 - 0x00007ffdc1d8e000 	C:\Program Files\Java\jdk-15.0.2\bin\instrument.dll
0x00007ffdc1d10000 - 0x00007ffdc1d1f000 	D:\Program Files\NetBeans-12.3\netbeans\profiler\lib\deployed\jdk16\windows-amd64\profilerinterface.dll
0x00007ffdca3a0000 - 0x00007ffdca3a9000 	C:\Program Files\Java\jdk-15.0.2\bin\management.dll
0x00007ffdca320000 - 0x00007ffdca32b000 	C:\Program Files\Java\jdk-15.0.2\bin\management_ext.dll
0x00007ffdce2d0000 - 0x00007ffdce2fe000 	C:\Windows\SYSTEM32\USERENV.dll
0x00007ffdcd850000 - 0x00007ffdcd88b000 	C:\Windows\SYSTEM32\IPHLPAPI.DLL
0x00007ffdcfc20000 - 0x00007ffdcfc28000 	C:\Windows\System32\NSI.dll
0x00007ffdc6d90000 - 0x00007ffdc6da7000 	C:\Windows\SYSTEM32\dhcpcsvc6.DLL
0x00007ffdc6d50000 - 0x00007ffdc6d6d000 	C:\Windows\SYSTEM32\dhcpcsvc.DLL
0x00007ffdcd890000 - 0x00007ffdcd95c000 	C:\Windows\SYSTEM32\DNSAPI.dll

dbghelp: loaded successfully - version: 4.0.5 - missing functions: none
symbol engine: initialized successfully - sym options: 0x614 - pdb path: .;C:\Program Files\Java\jdk-15.0.2\bin;C:\Windows\SYSTEM32;C:\Windows\WinSxS\amd64_microsoft.windows.common-controls_6595b64144ccf1df_6.0.19041.844_none_ca00b6081b84eb1d;C:\Program Files\Java\jdk-15.0.2\bin\server;C:\Windows\System32\DriverStore\FileRepository\nv_dispi.inf_amd64_1c83a5d7cffd7bff;D:\Program Files\NetBeans-12.3\netbeans\profiler\lib\deployed\jdk16\windows-amd64

VM Arguments:
java_command: iek.agdimitr.ackermannfunction.AckermannMain
java_class_path (initial): D:\Users\User\Documents\NetBeansProjects\AckermannFunction\target\classes
Launcher Type: SUN_STANDARD

[Global flags]
     intx CICompilerCount                          = 4                                         {product} {ergonomic}
     uint ConcGCThreads                            = 3                                         {product} {ergonomic}
     uint G1ConcRefinementThreads                  = 10                                        {product} {ergonomic}
   size_t G1HeapRegionSize                         = 8388608                                   {product} {ergonomic}
    uintx GCDrainStackTargetSize                   = 64                                        {product} {ergonomic}
   size_t InitialHeapSize                          = 805306368                                 {product} {ergonomic}
   size_t MarkStackSize                            = 4194304                                   {product} {ergonomic}
   size_t MaxHeapSize                              = 12876513280                               {product} {ergonomic}
   size_t MaxNewSize                               = 7725907968                                {product} {ergonomic}
   size_t MinHeapDeltaBytes                        = 8388608                                   {product} {ergonomic}
   size_t MinHeapSize                              = 8388608                                   {product} {ergonomic}
    uintx NonNMethodCodeHeapSize                   = 5839372                                {pd product} {ergonomic}
    uintx NonProfiledCodeHeapSize                  = 122909434                              {pd product} {ergonomic}
    uintx ProfiledCodeHeapSize                     = 122909434                              {pd product} {ergonomic}
    uintx ReservedCodeCacheSize                    = 251658240                              {pd product} {ergonomic}
     bool SegmentedCodeCache                       = true                                      {product} {ergonomic}
   size_t SoftMaxHeapSize                          = 12876513280                            {manageable} {ergonomic}
     bool UseCompressedClassPointers               = true                                 {lp64_product} {ergonomic}
     bool UseCompressedOops                        = true                                 {lp64_product} {ergonomic}
     bool UseG1GC                                  = true                                      {product} {ergonomic}
     bool UseLargePagesIndividualAllocation        = false                                  {pd product} {ergonomic}

Logging:
Log output configuration:
 #0: stdout all=warning uptime,level,tags
 #1: stderr all=off uptime,level,tags

Environment Variables:
JAVA_HOME=C:\Program Files\Java\jdk-15.0.2
CLASSPATH=D:\Program Files\NetBeans-12.3\netbeans\java\maven\lib\ext
PATH=C:\Program Files\Common Files\Oracle\Java\javapath;C:\Program Files\Java\jdk-15.0.2\bin;C:\Windows\system32;C:\Windows;C:\Windows\System32\Wbem;C:\Windows\System32\WindowsPowerShell\v1.0\;C:\Windows\System32\OpenSSH\;C:\Program Files (x86)\NVIDIA Corporation\PhysX\Common;C:\Program Files\PuTTY\;C:\Program Files\Microsoft VS Code\bin;C:\Program Files\Git\cmd;C:\Program Files\Java\jdk-15.0.2;C:\Users\User\AppData\Local\Microsoft\WindowsApps;
USERNAME=User
OS=Windows_NT
PROCESSOR_IDENTIFIER=Intel64 Family 6 Model 158 Stepping 10, GenuineIntel



---------------  S Y S T E M  ---------------

OS:
 Windows 10 , 64 bit Build 19041 (10.0.19041.928)
OS uptime: 1 days 2:49 hours

CPU: total 12 (initial active 12) (6 cores per cpu, 2 threads per core) family 6 model 158 stepping 10 microcode 0xde, cmov, cx8, fxsr, mmx, sse, sse2, sse3, ssse3, sse4.1, sse4.2, popcnt, vzeroupper, avx, avx2, aes, clmul, erms, rtm, 3dnowpref, lzcnt, ht, tsc, tscinvbit, bmi1, bmi2, adx, fma, clflush, clflushopt

Memory: 4k page, system-wide physical 49099M (39405M free)
TotalPageFile size 111099M (AvailPageFile size 97968M)
current process WorkingSet (physical memory assigned to process): 92M, peak: 92M
current process commit charge ("private bytes"): 920M, peak: 925M

vm_info: Java HotSpot(TM) 64-Bit Server VM (15.0.2+7-27) for windows-amd64 JRE (15.0.2+7-27), built on Dec  7 2020 20:07:01 by "mach5one" with unknown MS VC++:1925

END.
