#
# A fatal error has been detected by the Java Runtime Environment:
#
#  EXCEPTION_ACCESS_VIOLATION (0xc0000005) at pc=0x00007ffd8ed3c49b, pid=20264, tid=5220
#
# JRE version: Java(TM) SE Runtime Environment (15.0.2+7) (build 15.0.2+7-27)
# Java VM: Java HotSpot(TM) 64-Bit Server VM (15.0.2+7-27, mixed mode, sharing, tiered, compressed oops, g1 gc, windows-amd64)
# Problematic frame:
# V  [jvm.dll+0x5dc49b]
#
# No core dump will be written. Minidumps are not enabled by default on client versions of Windows
#
# If you would like to submit a bug report, please visit:
#   https://bugreport.java.com/bugreport/crash.jsp
#

---------------  S U M M A R Y ------------

Command Line: iek.agdimitr.ackermannfunction.AckermannMain

Host: Intel(R) Core(TM) i7-8700 CPU @ 3.20GHz, 12 cores, 47G,  Windows 10 , 64 bit Build 19041 (10.0.19041.928)
Time: Sun May  9 18:13:48 2021 GTB Daylight Time elapsed time: 45.294576 seconds (0d 0h 0m 45s)

---------------  T H R E A D  ---------------

Current thread (0x000001d70da0ac70):  JavaThread "*** Profiler Agent Communication Thread" daemon [_thread_in_vm, id=5220, stack(0x000000780dc60000,0x000000780dd60000)]

Stack: [0x000000780dc60000,0x000000780dd60000],  sp=0x000000780dd5f020,  free space=1020k
Native frames: (J=compiled Java code, j=interpreted, Vv=VM code, C=native code)
V  [jvm.dll+0x5dc49b]
V  [jvm.dll+0x49bc6b]
C  [profilerinterface.dll+0x34da]

Java frames: (J=compiled Java code, j=interpreted, Vv=VM code)
j  org.netbeans.lib.profiler.server.system.Stacks.getMethodNamesForJMethodIds(I[I[I)[B+0
j  org.netbeans.lib.profiler.server.ProfilerInterface.getMethodNamesForJMethodIds([I)Lorg/netbeans/lib/profiler/wireprotocol/MethodNamesResponse;+20
j  org.netbeans.lib.profiler.server.ProfilerServer.handleClientCommand(Lorg/netbeans/lib/profiler/wireprotocol/Command;)V+691
j  org.netbeans.lib.profiler.server.ProfilerServer.listenToClient()V+48
j  org.netbeans.lib.profiler.server.ProfilerServer.run()V+22
v  ~StubRoutines::call_stub

siginfo: EXCEPTION_ACCESS_VIOLATION (0xc0000005), reading address 0x000000000ccc8008


Register to memory mapping:

RIP=0x00007ffd8ed3c49b jvm.dll
RAX=0x000000780dd5f001 is pointing into the stack for thread: 0x000001d70da0ac70
RBX=0x000001d70da0ac70 is a thread
RCX=0x000000000ccc8008 is an unknown value
RDX=0x000001d70da0ac70 is a thread
RSP=0x000000780dd5f020 is pointing into the stack for thread: 0x000001d70da0ac70
RBP=0x000000000ccc8008 is an unknown value
RSI=0x000000780dd5f140 is pointing into the stack for thread: 0x000001d70da0ac70
RDI=0x000001d70cfa1c80 points into unknown readable memory: 0x00007ffd8f16b970 | 70 b9 16 8f fd 7f 00 00
R8 =0x000000780dd5f140 is pointing into the stack for thread: 0x000001d70da0ac70
R9 =0x00000000000001b8 is an unknown value
R10=0x0 is NULL
R11=0x000000780dd5f018 is pointing into the stack for thread: 0x000001d70da0ac70
R12=0x000001d71674eb90 points into unknown readable memory: 0x0ccf1d800ccc8008 | 08 80 cc 0c 80 1d cf 0c
R13=0x0000000000000022 is an unknown value
R14=0x00007ffdbb5f9c68 profilerinterface.dll
R15=0x00007ffdbb5f9a60 profilerinterface.dll


Registers:
RAX=0x000000780dd5f001, RBX=0x000001d70da0ac70, RCX=0x000000000ccc8008, RDX=0x000001d70da0ac70
RSP=0x000000780dd5f020, RBP=0x000000000ccc8008, RSI=0x000000780dd5f140, RDI=0x000001d70cfa1c80
R8 =0x000000780dd5f140, R9 =0x00000000000001b8, R10=0x0000000000000000, R11=0x000000780dd5f018
R12=0x000001d71674eb90, R13=0x0000000000000022, R14=0x00007ffdbb5f9c68, R15=0x00007ffdbb5f9a60
RIP=0x00007ffd8ed3c49b, EFLAGS=0x0000000000010202

Top of Stack: (sp=0x000000780dd5f020)
0x000000780dd5f020:   0000000000000022 000001d71674eb90
0x000000780dd5f030:   000001d70da0ac70 000000780dd5f1f8
0x000000780dd5f040:   000001d70da0ac70 00007ffd8ebfbc6b
0x000000780dd5f050:   0000000000000550 000001d70da0ac70
0x000000780dd5f060:   000001d70da0af98 00007ffdced09d40
0x000000780dd5f070:   000001d70da0ac70 0000000000000000
0x000000780dd5f080:   000001d700000000 0000000000000000
0x000000780dd5f090:   000000000ccc8008 00007ffdbb5f34da
0x000000780dd5f0a0:   0000000000000000 000001d70da0af98
0x000000780dd5f0b0:   0000000000000001 000001d7167d3248
0x000000780dd5f0c0:   000001d71674eb90 00007ffd8eaac687
0x000000780dd5f0d0:   000000000001bb5b 000001d75da1e88f
0x000000780dd5f0e0:   000001d70da0ac70 0000000000000001
0x000000780dd5f0f0:   000001d7167d3248 000001d70da0ac70
0x000000780dd5f100:   000001d70da0ac70 000001d7167d3248
0x000000780dd5f110:   0000000000000000 000000000000006c 

Instructions: (pc=0x00007ffd8ed3c49b)
0x00007ffd8ed3c39b:   00 00 4d 85 f6 74 3c 49 8b 06 49 8b ce 48 89 7c
0x00007ffd8ed3c3ab:   24 38 ff 50 30 49 8b 16 49 8b ce 48 63 d8 ff 52
0x00007ffd8ed3c3bb:   08 48 8b cd 0f b6 f8 e8 b9 ce be ff 48 8b c8 44
0x00007ffd8ed3c3cb:   0f b6 cf 4c 8b c3 49 8b d6 e8 57 44 ff ff 48 8b
0x00007ffd8ed3c3db:   7c 24 38 48 8b 6c 24 58 80 3d 79 6c 4a 00 00 74
0x00007ffd8ed3c3eb:   18 48 8b 4c 24 20 48 8b d6 e8 a7 26 00 00 48 83
0x00007ffd8ed3c3fb:   7e 08 00 74 04 33 db eb 09 48 8b 44 24 20 48 8b
0x00007ffd8ed3c40b:   58 18 48 8d 4c 24 20 e8 99 80 d3 ff 4c 8b 74 24
0x00007ffd8ed3c41b:   30 48 8b c3 48 8b 5c 24 50 48 83 c4 40 5e c3 cc
0x00007ffd8ed3c42b:   cc cc cc cc cc 48 8b 51 08 4c 8b c1 48 8b 42 08
0x00007ffd8ed3c43b:   0f b6 52 24 c0 ea 06 48 8b 48 18 8b 81 a4 00 00
0x00007ffd8ed3c44b:   00 f6 c2 01 75 27 48 85 c9 74 14 8b c8 c1 e9 09
0x00007ffd8ed3c45b:   f6 c1 01 74 0a 41 f7 40 20 02 04 00 00 74 0e 41
0x00007ffd8ed3c46b:   8b 48 20 0b c8 f6 c1 10 74 03 b0 01 c3 41 83 78
0x00007ffd8ed3c47b:   24 fe 0f 94 c0 c3 cc cc cc cc cc cc cc cc cc cc
0x00007ffd8ed3c48b:   cc cc cc cc cc 40 53 48 83 ec 20 48 85 c9 74 24
0x00007ffd8ed3c49b:   48 8b 19 48 85 db 74 1c 48 83 fb 37 74 16 48 8b
0x00007ffd8ed3c4ab:   13 48 8b cb ff 52 10 84 c0 74 09 48 8b c3 48 83
0x00007ffd8ed3c4bb:   c4 20 5b c3 33 c0 48 83 c4 20 5b c3 cc cc cc cc
0x00007ffd8ed3c4cb:   cc cc cc cc cc 40 53 55 41 56 41 57 48 83 ec 28
0x00007ffd8ed3c4db:   48 8b 41 08 33 ed 4c 8b f1 48 8b 50 08 4c 8b 7a
0x00007ffd8ed3c4eb:   18 49 8b 9f 70 01 00 00 48 85 db 0f 84 e5 00 00
0x00007ffd8ed3c4fb:   00 8b 15 ca 39 4f 00 65 48 8b 04 25 58 00 00 00
0x00007ffd8ed3c50b:   48 89 74 24 50 4c 89 64 24 60 4c 89 6c 24 20 41
0x00007ffd8ed3c51b:   bd ff ff 00 00 4c 8d 24 d0 41 b8 40 00 00 00 48
0x00007ffd8ed3c52b:   89 7c 24 58 90 49 8b 56 08 48 8b 73 10 0f b7 42
0x00007ffd8ed3c53b:   2a 66 39 43 08 75 7c 0f b7 42 2c 66 39 43 0a 75
0x00007ffd8ed3c54b:   72 0f b6 03 48 63 4b 04 49 8b 3c 24 88 44 11 38
0x00007ffd8ed3c55b:   41 8b c0 80 3c 38 00 75 05 e8 a3 c5 1f 00 b8 08
0x00007ffd8ed3c56b:   00 00 00 49 8b ce 48 8b 3c 38 48 8b d7 e8 53 2a
0x00007ffd8ed3c57b:   bc ff 48 83 7f 08 00 75 0a 48 85 c0 74 05 66 44
0x00007ffd8ed3c58b:   01 68 16 48 85 ed 74 14 48 8b cb 48 89 75 10 e8 


Stack slot to memory mapping:
stack at sp + 0 slots: 0x0000000000000022 is an unknown value
stack at sp + 1 slots: 0x000001d71674eb90 points into unknown readable memory: 0x0ccf1d800ccc8008 | 08 80 cc 0c 80 1d cf 0c
stack at sp + 2 slots: 0x000001d70da0ac70 is a thread
stack at sp + 3 slots: 0x000000780dd5f1f8 is pointing into the stack for thread: 0x000001d70da0ac70
stack at sp + 4 slots: 0x000001d70da0ac70 is a thread
stack at sp + 5 slots: 0x00007ffd8ebfbc6b jvm.dll
stack at sp + 6 slots: 0x0000000000000550 is an unknown value
stack at sp + 7 slots: 0x000001d70da0ac70 is a thread


---------------  P R O C E S S  ---------------

Threads class SMR info:
_java_thread_list=0x000001d7153cb2b0, length=19, elements={
0x000001d7557b1f90, 0x000001d70cc925d0, 0x000001d70cc930b0, 0x000001d70ccaca60,
0x000001d70ccaf430, 0x000001d70ccb2e10, 0x000001d70ccb4fc0, 0x000001d70ccc16b0,
0x000001d70ccc70d0, 0x000001d70cde8bb0, 0x000001d70cdf1020, 0x000001d70cfe2b00,
0x000001d70cff6c70, 0x000001d70d89fbe0, 0x000001d70d91fff0, 0x000001d70da0ac70,
0x000001d70da65b50, 0x000001d70da66020, 0x000001d7156db820
}

Java Threads: ( => current thread )
  0x000001d7557b1f90 JavaThread "main" [_thread_blocked, id=18616, stack(0x000000780b800000,0x000000780b900000)]
  0x000001d70cc925d0 JavaThread "Reference Handler" daemon [_thread_blocked, id=19304, stack(0x000000780bf00000,0x000000780c000000)]
  0x000001d70cc930b0 JavaThread "Finalizer" daemon [_thread_blocked, id=17156, stack(0x000000780c000000,0x000000780c100000)]
  0x000001d70ccaca60 JavaThread "Signal Dispatcher" daemon [_thread_blocked, id=20360, stack(0x000000780c100000,0x000000780c200000)]
  0x000001d70ccaf430 JavaThread "Attach Listener" daemon [_thread_blocked, id=12096, stack(0x000000780c200000,0x000000780c300000)]
  0x000001d70ccb2e10 JavaThread "Service Thread" daemon [_thread_blocked, id=9876, stack(0x000000780c300000,0x000000780c400000)]
  0x000001d70ccb4fc0 JavaThread "C2 CompilerThread0" daemon [_thread_blocked, id=19272, stack(0x000000780c400000,0x000000780c500000)]
  0x000001d70ccc16b0 JavaThread "C1 CompilerThread0" daemon [_thread_blocked, id=19316, stack(0x000000780c500000,0x000000780c600000)]
  0x000001d70ccc70d0 JavaThread "Sweeper thread" daemon [_thread_blocked, id=20052, stack(0x000000780c600000,0x000000780c700000)]
  0x000001d70cde8bb0 JavaThread "Notification Thread" daemon [_thread_blocked, id=14248, stack(0x000000780c700000,0x000000780c800000)]
  0x000001d70cdf1020 JavaThread "Common-Cleaner" daemon [_thread_blocked, id=13044, stack(0x000000780c900000,0x000000780ca00000)]
  0x000001d70cfe2b00 JavaThread "Java2D Disposer" daemon [_thread_blocked, id=15996, stack(0x000000780ca00000,0x000000780cb00000)]
  0x000001d70cff6c70 JavaThread "AWT-Windows" daemon [_thread_in_native, id=18312, stack(0x000000780cc00000,0x000000780cd00000)]
  0x000001d70d89fbe0 JavaThread "D3D Screen Updater" daemon [_thread_blocked, id=8808, stack(0x000000780d400000,0x000000780d500000)]
  0x000001d70d91fff0 JavaThread "TimerQueue" daemon [_thread_blocked, id=19268, stack(0x000000780d500000,0x000000780d600000)]
=>0x000001d70da0ac70 JavaThread "*** Profiler Agent Communication Thread" daemon [_thread_in_vm, id=5220, stack(0x000000780dc60000,0x000000780dd60000)]
  0x000001d70da65b50 JavaThread "*** JFluid Monitor thread ***" daemon [_thread_blocked, id=20476, stack(0x000000780dd60000,0x000000780de60000)]
  0x000001d70da66020 JavaThread "*** Profiler Agent Special Execution Thread 6" daemon [_thread_blocked, id=19568, stack(0x000000780de60000,0x000000780df60000)]
  0x000001d7156db820 JavaThread "*** Profiler Agent Special Execution Thread 10" daemon [_thread_blocked, id=18740, stack(0x000000780df60000,0x000000780e060000)]

Other Threads:
  0x000001d70cc8ee30 VMThread "VM Thread" [stack: 0x000000780be00000,0x000000780bf00000] [id=14704] _threads_hazard_ptr=0x000001d7153cb2b0
  0x000001d70cdf04f0 WatcherThread [stack: 0x000000780c800000,0x000000780c900000] [id=14160]
  0x000001d755844d40 GCTaskThread "GC Thread#0" [stack: 0x000000780b900000,0x000000780ba00000] [id=10768]
  0x000001d70d5e53c0 GCTaskThread "GC Thread#1" [stack: 0x000000780cb00000,0x000000780cc00000] [id=4584]
  0x000001d70d5e6a10 GCTaskThread "GC Thread#2" [stack: 0x000000780cd00000,0x000000780ce00000] [id=18648]
  0x000001d70d5e40a0 GCTaskThread "GC Thread#3" [stack: 0x000000780d000000,0x000000780d100000] [id=6724]
  0x000001d70d5e56f0 GCTaskThread "GC Thread#4" [stack: 0x000000780d660000,0x000000780d760000] [id=17676]
  0x000001d70d5e3a40 GCTaskThread "GC Thread#5" [stack: 0x000000780d760000,0x000000780d860000] [id=18228]
  0x000001d70d5e4700 GCTaskThread "GC Thread#6" [stack: 0x000000780d860000,0x000000780d960000] [id=13736]
  0x000001d70d5e33e0 GCTaskThread "GC Thread#7" [stack: 0x000000780d960000,0x000000780da60000] [id=18920]
  0x000001d70d5e63b0 GCTaskThread "GC Thread#8" [stack: 0x000000780da60000,0x000000780db60000] [id=14008]
  0x000001d70d5e4a30 GCTaskThread "GC Thread#9" [stack: 0x000000780db60000,0x000000780dc60000] [id=1320]
  0x000001d755851e60 ConcurrentGCThread "G1 Main Marker" [stack: 0x000000780ba00000,0x000000780bb00000] [id=16264]
  0x000001d755852a50 ConcurrentGCThread "G1 Conc#0" [stack: 0x000000780bb00000,0x000000780bc00000] [id=19296]
  0x000001d75588d770 ConcurrentGCThread "G1 Refine#0" [stack: 0x000000780bc00000,0x000000780bd00000] [id=4756]
  0x000001d70c30a2d0 ConcurrentGCThread "G1 Young RemSet Sampling" [stack: 0x000000780bd00000,0x000000780be00000] [id=19652]

Threads with active compile tasks:

VM state: synchronizing (normal execution)

VM Mutex/Monitor currently owned by a thread:  ([mutex/lock_event])
[0x000001d7557ac4b0] Threads_lock - owner thread: 0x000001d70cc8ee30

Heap address: 0x0000000500800000, size: 12280 MB, Compressed Oops mode: Zero based, Oop shift amount: 3
CDS archive(s) mapped at: [0x0000000800000000-0x0000000800b50000-0x0000000800b50000), size 11862016, SharedBaseAddress: 0x0000000800000000, ArchiveRelocationMode: 0.
Compressed class space mapped at: 0x0000000800b50000-0x0000000840b50000, size: 1073741824
Narrow klass base: 0x0000000800000000, Narrow klass shift: 3, Narrow klass range: 0x100000000

GC Precious Log:
 CPUs: 12 total, 12 available
 Memory: 49099M
 Large Page Support: Disabled
 NUMA Support: Disabled
 Compressed Oops: Enabled (Zero based)
 Heap Region Size: 8M
 Heap Min Capacity: 8M
 Heap Initial Capacity: 768M
 Heap Max Capacity: 12280M
 Pre-touch: Disabled
 Parallel Workers: 10
 Concurrent Workers: 3
 Concurrent Refinement Workers: 10
 Periodic GC: Disabled

Heap:
 garbage-first heap   total 786432K, used 67514K [0x0000000500800000, 0x0000000800000000)
  region size 8192K, 10 young (81920K), 1 survivors (8192K)
 Metaspace       used 12826K, capacity 13010K, committed 13056K, reserved 1060864K
  class space    used 1469K, capacity 1528K, committed 1536K, reserved 1048576K

Heap Regions: E=young(eden), S=young(survivor), O=old, HS=humongous(starts), HC=humongous(continues), CS=collection set, F=free, OA=open archive, CA=closed archive, TAMS=top-at-mark-start (previous, next)
|   0|0x0000000500800000, 0x0000000500800000, 0x0000000501000000|  0%| F|  |TAMS 0x0000000500800000, 0x0000000500800000| Untracked 
|   1|0x0000000501000000, 0x0000000501000000, 0x0000000501800000|  0%| F|  |TAMS 0x0000000501000000, 0x0000000501000000| Untracked 
|   2|0x0000000501800000, 0x0000000501800000, 0x0000000502000000|  0%| F|  |TAMS 0x0000000501800000, 0x0000000501800000| Untracked 
|   3|0x0000000502000000, 0x0000000502000000, 0x0000000502800000|  0%| F|  |TAMS 0x0000000502000000, 0x0000000502000000| Untracked 
|   4|0x0000000502800000, 0x0000000502800000, 0x0000000503000000|  0%| F|  |TAMS 0x0000000502800000, 0x0000000502800000| Untracked 
|   5|0x0000000503000000, 0x0000000503000000, 0x0000000503800000|  0%| F|  |TAMS 0x0000000503000000, 0x0000000503000000| Untracked 
|   6|0x0000000503800000, 0x0000000503800000, 0x0000000504000000|  0%| F|  |TAMS 0x0000000503800000, 0x0000000503800000| Untracked 
|   7|0x0000000504000000, 0x0000000504000000, 0x0000000504800000|  0%| F|  |TAMS 0x0000000504000000, 0x0000000504000000| Untracked 
|   8|0x0000000504800000, 0x0000000504800000, 0x0000000505000000|  0%| F|  |TAMS 0x0000000504800000, 0x0000000504800000| Untracked 
|   9|0x0000000505000000, 0x0000000505000000, 0x0000000505800000|  0%| F|  |TAMS 0x0000000505000000, 0x0000000505000000| Untracked 
|  10|0x0000000505800000, 0x0000000505800000, 0x0000000506000000|  0%| F|  |TAMS 0x0000000505800000, 0x0000000505800000| Untracked 
|  11|0x0000000506000000, 0x0000000506000000, 0x0000000506800000|  0%| F|  |TAMS 0x0000000506000000, 0x0000000506000000| Untracked 
|  12|0x0000000506800000, 0x0000000506800000, 0x0000000507000000|  0%| F|  |TAMS 0x0000000506800000, 0x0000000506800000| Untracked 
|  13|0x0000000507000000, 0x0000000507000000, 0x0000000507800000|  0%| F|  |TAMS 0x0000000507000000, 0x0000000507000000| Untracked 
|  14|0x0000000507800000, 0x0000000507800000, 0x0000000508000000|  0%| F|  |TAMS 0x0000000507800000, 0x0000000507800000| Untracked 
|  15|0x0000000508000000, 0x0000000508000000, 0x0000000508800000|  0%| F|  |TAMS 0x0000000508000000, 0x0000000508000000| Untracked 
|  16|0x0000000508800000, 0x0000000508800000, 0x0000000509000000|  0%| F|  |TAMS 0x0000000508800000, 0x0000000508800000| Untracked 
|  17|0x0000000509000000, 0x0000000509000000, 0x0000000509800000|  0%| F|  |TAMS 0x0000000509000000, 0x0000000509000000| Untracked 
|  18|0x0000000509800000, 0x0000000509800000, 0x000000050a000000|  0%| F|  |TAMS 0x0000000509800000, 0x0000000509800000| Untracked 
|  19|0x000000050a000000, 0x000000050a000000, 0x000000050a800000|  0%| F|  |TAMS 0x000000050a000000, 0x000000050a000000| Untracked 
|  20|0x000000050a800000, 0x000000050a800000, 0x000000050b000000|  0%| F|  |TAMS 0x000000050a800000, 0x000000050a800000| Untracked 
|  21|0x000000050b000000, 0x000000050b000000, 0x000000050b800000|  0%| F|  |TAMS 0x000000050b000000, 0x000000050b000000| Untracked 
|  22|0x000000050b800000, 0x000000050b800000, 0x000000050c000000|  0%| F|  |TAMS 0x000000050b800000, 0x000000050b800000| Untracked 
|  23|0x000000050c000000, 0x000000050c000000, 0x000000050c800000|  0%| F|  |TAMS 0x000000050c000000, 0x000000050c000000| Untracked 
|  24|0x000000050c800000, 0x000000050c800000, 0x000000050d000000|  0%| F|  |TAMS 0x000000050c800000, 0x000000050c800000| Untracked 
|  25|0x000000050d000000, 0x000000050d000000, 0x000000050d800000|  0%| F|  |TAMS 0x000000050d000000, 0x000000050d000000| Untracked 
|  26|0x000000050d800000, 0x000000050d800000, 0x000000050e000000|  0%| F|  |TAMS 0x000000050d800000, 0x000000050d800000| Untracked 
|  27|0x000000050e000000, 0x000000050e000000, 0x000000050e800000|  0%| F|  |TAMS 0x000000050e000000, 0x000000050e000000| Untracked 
|  28|0x000000050e800000, 0x000000050e800000, 0x000000050f000000|  0%| F|  |TAMS 0x000000050e800000, 0x000000050e800000| Untracked 
|  29|0x000000050f000000, 0x000000050f000000, 0x000000050f800000|  0%| F|  |TAMS 0x000000050f000000, 0x000000050f000000| Untracked 
|  30|0x000000050f800000, 0x000000050f800000, 0x0000000510000000|  0%| F|  |TAMS 0x000000050f800000, 0x000000050f800000| Untracked 
|  31|0x0000000510000000, 0x0000000510000000, 0x0000000510800000|  0%| F|  |TAMS 0x0000000510000000, 0x0000000510000000| Untracked 
|  32|0x0000000510800000, 0x0000000510800000, 0x0000000511000000|  0%| F|  |TAMS 0x0000000510800000, 0x0000000510800000| Untracked 
|  33|0x0000000511000000, 0x0000000511000000, 0x0000000511800000|  0%| F|  |TAMS 0x0000000511000000, 0x0000000511000000| Untracked 
|  34|0x0000000511800000, 0x0000000511800000, 0x0000000512000000|  0%| F|  |TAMS 0x0000000511800000, 0x0000000511800000| Untracked 
|  35|0x0000000512000000, 0x0000000512000000, 0x0000000512800000|  0%| F|  |TAMS 0x0000000512000000, 0x0000000512000000| Untracked 
|  36|0x0000000512800000, 0x0000000512800000, 0x0000000513000000|  0%| F|  |TAMS 0x0000000512800000, 0x0000000512800000| Untracked 
|  37|0x0000000513000000, 0x0000000513000000, 0x0000000513800000|  0%| F|  |TAMS 0x0000000513000000, 0x0000000513000000| Untracked 
|  38|0x0000000513800000, 0x0000000513800000, 0x0000000514000000|  0%| F|  |TAMS 0x0000000513800000, 0x0000000513800000| Untracked 
|  39|0x0000000514000000, 0x0000000514000000, 0x0000000514800000|  0%| F|  |TAMS 0x0000000514000000, 0x0000000514000000| Untracked 
|  40|0x0000000514800000, 0x0000000514800000, 0x0000000515000000|  0%| F|  |TAMS 0x0000000514800000, 0x0000000514800000| Untracked 
|  41|0x0000000515000000, 0x0000000515000000, 0x0000000515800000|  0%| F|  |TAMS 0x0000000515000000, 0x0000000515000000| Untracked 
|  42|0x0000000515800000, 0x0000000515800000, 0x0000000516000000|  0%| F|  |TAMS 0x0000000515800000, 0x0000000515800000| Untracked 
|  43|0x0000000516000000, 0x0000000516000000, 0x0000000516800000|  0%| F|  |TAMS 0x0000000516000000, 0x0000000516000000| Untracked 
|  44|0x0000000516800000, 0x0000000516800000, 0x0000000517000000|  0%| F|  |TAMS 0x0000000516800000, 0x0000000516800000| Untracked 
|  45|0x0000000517000000, 0x0000000517000000, 0x0000000517800000|  0%| F|  |TAMS 0x0000000517000000, 0x0000000517000000| Untracked 
|  46|0x0000000517800000, 0x0000000517800000, 0x0000000518000000|  0%| F|  |TAMS 0x0000000517800000, 0x0000000517800000| Untracked 
|  47|0x0000000518000000, 0x0000000518000000, 0x0000000518800000|  0%| F|  |TAMS 0x0000000518000000, 0x0000000518000000| Untracked 
|  48|0x0000000518800000, 0x0000000518800000, 0x0000000519000000|  0%| F|  |TAMS 0x0000000518800000, 0x0000000518800000| Untracked 
|  49|0x0000000519000000, 0x0000000519000000, 0x0000000519800000|  0%| F|  |TAMS 0x0000000519000000, 0x0000000519000000| Untracked 
|  50|0x0000000519800000, 0x0000000519800000, 0x000000051a000000|  0%| F|  |TAMS 0x0000000519800000, 0x0000000519800000| Untracked 
|  51|0x000000051a000000, 0x000000051a000000, 0x000000051a800000|  0%| F|  |TAMS 0x000000051a000000, 0x000000051a000000| Untracked 
|  52|0x000000051a800000, 0x000000051a800000, 0x000000051b000000|  0%| F|  |TAMS 0x000000051a800000, 0x000000051a800000| Untracked 
|  53|0x000000051b000000, 0x000000051b000000, 0x000000051b800000|  0%| F|  |TAMS 0x000000051b000000, 0x000000051b000000| Untracked 
|  54|0x000000051b800000, 0x000000051b800000, 0x000000051c000000|  0%| F|  |TAMS 0x000000051b800000, 0x000000051b800000| Untracked 
|  55|0x000000051c000000, 0x000000051c000000, 0x000000051c800000|  0%| F|  |TAMS 0x000000051c000000, 0x000000051c000000| Untracked 
|  56|0x000000051c800000, 0x000000051c800000, 0x000000051d000000|  0%| F|  |TAMS 0x000000051c800000, 0x000000051c800000| Untracked 
|  57|0x000000051d000000, 0x000000051d000000, 0x000000051d800000|  0%| F|  |TAMS 0x000000051d000000, 0x000000051d000000| Untracked 
|  58|0x000000051d800000, 0x000000051d800000, 0x000000051e000000|  0%| F|  |TAMS 0x000000051d800000, 0x000000051d800000| Untracked 
|  59|0x000000051e000000, 0x000000051e000000, 0x000000051e800000|  0%| F|  |TAMS 0x000000051e000000, 0x000000051e000000| Untracked 
|  60|0x000000051e800000, 0x000000051e800000, 0x000000051f000000|  0%| F|  |TAMS 0x000000051e800000, 0x000000051e800000| Untracked 
|  61|0x000000051f000000, 0x000000051f000000, 0x000000051f800000|  0%| F|  |TAMS 0x000000051f000000, 0x000000051f000000| Untracked 
|  62|0x000000051f800000, 0x000000051f800000, 0x0000000520000000|  0%| F|  |TAMS 0x000000051f800000, 0x000000051f800000| Untracked 
|  63|0x0000000520000000, 0x0000000520000000, 0x0000000520800000|  0%| F|  |TAMS 0x0000000520000000, 0x0000000520000000| Untracked 
|  64|0x0000000520800000, 0x0000000520800000, 0x0000000521000000|  0%| F|  |TAMS 0x0000000520800000, 0x0000000520800000| Untracked 
|  65|0x0000000521000000, 0x0000000521000000, 0x0000000521800000|  0%| F|  |TAMS 0x0000000521000000, 0x0000000521000000| Untracked 
|  66|0x0000000521800000, 0x0000000521800000, 0x0000000522000000|  0%| F|  |TAMS 0x0000000521800000, 0x0000000521800000| Untracked 
|  67|0x0000000522000000, 0x0000000522000000, 0x0000000522800000|  0%| F|  |TAMS 0x0000000522000000, 0x0000000522000000| Untracked 
|  68|0x0000000522800000, 0x0000000522800000, 0x0000000523000000|  0%| F|  |TAMS 0x0000000522800000, 0x0000000522800000| Untracked 
|  69|0x0000000523000000, 0x0000000523000000, 0x0000000523800000|  0%| F|  |TAMS 0x0000000523000000, 0x0000000523000000| Untracked 
|  70|0x0000000523800000, 0x0000000523800000, 0x0000000524000000|  0%| F|  |TAMS 0x0000000523800000, 0x0000000523800000| Untracked 
|  71|0x0000000524000000, 0x0000000524000000, 0x0000000524800000|  0%| F|  |TAMS 0x0000000524000000, 0x0000000524000000| Untracked 
|  72|0x0000000524800000, 0x0000000524800000, 0x0000000525000000|  0%| F|  |TAMS 0x0000000524800000, 0x0000000524800000| Untracked 
|  73|0x0000000525000000, 0x0000000525000000, 0x0000000525800000|  0%| F|  |TAMS 0x0000000525000000, 0x0000000525000000| Untracked 
|  74|0x0000000525800000, 0x0000000525800000, 0x0000000526000000|  0%| F|  |TAMS 0x0000000525800000, 0x0000000525800000| Untracked 
|  75|0x0000000526000000, 0x0000000526000000, 0x0000000526800000|  0%| F|  |TAMS 0x0000000526000000, 0x0000000526000000| Untracked 
|  76|0x0000000526800000, 0x0000000526800000, 0x0000000527000000|  0%| F|  |TAMS 0x0000000526800000, 0x0000000526800000| Untracked 
|  77|0x0000000527000000, 0x0000000527000000, 0x0000000527800000|  0%| F|  |TAMS 0x0000000527000000, 0x0000000527000000| Untracked 
|  78|0x0000000527800000, 0x0000000527800000, 0x0000000528000000|  0%| F|  |TAMS 0x0000000527800000, 0x0000000527800000| Untracked 
|  79|0x0000000528000000, 0x0000000528000000, 0x0000000528800000|  0%| F|  |TAMS 0x0000000528000000, 0x0000000528000000| Untracked 
|  80|0x0000000528800000, 0x0000000528800000, 0x0000000529000000|  0%| F|  |TAMS 0x0000000528800000, 0x0000000528800000| Untracked 
|  81|0x0000000529000000, 0x0000000529000000, 0x0000000529800000|  0%| F|  |TAMS 0x0000000529000000, 0x0000000529000000| Untracked 
|  82|0x0000000529800000, 0x00000005299ee8e0, 0x000000052a000000| 24%| S|CS|TAMS 0x0000000529800000, 0x0000000529800000| Complete 
|  83|0x000000052a000000, 0x000000052a000000, 0x000000052a800000|  0%| F|  |TAMS 0x000000052a000000, 0x000000052a000000| Untracked 
|  84|0x000000052a800000, 0x000000052a800000, 0x000000052b000000|  0%| F|  |TAMS 0x000000052a800000, 0x000000052a800000| Untracked 
|  85|0x000000052b000000, 0x000000052b000000, 0x000000052b800000|  0%| F|  |TAMS 0x000000052b000000, 0x000000052b000000| Untracked 
|  86|0x000000052b800000, 0x000000052b800000, 0x000000052c000000|  0%| F|  |TAMS 0x000000052b800000, 0x000000052b800000| Untracked 
|  87|0x000000052c000000, 0x000000052c000800, 0x000000052c800000|  0%| E|  |TAMS 0x000000052c000000, 0x000000052c000000| Complete 
|  88|0x000000052c800000, 0x000000052d000000, 0x000000052d000000|100%| E|CS|TAMS 0x000000052c800000, 0x000000052c800000| Complete 
|  89|0x000000052d000000, 0x000000052d800000, 0x000000052d800000|100%| E|CS|TAMS 0x000000052d000000, 0x000000052d000000| Complete 
|  90|0x000000052d800000, 0x000000052e000000, 0x000000052e000000|100%| E|CS|TAMS 0x000000052d800000, 0x000000052d800000| Complete 
|  91|0x000000052e000000, 0x000000052e800000, 0x000000052e800000|100%| E|CS|TAMS 0x000000052e000000, 0x000000052e000000| Complete 
|  92|0x000000052e800000, 0x000000052f000000, 0x000000052f000000|100%| E|CS|TAMS 0x000000052e800000, 0x000000052e800000| Complete 
|  93|0x000000052f000000, 0x000000052f800000, 0x000000052f800000|100%| E|CS|TAMS 0x000000052f000000, 0x000000052f000000| Complete 
|  94|0x000000052f800000, 0x0000000530000000, 0x0000000530000000|100%| E|CS|TAMS 0x000000052f800000, 0x000000052f800000| Complete 
|  95|0x0000000530000000, 0x0000000530800000, 0x0000000530800000|100%| E|CS|TAMS 0x0000000530000000, 0x0000000530000000| Complete 

Card table byte_map: [0x000001d76e740000,0x000001d76ff40000] _byte_map_base: 0x000001d76bf3c000

Marking Bits (Prev, Next): (CMBitMap*) 0x000001d755845530, (CMBitMap*) 0x000001d755845570
 Prev Bits: [0x000001d771740000, 0x000001d77d720000)
 Next Bits: [0x000001d700000000, 0x000001d70bfe0000)

Polling page: 0x000001d754f90000

Metaspace:

Usage:
  Non-class:     11.21 MB capacity,    11.09 MB ( 99%) used,   106.38 KB ( <1%) free+waste,    18.62 KB ( <1%) overhead. 
      Class:      1.49 MB capacity,     1.43 MB ( 96%) used,    51.37 KB (  3%) free+waste,     7.38 KB ( <1%) overhead. 
       Both:     12.71 MB capacity,    12.53 MB ( 99%) used,   157.75 KB (  1%) free+waste,    26.00 KB ( <1%) overhead. 

Virtual space:
  Non-class space:       12.00 MB reserved,      11.25 MB ( 94%) committed 
      Class space:        1.00 GB reserved,       1.50 MB ( <1%) committed 
             Both:        1.01 GB reserved,      12.75 MB (  1%) committed 

Chunk freelists:
   Non-Class:  38.00 KB
       Class:  8.00 KB
        Both:  46.00 KB

MaxMetaspaceSize: 17179869184.00 GB
CompressedClassSpaceSize: 1.00 GB

CodeHeap 'non-profiled nmethods': size=120000Kb used=502Kb max_used=502Kb free=119497Kb
 bounds [0x000001d7654c0000, 0x000001d765730000, 0x000001d76c9f0000]
CodeHeap 'profiled nmethods': size=120000Kb used=2043Kb max_used=2043Kb free=117957Kb
 bounds [0x000001d75df90000, 0x000001d75e200000, 0x000001d7654c0000]
CodeHeap 'non-nmethods': size=5760Kb used=1351Kb max_used=1370Kb free=4408Kb
 bounds [0x000001d75d9f0000, 0x000001d75dc60000, 0x000001d75df90000]
 total_blobs=2011 nmethods=1355 adapters=568
 compilation: enabled
              stopped_count=0, restarted_count=0
 full_count=0

Compilation events (20 events):
Event: 44.467 Thread 0x000001d70ccc16b0 1347       1       java.lang.Thread::getId (5 bytes)
Event: 44.467 Thread 0x000001d70ccc16b0 nmethod 1347 0x000001d76553d290 code [0x000001d76553d420, 0x000001d76553d4d8]
Event: 44.579 Thread 0x000001d70ccc16b0 1348       3       java.lang.Long::valueOf (40 bytes)
Event: 44.579 Thread 0x000001d70ccc16b0 nmethod 1348 0x000001d75e18b510 code [0x000001d75e18b6c0, 0x000001d75e18b9f8]
Event: 44.753 Thread 0x000001d70ccc16b0 1349       3       java.util.Arrays::equals (43 bytes)
Event: 44.753 Thread 0x000001d70ccc16b0 nmethod 1349 0x000001d75e18bb90 code [0x000001d75e18bd40, 0x000001d75e18bfe8]
Event: 44.785 Thread 0x000001d70ccb4fc0 1350       4       java.lang.Long::hashCode (8 bytes)
Event: 44.785 Thread 0x000001d70ccb4fc0 nmethod 1350 0x000001d76553d590 code [0x000001d76553d700, 0x000001d76553d758]
Event: 44.837 Thread 0x000001d70ccc16b0 1351       3       jdk.internal.util.ArraysSupport::vectorizedMismatch (268 bytes)
Event: 44.838 Thread 0x000001d70ccc16b0 nmethod 1351 0x000001d75e18c110 code [0x000001d75e18c2e0, 0x000001d75e18c6d8]
Event: 44.838 Thread 0x000001d70ccc16b0 1352       3       org.netbeans.lib.profiler.server.ProfilerRuntimeSampler$Sampling::writeThreadInfoNoChange (86 bytes)
Event: 44.838 Thread 0x000001d70ccc16b0 nmethod 1352 0x000001d75e18c890 code [0x000001d75e18ca60, 0x000001d75e18cd88]
Event: 45.042 Thread 0x000001d70ccc16b0 1353       3       jdk.internal.util.ArraysSupport::mismatch (72 bytes)
Event: 45.042 Thread 0x000001d70ccc16b0 nmethod 1353 0x000001d75e18cf10 code [0x000001d75e18d0e0, 0x000001d75e18d498]
Event: 45.182 Thread 0x000001d70ccc16b0 1354 %     3       org.netbeans.lib.profiler.server.ProfilerRuntimeSampler$Sampling::writeThreadInfo @ 154 (254 bytes)
Event: 45.183 Thread 0x000001d70ccc16b0 nmethod 1354% 0x000001d75e18d690 code [0x000001d75e18d880, 0x000001d75e18de88]
Event: 45.203 Thread 0x000001d70ccc16b0 1355       3       org.netbeans.lib.profiler.server.ProfilerRuntimeSampler$Sampling::writeThreadInfo (254 bytes)
Event: 45.204 Thread 0x000001d70ccc16b0 nmethod 1355 0x000001d75e18e210 code [0x000001d75e18e400, 0x000001d75e18e948]
Event: 45.281 Thread 0x000001d70ccb4fc0 1356       4       java.lang.ThreadLocal::getMap (5 bytes)
Event: 45.282 Thread 0x000001d70ccb4fc0 nmethod 1356 0x000001d76553d890 code [0x000001d76553da00, 0x000001d76553da78]

GC Heap History (6 events):
Event: 7.589 GC heap before
{Heap before GC invocations=0 (full 0):
 garbage-first heap   total 786432K, used 32768K [0x0000000500800000, 0x0000000800000000)
  region size 8192K, 4 young (32768K), 0 survivors (0K)
 Metaspace       used 8905K, capacity 9048K, committed 9344K, reserved 1056768K
  class space    used 1038K, capacity 1085K, committed 1152K, reserved 1048576K
}
Event: 7.592 GC heap after
{Heap after GC invocations=1 (full 0):
 garbage-first heap   total 786432K, used 1934K [0x0000000500800000, 0x0000000800000000)
  region size 8192K, 1 young (8192K), 1 survivors (8192K)
 Metaspace       used 8905K, capacity 9048K, committed 9344K, reserved 1056768K
  class space    used 1038K, capacity 1085K, committed 1152K, reserved 1048576K
}
Event: 14.402 GC heap before
{Heap before GC invocations=1 (full 0):
 garbage-first heap   total 786432K, used 34702K [0x0000000500800000, 0x0000000800000000)
  region size 8192K, 5 young (40960K), 1 survivors (8192K)
 Metaspace       used 8908K, capacity 9048K, committed 9344K, reserved 1056768K
  class space    used 1038K, capacity 1085K, committed 1152K, reserved 1048576K
}
Event: 14.404 GC heap after
{Heap after GC invocations=2 (full 0):
 garbage-first heap   total 786432K, used 2061K [0x0000000500800000, 0x0000000800000000)
  region size 8192K, 1 young (8192K), 1 survivors (8192K)
 Metaspace       used 8908K, capacity 9048K, committed 9344K, reserved 1056768K
  class space    used 1038K, capacity 1085K, committed 1152K, reserved 1048576K
}
Event: 36.260 GC heap before
{Heap before GC invocations=2 (full 0):
 garbage-first heap   total 786432K, used 100365K [0x0000000500800000, 0x0000000800000000)
  region size 8192K, 13 young (106496K), 1 survivors (8192K)
 Metaspace       used 8908K, capacity 9048K, committed 9344K, reserved 1056768K
  class space    used 1038K, capacity 1085K, committed 1152K, reserved 1048576K
}
Event: 36.262 GC heap after
{Heap after GC invocations=3 (full 0):
 garbage-first heap   total 786432K, used 1978K [0x0000000500800000, 0x0000000800000000)
  region size 8192K, 1 young (8192K), 1 survivors (8192K)
 Metaspace       used 8908K, capacity 9048K, committed 9344K, reserved 1056768K
  class space    used 1038K, capacity 1085K, committed 1152K, reserved 1048576K
}

Deoptimization events (20 events):
Event: 43.951 Thread 0x000001d70d9c08d0 Uncommon trap: trap_request=0xffffffde fr.pc=0x000001d765514a1c relative=0x000000000000017c
Event: 43.951 Thread 0x000001d70d9c08d0 Uncommon trap: reason=class_check action=maybe_recompile pc=0x000001d765514a1c method=java.util.HashMap.putVal(ILjava/lang/Object;Ljava/lang/Object;ZZ)Ljava/lang/Object; @ 253 c2
Event: 43.951 Thread 0x000001d70d9c08d0 DEOPT PACKING pc=0x000001d765514a1c sp=0x000000780cefdec0
Event: 43.951 Thread 0x000001d70d9c08d0 DEOPT UNPACKING pc=0x000001d75da3e42f sp=0x000000780cefde60 mode 2
Event: 43.951 Thread 0x000001d70d9c08d0 Uncommon trap: trap_request=0xffffffde fr.pc=0x000001d765514a1c relative=0x000000000000017c
Event: 43.951 Thread 0x000001d70d9c08d0 Uncommon trap: reason=class_check action=maybe_recompile pc=0x000001d765514a1c method=java.util.HashMap.putVal(ILjava/lang/Object;Ljava/lang/Object;ZZ)Ljava/lang/Object; @ 253 c2
Event: 43.951 Thread 0x000001d70d9c08d0 DEOPT PACKING pc=0x000001d765514a1c sp=0x000000780cefdec0
Event: 43.951 Thread 0x000001d70d9c08d0 DEOPT UNPACKING pc=0x000001d75da3e42f sp=0x000000780cefde60 mode 2
Event: 43.952 Thread 0x000001d70d9c08d0 Uncommon trap: trap_request=0xffffffde fr.pc=0x000001d765514a1c relative=0x000000000000017c
Event: 43.952 Thread 0x000001d70d9c08d0 Uncommon trap: reason=class_check action=maybe_recompile pc=0x000001d765514a1c method=java.util.HashMap.putVal(ILjava/lang/Object;Ljava/lang/Object;ZZ)Ljava/lang/Object; @ 253 c2
Event: 43.952 Thread 0x000001d70d9c08d0 DEOPT PACKING pc=0x000001d765514a1c sp=0x000000780cefdec0
Event: 43.953 Thread 0x000001d70d9c08d0 DEOPT UNPACKING pc=0x000001d75da3e42f sp=0x000000780cefde60 mode 2
Event: 43.953 Thread 0x000001d70d9c08d0 Uncommon trap: trap_request=0xffffffde fr.pc=0x000001d765514a1c relative=0x000000000000017c
Event: 43.953 Thread 0x000001d70d9c08d0 Uncommon trap: reason=class_check action=maybe_recompile pc=0x000001d765514a1c method=java.util.HashMap.putVal(ILjava/lang/Object;Ljava/lang/Object;ZZ)Ljava/lang/Object; @ 253 c2
Event: 43.953 Thread 0x000001d70d9c08d0 DEOPT PACKING pc=0x000001d765514a1c sp=0x000000780cefdec0
Event: 43.953 Thread 0x000001d70d9c08d0 DEOPT UNPACKING pc=0x000001d75da3e42f sp=0x000000780cefde60 mode 2
Event: 43.992 Thread 0x000001d70d9c08d0 Uncommon trap: trap_request=0xffffff45 fr.pc=0x000001d76550481c relative=0x000000000000213c
Event: 43.992 Thread 0x000001d70d9c08d0 Uncommon trap: reason=unstable_if action=reinterpret pc=0x000001d76550481c method=java.nio.charset.CharsetEncoder.encode(Ljava/nio/CharBuffer;Ljava/nio/ByteBuffer;Z)Ljava/nio/charset/CoderResult; @ 15 c2
Event: 43.992 Thread 0x000001d70d9c08d0 DEOPT PACKING pc=0x000001d76550481c sp=0x000000780cefe8e0
Event: 43.992 Thread 0x000001d70d9c08d0 DEOPT UNPACKING pc=0x000001d75da3e42f sp=0x000000780cefe588 mode 2

Classes unloaded (0 events):
No events

Classes redefined (0 events):
No events

Internal exceptions (20 events):
Event: 0.104 Thread 0x000001d7557b1f90 Exception <a 'java/lang/NoSuchMethodError'{0x0000000530347da8}: 'java.lang.Object java.lang.invoke.DirectMethodHandle$Holder.newInvokeSpecial(java.lang.Object, java.lang.Object, java.lang.Object, java.lang.Object, java.lang.Object)'> (0x0000000530347da8) 
thrown [./open/src/hotspot/share/interpreter/linkResolver.cpp, line 782]
Event: 0.105 Thread 0x000001d7557b1f90 Exception <a 'java/lang/NoSuchMethodError'{0x0000000530353838}: 'java.lang.Object java.lang.invoke.DirectMethodHandle$Holder.invokeStatic(java.lang.Object, int, java.lang.Object, java.lang.Object, java.lang.Object, java.lang.Object)'> (0x0000000530353838) 
thrown [./open/src/hotspot/share/interpreter/linkResolver.cpp, line 782]
Event: 0.108 Thread 0x000001d7557b1f90 Exception <a 'java/lang/NoSuchMethodError'{0x0000000530379ae0}: 'java.lang.Object java.lang.invoke.DirectMethodHandle$Holder.invokeStatic(java.lang.Object, int, java.lang.Object)'> (0x0000000530379ae0) 
thrown [./open/src/hotspot/share/interpreter/linkResolver.cpp, line 782]
Event: 0.124 Thread 0x000001d7557b1f90 Exception <a 'java/lang/ClassNotFoundException'{0x00000005304343d0}: com/sun/swing/internal/plaf/metal/resources/spi/metalProvider> (0x00000005304343d0) 
thrown [./open/src/hotspot/share/classfile/systemDictionary.cpp, line 295]
Event: 0.125 Thread 0x000001d7557b1f90 Exception <a 'java/lang/ClassNotFoundException'{0x0000000530438478}: com/sun/swing/internal/plaf/basic/resources/spi/basicProvider> (0x0000000530438478) 
thrown [./open/src/hotspot/share/classfile/systemDictionary.cpp, line 295]
Event: 0.132 Thread 0x000001d70d300020 Exception <a 'java/lang/NoSuchMethodError'{0x000000053048a5f8}: 'java.lang.Object java.lang.invoke.DirectMethodHandle$Holder.newInvokeSpecial(java.lang.Object, java.lang.Object, java.lang.Object, int, int, int, int, int)'> (0x000000053048a5f8) 
thrown [./open/src/hotspot/share/interpreter/linkResolver.cpp, line 782]
Event: 0.285 Thread 0x000001d7557b1f90 Exception <a 'java/lang/NoSuchMethodError'{0x00000005305b3810}: 'void java.lang.invoke.DirectMethodHandle$Holder.invokeStaticInit(java.lang.Object)'> (0x00000005305b3810) 
thrown [./open/src/hotspot/share/interpreter/linkResolver.cpp, line 782]
Event: 0.335 Thread 0x000001d7557b1f90 Exception <a 'java/lang/NoSuchMethodError'{0x00000005306a49d8}: 'int java.lang.invoke.DirectMethodHandle$Holder.invokeStatic(java.lang.Object)'> (0x00000005306a49d8) 
thrown [./open/src/hotspot/share/interpreter/linkResolver.cpp, line 782]
Event: 43.384 Thread 0x000001d70ccaf430 Exception <a 'java/lang/NoSuchMethodError'{0x000000052e01ae30}: 'java.lang.Object java.lang.invoke.DirectMethodHandle$Holder.invokeInterface(java.lang.Object, java.lang.Object)'> (0x000000052e01ae30) 
thrown [./open/src/hotspot/share/interpreter/linkResolver.cpp, line 782]
Event: 43.405 Thread 0x000001d70da0ac70 Exception <a 'java/lang/NoSuchMethodError'{0x000000052db0a8d0}: 'void java.lang.invoke.DirectMethodHandle$Holder.invokeStatic(java.lang.Object, java.lang.Object)'> (0x000000052db0a8d0) 
thrown [./open/src/hotspot/share/interpreter/linkResolver.cpp, line 782]
Event: 43.933 Thread 0x000001d70d9c08d0 Exception <a 'java/lang/NoSuchMethodError'{0x000000052d822d00}: 'java.lang.Object java.lang.invoke.DirectMethodHandle$Holder.invokeStaticInit(java.lang.Object, java.lang.Object, java.lang.Object)'> (0x000000052d822d00) 
thrown [./open/src/hotspot/share/interpreter/linkResolver.cpp, line 782]
Event: 43.936 Thread 0x000001d70d9c08d0 Exception <a 'java/lang/NoSuchMethodError'{0x000000052d849158}: 'int java.lang.invoke.DirectMethodHandle$Holder.invokeSpecial(java.lang.Object, java.lang.Object, java.lang.Object)'> (0x000000052d849158) 
thrown [./open/src/hotspot/share/interpreter/linkResolver.cpp, line 782]
Event: 43.940 Thread 0x000001d70d9c08d0 Exception <a 'java/lang/NoSuchMethodError'{0x000000052d857440}: 'int java.lang.invoke.DirectMethodHandle$Holder.invokeInterface(java.lang.Object, java.lang.Object)'> (0x000000052d857440) 
thrown [./open/src/hotspot/share/interpreter/linkResolver.cpp, line 782]
Event: 43.941 Thread 0x000001d70d9c08d0 Exception <a 'java/lang/IncompatibleClassChangeError'{0x000000052d85ac38}: Found class java.lang.Object, but interface was expected> (0x000000052d85ac38) 
thrown [./open/src/hotspot/share/interpreter/linkResolver.cpp, line 848]
Event: 43.985 Thread 0x000001d70d9c08d0 Exception <a 'java/lang/NoSuchMethodError'{0x000000052d99d490}: 'void java.lang.invoke.DirectMethodHandle$Holder.invokeStatic(java.lang.Object, java.lang.Object, java.lang.Object)'> (0x000000052d99d490) 
thrown [./open/src/hotspot/share/interpreter/linkResolver.cpp, line 782]
Event: 44.019 Thread 0x000001d70da0ac70 Exception <a 'java/lang/VerifyError'{0x000000052dbb96f0}: Stack map does not match the one at exception handler 21
Exception Details:
  Location:
    org/netbeans/lib/profiler/ConstructorTest.<init>()V @21: astore_1
  Reason:
    Current frame's flags are not assignable to stack map frame's.
  Current Frame:
    bci: @0
    flags: { flagThisUninit }
    locals: { uninitializedThis }
    stack: { 'java/lang/Throwable' }
  Stackmap Frame:
    bci: @21
    flags: { }
    locals: { top }
    stack: { 'java/lan
Event: 44.229 Thread 0x000001d70da0ac70 Exception <a 'java/lang/NoSuchMethodError'{0x000000052dbd8a98}: 'void java.lang.invoke.DirectMethodHandle$Holder.invokeStaticInit(java.lang.Object, java.lang.Object)'> (0x000000052dbd8a98) 
thrown [./open/src/hotspot/share/interpreter/linkResolver.cpp, line 782]
Event: 44.234 Thread 0x000001d70da0ac70 Exception <a 'java/lang/NoSuchMethodError'{0x000000052dc05850}: 'java.lang.Object java.lang.invoke.DirectMethodHandle$Holder.invokeStaticInit(java.lang.Object, int, int, int, int)'> (0x000000052dc05850) 
thrown [./open/src/hotspot/share/interpreter/linkResolver.cpp, line 782]
Event: 44.271 Thread 0x000001d70da0ac70 Exception <a 'java/lang/NoSuchMethodError'{0x000000052dcbe410}: 'java.lang.Object java.lang.invoke.DirectMethodHandle$Holder.invokeStaticInit(java.lang.Object, java.lang.Object, int, int, int, int)'> (0x000000052dcbe410) 
thrown [./open/src/hotspot/share/interpreter/linkResolver.cpp, line 782]
Event: 44.274 Thread 0x000001d70da0ac70 Exception <a 'java/lang/NoSuchMethodError'{0x000000052dcc9060}: 'java.lang.Object java.lang.invoke.Invokers$Holder.invoke_MT(java.lang.Object, java.lang.Object, java.lang.Object)'> (0x000000052dcc9060) 
thrown [./open/src/hotspot/share/interpreter/linkResolver.cpp, line 782]

Events (20 events):
Event: 45.202 Executing VM operation: GetAllStackTraces
Event: 45.203 Executing VM operation: GetAllStackTraces done
Event: 45.203 Executing VM operation: HandshakeAllThreads
Event: 45.203 Executing VM operation: HandshakeAllThreads done
Event: 45.214 Executing VM operation: GetAllStackTraces
Event: 45.214 Executing VM operation: GetAllStackTraces done
Event: 45.233 Executing VM operation: GetAllStackTraces
Event: 45.234 Executing VM operation: GetAllStackTraces done
Event: 45.246 Executing VM operation: GetAllStackTraces
Event: 45.247 Executing VM operation: GetAllStackTraces done
Event: 45.259 Executing VM operation: GetAllStackTraces
Event: 45.260 Executing VM operation: GetAllStackTraces done
Event: 45.276 Executing VM operation: GetAllStackTraces
Event: 45.276 Executing VM operation: GetAllStackTraces done
Event: 45.281 loading class org/netbeans/lib/profiler/wireprotocol/EventBufferDumpedCommand
Event: 45.281 loading class org/netbeans/lib/profiler/wireprotocol/EventBufferDumpedCommand done
Event: 45.282 loading class org/netbeans/lib/profiler/wireprotocol/DumpResultsResponse
Event: 45.282 loading class org/netbeans/lib/profiler/wireprotocol/DumpResultsResponse done
Event: 45.285 loading class org/netbeans/lib/profiler/wireprotocol/GetMethodNamesForJMethodIdsCommand
Event: 45.285 loading class org/netbeans/lib/profiler/wireprotocol/GetMethodNamesForJMethodIdsCommand done


Dynamic libraries:
0x00007ff6e4ad0000 - 0x00007ff6e4adf000 	C:\Program Files\Java\jdk-15.0.2\bin\java.exe
0x00007ffdd0c90000 - 0x00007ffdd0e85000 	C:\Windows\SYSTEM32\ntdll.dll
0x00007ffdcfc30000 - 0x00007ffdcfced000 	C:\Windows\System32\KERNEL32.DLL
0x00007ffdce8c0000 - 0x00007ffdceb88000 	C:\Windows\System32\KERNELBASE.dll
0x00007ffdce540000 - 0x00007ffdce640000 	C:\Windows\System32\ucrtbase.dll
0x00007ffdc8e20000 - 0x00007ffdc8e39000 	C:\Program Files\Java\jdk-15.0.2\bin\VCRUNTIME140.dll
0x00007ffdbfde0000 - 0x00007ffdbfdf8000 	C:\Program Files\Java\jdk-15.0.2\bin\jli.dll
0x00007ffdced90000 - 0x00007ffdcee3c000 	C:\Windows\System32\ADVAPI32.dll
0x00007ffdcecf0000 - 0x00007ffdced8e000 	C:\Windows\System32\msvcrt.dll
0x00007ffdcfa50000 - 0x00007ffdcfaeb000 	C:\Windows\System32\sechost.dll
0x00007ffdcfdd0000 - 0x00007ffdcfefb000 	C:\Windows\System32\RPCRT4.dll
0x00007ffdcf2b0000 - 0x00007ffdcf450000 	C:\Windows\System32\USER32.dll
0x00007ffdce890000 - 0x00007ffdce8b2000 	C:\Windows\System32\win32u.dll
0x00007ffdd0b00000 - 0x00007ffdd0b2a000 	C:\Windows\System32\GDI32.dll
0x00007ffdbb1a0000 - 0x00007ffdbb43a000 	C:\Windows\WinSxS\amd64_microsoft.windows.common-controls_6595b64144ccf1df_6.0.19041.844_none_ca00b6081b84eb1d\COMCTL32.dll
0x00007ffdce430000 - 0x00007ffdce53b000 	C:\Windows\System32\gdi32full.dll
0x00007ffdce740000 - 0x00007ffdce7dd000 	C:\Windows\System32\msvcp_win.dll
0x00007ffdc6d40000 - 0x00007ffdc6d4a000 	C:\Windows\SYSTEM32\VERSION.dll
0x00007ffdcf500000 - 0x00007ffdcf530000 	C:\Windows\System32\IMM32.DLL
0x00007ffdca360000 - 0x00007ffdca36c000 	C:\Program Files\Java\jdk-15.0.2\bin\vcruntime140_1.dll
0x00007ffdc3340000 - 0x00007ffdc33d1000 	C:\Program Files\Java\jdk-15.0.2\bin\msvcp140.dll
0x00007ffd8e760000 - 0x00007ffd8f2be000 	C:\Program Files\Java\jdk-15.0.2\bin\server\jvm.dll
0x00007ffdd0b90000 - 0x00007ffdd0b98000 	C:\Windows\System32\PSAPI.DLL
0x00007ffdb9d50000 - 0x00007ffdb9d59000 	C:\Windows\SYSTEM32\WSOCK32.dll
0x00007ffdc22b0000 - 0x00007ffdc22d7000 	C:\Windows\SYSTEM32\WINMM.dll
0x00007ffdd09c0000 - 0x00007ffdd0a2b000 	C:\Windows\System32\WS2_32.dll
0x00007ffdcc250000 - 0x00007ffdcc262000 	C:\Windows\SYSTEM32\kernel.appcore.dll
0x00007ffdc9b80000 - 0x00007ffdc9b8a000 	C:\Program Files\Java\jdk-15.0.2\bin\jimage.dll
0x00007ffdb9dc0000 - 0x00007ffdb9fa4000 	C:\Windows\SYSTEM32\DBGHELP.DLL
0x00007ffdb7f30000 - 0x00007ffdb7f5c000 	C:\Windows\SYSTEM32\dbgcore.DLL
0x00007ffdce690000 - 0x00007ffdce710000 	C:\Windows\System32\bcryptPrimitives.dll
0x00007ffdc78b0000 - 0x00007ffdc78d5000 	C:\Program Files\Java\jdk-15.0.2\bin\java.dll
0x00007ffdd0060000 - 0x00007ffdd07a2000 	C:\Windows\System32\SHELL32.dll
0x00007ffdcc530000 - 0x00007ffdcccc1000 	C:\Windows\SYSTEM32\windows.storage.dll
0x00007ffdcf530000 - 0x00007ffdcf885000 	C:\Windows\System32\combase.dll
0x00007ffdcde40000 - 0x00007ffdcde6c000 	C:\Windows\SYSTEM32\Wldp.dll
0x00007ffdd0ba0000 - 0x00007ffdd0c4e000 	C:\Windows\System32\SHCORE.dll
0x00007ffdd0960000 - 0x00007ffdd09b5000 	C:\Windows\System32\shlwapi.dll
0x00007ffdce310000 - 0x00007ffdce32f000 	C:\Windows\SYSTEM32\profapi.dll
0x00007ffda3940000 - 0x00007ffda3ac0000 	C:\Program Files\Java\jdk-15.0.2\bin\awt.dll
0x00007ffdd0a30000 - 0x00007ffdd0afd000 	C:\Windows\System32\OLEAUT32.dll
0x00007ffdcbcb0000 - 0x00007ffdcbd40000 	C:\Windows\SYSTEM32\apphelp.dll
0x00007ffdcbe70000 - 0x00007ffdcbf0e000 	C:\Windows\system32\uxtheme.dll
0x00007ffdcf930000 - 0x00007ffdcfa45000 	C:\Windows\System32\MSCTF.dll
0x00007ffdcfaf0000 - 0x00007ffdcfc1a000 	C:\Windows\System32\ole32.dll
0x00007ffdcc220000 - 0x00007ffdcc24f000 	C:\Windows\system32\DWMAPI.DLL
0x00007ffdc7930000 - 0x00007ffdc7948000 	C:\Program Files\Java\jdk-15.0.2\bin\zip.dll
0x00007ffdc2d30000 - 0x00007ffdc2db5000 	C:\Program Files\Java\jdk-15.0.2\bin\freetype.dll
0x00007ffdc20d0000 - 0x00007ffdc2179000 	C:\Program Files\Java\jdk-15.0.2\bin\fontmanager.dll
0x00007ffd944e0000 - 0x00007ffd94606000 	C:\Windows\system32\opengl32.dll
0x00007ffda3c50000 - 0x00007ffda3c7c000 	C:\Windows\SYSTEM32\GLU32.dll
0x00007ffdc5420000 - 0x00007ffdc55ee000 	C:\Windows\system32\d3d9.dll
0x00007ffdc4080000 - 0x00007ffdc4182000 	C:\Windows\System32\DriverStore\FileRepository\nv_dispi.inf_amd64_1c83a5d7cffd7bff\nvldumdx.dll
0x00007ffdcdfc0000 - 0x00007ffdcdfd2000 	C:\Windows\SYSTEM32\msasn1.dll
0x00007ffdc6c10000 - 0x00007ffdc6c41000 	C:\Windows\SYSTEM32\cryptnet.dll
0x00007ffdceb90000 - 0x00007ffdcecef000 	C:\Windows\System32\CRYPT32.dll
0x00007ffdcdd80000 - 0x00007ffdcdd8c000 	C:\Windows\SYSTEM32\cryptbase.dll
0x00007ffdce3d0000 - 0x00007ffdce430000 	C:\Windows\System32\WINTRUST.DLL
0x00007ffdcff60000 - 0x00007ffdcff7d000 	C:\Windows\System32\imagehlp.dll
0x00007ffdcdd90000 - 0x00007ffdcdda8000 	C:\Windows\SYSTEM32\CRYPTSP.dll
0x00007ffdcd4e0000 - 0x00007ffdcd514000 	C:\Windows\system32\rsaenh.dll
0x00007ffdce710000 - 0x00007ffdce737000 	C:\Windows\System32\bcrypt.dll
0x00007ffd82260000 - 0x00007ffd83c7b000 	C:\Windows\System32\DriverStore\FileRepository\nv_dispi.inf_amd64_1c83a5d7cffd7bff\nvd3dumx.dll
0x00007ffdccce0000 - 0x00007ffdccd03000 	C:\Windows\SYSTEM32\gpapi.dll
0x00007ffdc5010000 - 0x00007ffdc504b000 	C:\Windows\SYSTEM32\dxcore.dll
0x00007ffdce640000 - 0x00007ffdce68e000 	C:\Windows\System32\cfgmgr32.dll
0x00007ffdc8860000 - 0x00007ffdc8879000 	C:\Program Files\Java\jdk-15.0.2\bin\net.dll
0x00007ffdc1eb0000 - 0x00007ffdc1fbb000 	C:\Windows\SYSTEM32\WINHTTP.dll
0x00007ffdcdbb0000 - 0x00007ffdcdc1a000 	C:\Windows\system32\mswsock.dll
0x00007ffdc7cf0000 - 0x00007ffdc7d02000 	C:\Program Files\Java\jdk-15.0.2\bin\nio.dll
0x00007ffdcf450000 - 0x00007ffdcf4f9000 	C:\Windows\System32\clbcatq.dll
0x00007ffdc7f00000 - 0x00007ffdc80b4000 	C:\Windows\SYSTEM32\WindowsCodecs.dll
0x00007ffdc1cc0000 - 0x00007ffdc1cfe000 	C:\Windows\system32\dataexchange.dll
0x00007ffdca510000 - 0x00007ffdca774000 	C:\Windows\system32\d3d11.dll
0x00007ffdcb1a0000 - 0x00007ffdcb385000 	C:\Windows\system32\dcomp.dll
0x00007ffdccd10000 - 0x00007ffdcce03000 	C:\Windows\system32\dxgi.dll
0x00007ffdc8170000 - 0x00007ffdc8371000 	C:\Windows\system32\twinapi.appcore.dll
0x00007ffdb8960000 - 0x00007ffdb8a59000 	C:\Windows\SYSTEM32\textinputframework.dll
0x00007ffdcba70000 - 0x00007ffdcbb62000 	C:\Windows\System32\CoreMessaging.dll
0x00007ffdcb390000 - 0x00007ffdcb6ee000 	C:\Windows\System32\CoreUIComponents.dll
0x00007ffdca3b0000 - 0x00007ffdca504000 	C:\Windows\SYSTEM32\wintypes.dll
0x00007ffdcd110000 - 0x00007ffdcd143000 	C:\Windows\SYSTEM32\ntmarta.dll
0x00007ffdc0780000 - 0x00007ffdc078e000 	C:\Program Files\Java\jdk-15.0.2\bin\instrument.dll
0x00007ffdbb5f0000 - 0x00007ffdbb5ff000 	D:\Program Files\NetBeans-12.3\netbeans\profiler\lib\deployed\jdk16\windows-amd64\profilerinterface.dll
0x00007ffdca3a0000 - 0x00007ffdca3a9000 	C:\Program Files\Java\jdk-15.0.2\bin\management.dll
0x00007ffdca320000 - 0x00007ffdca32b000 	C:\Program Files\Java\jdk-15.0.2\bin\management_ext.dll
0x00007ffdce2d0000 - 0x00007ffdce2fe000 	C:\Windows\SYSTEM32\USERENV.dll
0x00007ffdcd850000 - 0x00007ffdcd88b000 	C:\Windows\SYSTEM32\IPHLPAPI.DLL
0x00007ffdcfc20000 - 0x00007ffdcfc28000 	C:\Windows\System32\NSI.dll
0x00007ffdc6d90000 - 0x00007ffdc6da7000 	C:\Windows\SYSTEM32\dhcpcsvc6.DLL
0x00007ffdc6d50000 - 0x00007ffdc6d6d000 	C:\Windows\SYSTEM32\dhcpcsvc.DLL
0x00007ffdcd890000 - 0x00007ffdcd95c000 	C:\Windows\SYSTEM32\DNSAPI.dll

dbghelp: loaded successfully - version: 4.0.5 - missing functions: none
symbol engine: initialized successfully - sym options: 0x614 - pdb path: .;C:\Program Files\Java\jdk-15.0.2\bin;C:\Windows\SYSTEM32;C:\Windows\WinSxS\amd64_microsoft.windows.common-controls_6595b64144ccf1df_6.0.19041.844_none_ca00b6081b84eb1d;C:\Program Files\Java\jdk-15.0.2\bin\server;C:\Windows\System32\DriverStore\FileRepository\nv_dispi.inf_amd64_1c83a5d7cffd7bff;D:\Program Files\NetBeans-12.3\netbeans\profiler\lib\deployed\jdk16\windows-amd64

VM Arguments:
java_command: iek.agdimitr.ackermannfunction.AckermannMain
java_class_path (initial): D:\Users\User\Documents\NetBeansProjects\AckermannFunction\target\classes
Launcher Type: SUN_STANDARD

[Global flags]
     intx CICompilerCount                          = 4                                         {product} {ergonomic}
     uint ConcGCThreads                            = 3                                         {product} {ergonomic}
     uint G1ConcRefinementThreads                  = 10                                        {product} {ergonomic}
   size_t G1HeapRegionSize                         = 8388608                                   {product} {ergonomic}
    uintx GCDrainStackTargetSize                   = 64                                        {product} {ergonomic}
   size_t InitialHeapSize                          = 805306368                                 {product} {ergonomic}
   size_t MarkStackSize                            = 4194304                                   {product} {ergonomic}
   size_t MaxHeapSize                              = 12876513280                               {product} {ergonomic}
   size_t MaxNewSize                               = 7725907968                                {product} {ergonomic}
   size_t MinHeapDeltaBytes                        = 8388608                                   {product} {ergonomic}
   size_t MinHeapSize                              = 8388608                                   {product} {ergonomic}
    uintx NonNMethodCodeHeapSize                   = 5839372                                {pd product} {ergonomic}
    uintx NonProfiledCodeHeapSize                  = 122909434                              {pd product} {ergonomic}
    uintx ProfiledCodeHeapSize                     = 122909434                              {pd product} {ergonomic}
    uintx ReservedCodeCacheSize                    = 251658240                              {pd product} {ergonomic}
     bool SegmentedCodeCache                       = true                                      {product} {ergonomic}
   size_t SoftMaxHeapSize                          = 12876513280                            {manageable} {ergonomic}
     bool UseCompressedClassPointers               = true                                 {lp64_product} {ergonomic}
     bool UseCompressedOops                        = true                                 {lp64_product} {ergonomic}
     bool UseG1GC                                  = true                                      {product} {ergonomic}
     bool UseLargePagesIndividualAllocation        = false                                  {pd product} {ergonomic}

Logging:
Log output configuration:
 #0: stdout all=warning uptime,level,tags
 #1: stderr all=off uptime,level,tags

Environment Variables:
JAVA_HOME=C:\Program Files\Java\jdk-15.0.2
CLASSPATH=D:\Program Files\NetBeans-12.3\netbeans\java\maven\lib\ext
PATH=C:\Program Files\Common Files\Oracle\Java\javapath;C:\Program Files\Java\jdk-15.0.2\bin;C:\Windows\system32;C:\Windows;C:\Windows\System32\Wbem;C:\Windows\System32\WindowsPowerShell\v1.0\;C:\Windows\System32\OpenSSH\;C:\Program Files (x86)\NVIDIA Corporation\PhysX\Common;C:\Program Files\PuTTY\;C:\Program Files\Microsoft VS Code\bin;C:\Program Files\Git\cmd;C:\Program Files\Java\jdk-15.0.2;C:\Users\User\AppData\Local\Microsoft\WindowsApps;
USERNAME=User
OS=Windows_NT
PROCESSOR_IDENTIFIER=Intel64 Family 6 Model 158 Stepping 10, GenuineIntel



---------------  S Y S T E M  ---------------

OS:
 Windows 10 , 64 bit Build 19041 (10.0.19041.928)
OS uptime: 1 days 2:38 hours

CPU: total 12 (initial active 12) (6 cores per cpu, 2 threads per core) family 6 model 158 stepping 10 microcode 0xde, cmov, cx8, fxsr, mmx, sse, sse2, sse3, ssse3, sse4.1, sse4.2, popcnt, vzeroupper, avx, avx2, aes, clmul, erms, rtm, 3dnowpref, lzcnt, ht, tsc, tscinvbit, bmi1, bmi2, adx, fma, clflush, clflushopt

Memory: 4k page, system-wide physical 49099M (39083M free)
TotalPageFile size 111099M (AvailPageFile size 97537M)
current process WorkingSet (physical memory assigned to process): 197M, peak: 197M
current process commit charge ("private bytes"): 932M, peak: 933M

vm_info: Java HotSpot(TM) 64-Bit Server VM (15.0.2+7-27) for windows-amd64 JRE (15.0.2+7-27), built on Dec  7 2020 20:07:01 by "mach5one" with unknown MS VC++:1925

END.
