#
# A fatal error has been detected by the Java Runtime Environment:
#
#  EXCEPTION_ACCESS_VIOLATION (0xc0000005) at pc=0x00007ffd8ed3c49b, pid=15412, tid=8400
#
# JRE version: Java(TM) SE Runtime Environment (15.0.2+7) (build 15.0.2+7-27)
# Java VM: Java HotSpot(TM) 64-Bit Server VM (15.0.2+7-27, mixed mode, sharing, tiered, compressed oops, g1 gc, windows-amd64)
# Problematic frame:
# V  [jvm.dll+0x5dc49b]
#
# No core dump will be written. Minidumps are not enabled by default on client versions of Windows
#
# If you would like to submit a bug report, please visit:
#   https://bugreport.java.com/bugreport/crash.jsp
#

---------------  S U M M A R Y ------------

Command Line: iek.agdimitr.ackermannfunction.AckermannMain

Host: Intel(R) Core(TM) i7-8700 CPU @ 3.20GHz, 12 cores, 47G,  Windows 10 , 64 bit Build 19041 (10.0.19041.928)
Time: Sun May  9 18:17:45 2021 GTB Daylight Time elapsed time: 16.857200 seconds (0d 0h 0m 16s)

---------------  T H R E A D  ---------------

Current thread (0x0000025db8bdaa90):  JavaThread "*** Profiler Agent Communication Thread" daemon [_thread_in_vm, id=8400, stack(0x0000007f3ef60000,0x0000007f3f060000)]

Stack: [0x0000007f3ef60000,0x0000007f3f060000],  sp=0x0000007f3f05eb50,  free space=1018k
Native frames: (J=compiled Java code, j=interpreted, Vv=VM code, C=native code)
V  [jvm.dll+0x5dc49b]
V  [jvm.dll+0x49bc6b]
C  [profilerinterface.dll+0x34da]

Java frames: (J=compiled Java code, j=interpreted, Vv=VM code)
j  org.netbeans.lib.profiler.server.system.Stacks.getMethodNamesForJMethodIds(I[I[I)[B+0
j  org.netbeans.lib.profiler.server.ProfilerInterface.getMethodNamesForJMethodIds([I)Lorg/netbeans/lib/profiler/wireprotocol/MethodNamesResponse;+20
j  org.netbeans.lib.profiler.server.ProfilerServer.handleClientCommand(Lorg/netbeans/lib/profiler/wireprotocol/Command;)V+691
j  org.netbeans.lib.profiler.server.ProfilerServer.listenToClient()V+48
j  org.netbeans.lib.profiler.server.ProfilerServer.run()V+22
v  ~StubRoutines::call_stub

siginfo: EXCEPTION_ACCESS_VIOLATION (0xc0000005), reading address 0xffffffffb8b02bc0


Register to memory mapping:

RIP=0x00007ffd8ed3c49b jvm.dll
RAX=0x0000007f3f05eb01 is pointing into the stack for thread: 0x0000025db8bdaa90
RBX=0x0000025db8bdaa90 is a thread
RCX=0xffffffffb8b02bc0 is an unknown value
RDX=0x0000025db8bdaa90 is a thread
RSP=0x0000007f3f05eb50 is pointing into the stack for thread: 0x0000025db8bdaa90
RBP=0xffffffffb8b02bc0 is an unknown value
RSI=0x0000007f3f05ec70 is pointing into the stack for thread: 0x0000025db8bdaa90
RDI=0x0000025db8af5310 points into unknown readable memory: 0x00007ffd8f16b970 | 70 b9 16 8f fd 7f 00 00
R8 =0x0000007f3f05ec70 is pointing into the stack for thread: 0x0000025db8bdaa90
R9 =0x000000000000021c is an unknown value
R10=0x0 is NULL
R11=0x0000007f3f05eb48 is pointing into the stack for thread: 0x0000025db8bdaa90
R12=0x0000025dc090bae0 points into unknown readable memory: 0x38b02bd038b02bc0 | c0 2b b0 38 d0 2b b0 38
R13=0x000000000000002f is an unknown value
R14=0x00007ffdc33f9c68 profilerinterface.dll
R15=0x00007ffdc33f9a60 profilerinterface.dll


Registers:
RAX=0x0000007f3f05eb01, RBX=0x0000025db8bdaa90, RCX=0xffffffffb8b02bc0, RDX=0x0000025db8bdaa90
RSP=0x0000007f3f05eb50, RBP=0xffffffffb8b02bc0, RSI=0x0000007f3f05ec70, RDI=0x0000025db8af5310
R8 =0x0000007f3f05ec70, R9 =0x000000000000021c, R10=0x0000000000000000, R11=0x0000007f3f05eb48
R12=0x0000025dc090bae0, R13=0x000000000000002f, R14=0x00007ffdc33f9c68, R15=0x00007ffdc33f9a60
RIP=0x00007ffd8ed3c49b, EFLAGS=0x0000000000010286

Top of Stack: (sp=0x0000007f3f05eb50)
0x0000007f3f05eb50:   000000000000002f 0000025dc090bae0
0x0000007f3f05eb60:   0000025db8bdaa90 0000007f3f05ed28
0x0000007f3f05eb70:   0000025db8bdaa90 00007ffd8ebfbc6b
0x0000007f3f05eb80:   0000000000000758 0000025db8bdaa90
0x0000007f3f05eb90:   0000025db8bdadb8 00007ffdced09d40
0x0000007f3f05eba0:   0000025db8bdaa90 0000000000000000
0x0000007f3f05ebb0:   0000025d00000000 0000000000000000
0x0000007f3f05ebc0:   ffffffffb8b02bc0 00007ffdc33f34da
0x0000007f3f05ebd0:   0000000000000000 0000025db8bdadb8
0x0000007f3f05ebe0:   0000000000000001 0000025dc18fedc0
0x0000007f3f05ebf0:   0000025dc090bae0 00007ffd8eaac687
0x0000007f3f05ec00:   000000000001bb5b 0000025d8959e81f
0x0000007f3f05ec10:   0000025db8bdaa90 0000000000000001
0x0000007f3f05ec20:   0000025dc18fedc0 0000025db8bdaa90
0x0000007f3f05ec30:   0000025db8bdaa90 0000025dc18fedc0
0x0000007f3f05ec40:   0000000000000000 0000025d89579c90 

Instructions: (pc=0x00007ffd8ed3c49b)
0x00007ffd8ed3c39b:   00 00 4d 85 f6 74 3c 49 8b 06 49 8b ce 48 89 7c
0x00007ffd8ed3c3ab:   24 38 ff 50 30 49 8b 16 49 8b ce 48 63 d8 ff 52
0x00007ffd8ed3c3bb:   08 48 8b cd 0f b6 f8 e8 b9 ce be ff 48 8b c8 44
0x00007ffd8ed3c3cb:   0f b6 cf 4c 8b c3 49 8b d6 e8 57 44 ff ff 48 8b
0x00007ffd8ed3c3db:   7c 24 38 48 8b 6c 24 58 80 3d 79 6c 4a 00 00 74
0x00007ffd8ed3c3eb:   18 48 8b 4c 24 20 48 8b d6 e8 a7 26 00 00 48 83
0x00007ffd8ed3c3fb:   7e 08 00 74 04 33 db eb 09 48 8b 44 24 20 48 8b
0x00007ffd8ed3c40b:   58 18 48 8d 4c 24 20 e8 99 80 d3 ff 4c 8b 74 24
0x00007ffd8ed3c41b:   30 48 8b c3 48 8b 5c 24 50 48 83 c4 40 5e c3 cc
0x00007ffd8ed3c42b:   cc cc cc cc cc 48 8b 51 08 4c 8b c1 48 8b 42 08
0x00007ffd8ed3c43b:   0f b6 52 24 c0 ea 06 48 8b 48 18 8b 81 a4 00 00
0x00007ffd8ed3c44b:   00 f6 c2 01 75 27 48 85 c9 74 14 8b c8 c1 e9 09
0x00007ffd8ed3c45b:   f6 c1 01 74 0a 41 f7 40 20 02 04 00 00 74 0e 41
0x00007ffd8ed3c46b:   8b 48 20 0b c8 f6 c1 10 74 03 b0 01 c3 41 83 78
0x00007ffd8ed3c47b:   24 fe 0f 94 c0 c3 cc cc cc cc cc cc cc cc cc cc
0x00007ffd8ed3c48b:   cc cc cc cc cc 40 53 48 83 ec 20 48 85 c9 74 24
0x00007ffd8ed3c49b:   48 8b 19 48 85 db 74 1c 48 83 fb 37 74 16 48 8b
0x00007ffd8ed3c4ab:   13 48 8b cb ff 52 10 84 c0 74 09 48 8b c3 48 83
0x00007ffd8ed3c4bb:   c4 20 5b c3 33 c0 48 83 c4 20 5b c3 cc cc cc cc
0x00007ffd8ed3c4cb:   cc cc cc cc cc 40 53 55 41 56 41 57 48 83 ec 28
0x00007ffd8ed3c4db:   48 8b 41 08 33 ed 4c 8b f1 48 8b 50 08 4c 8b 7a
0x00007ffd8ed3c4eb:   18 49 8b 9f 70 01 00 00 48 85 db 0f 84 e5 00 00
0x00007ffd8ed3c4fb:   00 8b 15 ca 39 4f 00 65 48 8b 04 25 58 00 00 00
0x00007ffd8ed3c50b:   48 89 74 24 50 4c 89 64 24 60 4c 89 6c 24 20 41
0x00007ffd8ed3c51b:   bd ff ff 00 00 4c 8d 24 d0 41 b8 40 00 00 00 48
0x00007ffd8ed3c52b:   89 7c 24 58 90 49 8b 56 08 48 8b 73 10 0f b7 42
0x00007ffd8ed3c53b:   2a 66 39 43 08 75 7c 0f b7 42 2c 66 39 43 0a 75
0x00007ffd8ed3c54b:   72 0f b6 03 48 63 4b 04 49 8b 3c 24 88 44 11 38
0x00007ffd8ed3c55b:   41 8b c0 80 3c 38 00 75 05 e8 a3 c5 1f 00 b8 08
0x00007ffd8ed3c56b:   00 00 00 49 8b ce 48 8b 3c 38 48 8b d7 e8 53 2a
0x00007ffd8ed3c57b:   bc ff 48 83 7f 08 00 75 0a 48 85 c0 74 05 66 44
0x00007ffd8ed3c58b:   01 68 16 48 85 ed 74 14 48 8b cb 48 89 75 10 e8 


Stack slot to memory mapping:
stack at sp + 0 slots: 0x000000000000002f is an unknown value
stack at sp + 1 slots: 0x0000025dc090bae0 points into unknown readable memory: 0x38b02bd038b02bc0 | c0 2b b0 38 d0 2b b0 38
stack at sp + 2 slots: 0x0000025db8bdaa90 is a thread
stack at sp + 3 slots: 0x0000007f3f05ed28 is pointing into the stack for thread: 0x0000025db8bdaa90
stack at sp + 4 slots: 0x0000025db8bdaa90 is a thread
stack at sp + 5 slots: 0x00007ffd8ebfbc6b jvm.dll
stack at sp + 6 slots: 0x0000000000000758 is an unknown value
stack at sp + 7 slots: 0x0000025db8bdaa90 is a thread


---------------  P R O C E S S  ---------------

Threads class SMR info:
_java_thread_list=0x0000025db84e1440, length=21, elements={
0x0000025dff580850, 0x0000025db7e25340, 0x0000025db7e25f10, 0x0000025db7e3f720,
0x0000025db7e420f0, 0x0000025db7e43bb0, 0x0000025db7e479b0, 0x0000025db7e49930,
0x0000025db7e4e9a0, 0x0000025db7f89220, 0x0000025db7fb1c20, 0x0000025db84391b0,
0x0000025db84217c0, 0x0000025db8421c90, 0x0000025db8961090, 0x0000025db8a51930,
0x0000025db8af1c90, 0x0000025db8bdaa90, 0x0000025db8b79390, 0x0000025db8160030,
0x0000025db8162b80
}

Java Threads: ( => current thread )
  0x0000025dff580850 JavaThread "main" [_thread_blocked, id=17488, stack(0x0000007f3d100000,0x0000007f3d200000)]
  0x0000025db7e25340 JavaThread "Reference Handler" daemon [_thread_blocked, id=1520, stack(0x0000007f3d800000,0x0000007f3d900000)]
  0x0000025db7e25f10 JavaThread "Finalizer" daemon [_thread_blocked, id=19984, stack(0x0000007f3d900000,0x0000007f3da00000)]
  0x0000025db7e3f720 JavaThread "Signal Dispatcher" daemon [_thread_blocked, id=17012, stack(0x0000007f3da00000,0x0000007f3db00000)]
  0x0000025db7e420f0 JavaThread "Attach Listener" daemon [_thread_blocked, id=11280, stack(0x0000007f3db00000,0x0000007f3dc00000)]
  0x0000025db7e43bb0 JavaThread "Service Thread" daemon [_thread_blocked, id=12232, stack(0x0000007f3dc00000,0x0000007f3dd00000)]
  0x0000025db7e479b0 JavaThread "C2 CompilerThread0" daemon [_thread_blocked, id=10348, stack(0x0000007f3dd00000,0x0000007f3de00000)]
  0x0000025db7e49930 JavaThread "C1 CompilerThread0" daemon [_thread_blocked, id=18968, stack(0x0000007f3de00000,0x0000007f3df00000)]
  0x0000025db7e4e9a0 JavaThread "Sweeper thread" daemon [_thread_blocked, id=16976, stack(0x0000007f3df00000,0x0000007f3e000000)]
  0x0000025db7f89220 JavaThread "Notification Thread" daemon [_thread_blocked, id=17028, stack(0x0000007f3e000000,0x0000007f3e100000)]
  0x0000025db7fb1c20 JavaThread "Common-Cleaner" daemon [_thread_blocked, id=20464, stack(0x0000007f3e200000,0x0000007f3e300000)]
  0x0000025db84391b0 JavaThread "Java2D Disposer" daemon [_thread_blocked, id=18116, stack(0x0000007f3e300000,0x0000007f3e400000)]
  0x0000025db84217c0 JavaThread "AWT-Shutdown" [_thread_blocked, id=19000, stack(0x0000007f3e400000,0x0000007f3e500000)]
  0x0000025db8421c90 JavaThread "AWT-Windows" daemon [_thread_in_native, id=4692, stack(0x0000007f3e500000,0x0000007f3e600000)]
  0x0000025db8961090 JavaThread "AWT-EventQueue-0" [_thread_blocked, id=17948, stack(0x0000007f3e900000,0x0000007f3ea00000)]
  0x0000025db8a51930 JavaThread "D3D Screen Updater" daemon [_thread_blocked, id=19792, stack(0x0000007f3ed00000,0x0000007f3ee00000)]
  0x0000025db8af1c90 JavaThread "TimerQueue" daemon [_thread_blocked, id=19296, stack(0x0000007f3ee00000,0x0000007f3ef00000)]
=>0x0000025db8bdaa90 JavaThread "*** Profiler Agent Communication Thread" daemon [_thread_in_vm, id=8400, stack(0x0000007f3ef60000,0x0000007f3f060000)]
  0x0000025db8b79390 JavaThread "*** JFluid Monitor thread ***" daemon [_thread_blocked, id=18660, stack(0x0000007f3f060000,0x0000007f3f160000)]
  0x0000025db8160030 JavaThread "*** Profiler Agent Special Execution Thread 6" daemon [_thread_blocked, id=19300, stack(0x0000007f3f160000,0x0000007f3f260000)]
  0x0000025db8162b80 JavaThread "*** Profiler Agent Special Execution Thread 10" daemon [_thread_blocked, id=7728, stack(0x0000007f3f260000,0x0000007f3f360000)]

Other Threads:
  0x0000025db7e21ab0 VMThread "VM Thread" [stack: 0x0000007f3d700000,0x0000007f3d800000] [id=19544] _threads_hazard_ptr=0x0000025db84e1440
  0x0000025db7faef40 WatcherThread [stack: 0x0000007f3e100000,0x0000007f3e200000] [id=5960]
  0x0000025dff614b40 GCTaskThread "GC Thread#0" [stack: 0x0000007f3d200000,0x0000007f3d300000] [id=7996]
  0x0000025dff622cf0 ConcurrentGCThread "G1 Main Marker" [stack: 0x0000007f3d300000,0x0000007f3d400000] [id=19816]
  0x0000025dff6238e0 ConcurrentGCThread "G1 Conc#0" [stack: 0x0000007f3d400000,0x0000007f3d500000] [id=18348]
  0x0000025db7499010 ConcurrentGCThread "G1 Refine#0" [stack: 0x0000007f3d500000,0x0000007f3d600000] [id=12136]
  0x0000025db7499c10 ConcurrentGCThread "G1 Young RemSet Sampling" [stack: 0x0000007f3d600000,0x0000007f3d700000] [id=19780]

Threads with active compile tasks:

VM state: synchronizing (normal execution)

VM Mutex/Monitor currently owned by a thread:  ([mutex/lock_event])
[0x0000025dff57c5f0] Threads_lock - owner thread: 0x0000025db7e21ab0

Heap address: 0x0000000500800000, size: 12280 MB, Compressed Oops mode: Zero based, Oop shift amount: 3
CDS archive(s) mapped at: [0x0000000800000000-0x0000000800b50000-0x0000000800b50000), size 11862016, SharedBaseAddress: 0x0000000800000000, ArchiveRelocationMode: 0.
Compressed class space mapped at: 0x0000000800b50000-0x0000000840b50000, size: 1073741824
Narrow klass base: 0x0000000800000000, Narrow klass shift: 3, Narrow klass range: 0x100000000

GC Precious Log:
 CPUs: 12 total, 12 available
 Memory: 49099M
 Large Page Support: Disabled
 NUMA Support: Disabled
 Compressed Oops: Enabled (Zero based)
 Heap Region Size: 8M
 Heap Min Capacity: 8M
 Heap Initial Capacity: 768M
 Heap Max Capacity: 12280M
 Pre-touch: Disabled
 Parallel Workers: 10
 Concurrent Workers: 3
 Concurrent Refinement Workers: 10
 Periodic GC: Disabled

Heap:
 garbage-first heap   total 786432K, used 16384K [0x0000000500800000, 0x0000000800000000)
  region size 8192K, 3 young (24576K), 0 survivors (0K)
 Metaspace       used 12454K, capacity 12645K, committed 12800K, reserved 1060864K
  class space    used 1416K, capacity 1494K, committed 1536K, reserved 1048576K

Heap Regions: E=young(eden), S=young(survivor), O=old, HS=humongous(starts), HC=humongous(continues), CS=collection set, F=free, OA=open archive, CA=closed archive, TAMS=top-at-mark-start (previous, next)
|   0|0x0000000500800000, 0x0000000500800000, 0x0000000501000000|  0%| F|  |TAMS 0x0000000500800000, 0x0000000500800000| Untracked 
|   1|0x0000000501000000, 0x0000000501000000, 0x0000000501800000|  0%| F|  |TAMS 0x0000000501000000, 0x0000000501000000| Untracked 
|   2|0x0000000501800000, 0x0000000501800000, 0x0000000502000000|  0%| F|  |TAMS 0x0000000501800000, 0x0000000501800000| Untracked 
|   3|0x0000000502000000, 0x0000000502000000, 0x0000000502800000|  0%| F|  |TAMS 0x0000000502000000, 0x0000000502000000| Untracked 
|   4|0x0000000502800000, 0x0000000502800000, 0x0000000503000000|  0%| F|  |TAMS 0x0000000502800000, 0x0000000502800000| Untracked 
|   5|0x0000000503000000, 0x0000000503000000, 0x0000000503800000|  0%| F|  |TAMS 0x0000000503000000, 0x0000000503000000| Untracked 
|   6|0x0000000503800000, 0x0000000503800000, 0x0000000504000000|  0%| F|  |TAMS 0x0000000503800000, 0x0000000503800000| Untracked 
|   7|0x0000000504000000, 0x0000000504000000, 0x0000000504800000|  0%| F|  |TAMS 0x0000000504000000, 0x0000000504000000| Untracked 
|   8|0x0000000504800000, 0x0000000504800000, 0x0000000505000000|  0%| F|  |TAMS 0x0000000504800000, 0x0000000504800000| Untracked 
|   9|0x0000000505000000, 0x0000000505000000, 0x0000000505800000|  0%| F|  |TAMS 0x0000000505000000, 0x0000000505000000| Untracked 
|  10|0x0000000505800000, 0x0000000505800000, 0x0000000506000000|  0%| F|  |TAMS 0x0000000505800000, 0x0000000505800000| Untracked 
|  11|0x0000000506000000, 0x0000000506000000, 0x0000000506800000|  0%| F|  |TAMS 0x0000000506000000, 0x0000000506000000| Untracked 
|  12|0x0000000506800000, 0x0000000506800000, 0x0000000507000000|  0%| F|  |TAMS 0x0000000506800000, 0x0000000506800000| Untracked 
|  13|0x0000000507000000, 0x0000000507000000, 0x0000000507800000|  0%| F|  |TAMS 0x0000000507000000, 0x0000000507000000| Untracked 
|  14|0x0000000507800000, 0x0000000507800000, 0x0000000508000000|  0%| F|  |TAMS 0x0000000507800000, 0x0000000507800000| Untracked 
|  15|0x0000000508000000, 0x0000000508000000, 0x0000000508800000|  0%| F|  |TAMS 0x0000000508000000, 0x0000000508000000| Untracked 
|  16|0x0000000508800000, 0x0000000508800000, 0x0000000509000000|  0%| F|  |TAMS 0x0000000508800000, 0x0000000508800000| Untracked 
|  17|0x0000000509000000, 0x0000000509000000, 0x0000000509800000|  0%| F|  |TAMS 0x0000000509000000, 0x0000000509000000| Untracked 
|  18|0x0000000509800000, 0x0000000509800000, 0x000000050a000000|  0%| F|  |TAMS 0x0000000509800000, 0x0000000509800000| Untracked 
|  19|0x000000050a000000, 0x000000050a000000, 0x000000050a800000|  0%| F|  |TAMS 0x000000050a000000, 0x000000050a000000| Untracked 
|  20|0x000000050a800000, 0x000000050a800000, 0x000000050b000000|  0%| F|  |TAMS 0x000000050a800000, 0x000000050a800000| Untracked 
|  21|0x000000050b000000, 0x000000050b000000, 0x000000050b800000|  0%| F|  |TAMS 0x000000050b000000, 0x000000050b000000| Untracked 
|  22|0x000000050b800000, 0x000000050b800000, 0x000000050c000000|  0%| F|  |TAMS 0x000000050b800000, 0x000000050b800000| Untracked 
|  23|0x000000050c000000, 0x000000050c000000, 0x000000050c800000|  0%| F|  |TAMS 0x000000050c000000, 0x000000050c000000| Untracked 
|  24|0x000000050c800000, 0x000000050c800000, 0x000000050d000000|  0%| F|  |TAMS 0x000000050c800000, 0x000000050c800000| Untracked 
|  25|0x000000050d000000, 0x000000050d000000, 0x000000050d800000|  0%| F|  |TAMS 0x000000050d000000, 0x000000050d000000| Untracked 
|  26|0x000000050d800000, 0x000000050d800000, 0x000000050e000000|  0%| F|  |TAMS 0x000000050d800000, 0x000000050d800000| Untracked 
|  27|0x000000050e000000, 0x000000050e000000, 0x000000050e800000|  0%| F|  |TAMS 0x000000050e000000, 0x000000050e000000| Untracked 
|  28|0x000000050e800000, 0x000000050e800000, 0x000000050f000000|  0%| F|  |TAMS 0x000000050e800000, 0x000000050e800000| Untracked 
|  29|0x000000050f000000, 0x000000050f000000, 0x000000050f800000|  0%| F|  |TAMS 0x000000050f000000, 0x000000050f000000| Untracked 
|  30|0x000000050f800000, 0x000000050f800000, 0x0000000510000000|  0%| F|  |TAMS 0x000000050f800000, 0x000000050f800000| Untracked 
|  31|0x0000000510000000, 0x0000000510000000, 0x0000000510800000|  0%| F|  |TAMS 0x0000000510000000, 0x0000000510000000| Untracked 
|  32|0x0000000510800000, 0x0000000510800000, 0x0000000511000000|  0%| F|  |TAMS 0x0000000510800000, 0x0000000510800000| Untracked 
|  33|0x0000000511000000, 0x0000000511000000, 0x0000000511800000|  0%| F|  |TAMS 0x0000000511000000, 0x0000000511000000| Untracked 
|  34|0x0000000511800000, 0x0000000511800000, 0x0000000512000000|  0%| F|  |TAMS 0x0000000511800000, 0x0000000511800000| Untracked 
|  35|0x0000000512000000, 0x0000000512000000, 0x0000000512800000|  0%| F|  |TAMS 0x0000000512000000, 0x0000000512000000| Untracked 
|  36|0x0000000512800000, 0x0000000512800000, 0x0000000513000000|  0%| F|  |TAMS 0x0000000512800000, 0x0000000512800000| Untracked 
|  37|0x0000000513000000, 0x0000000513000000, 0x0000000513800000|  0%| F|  |TAMS 0x0000000513000000, 0x0000000513000000| Untracked 
|  38|0x0000000513800000, 0x0000000513800000, 0x0000000514000000|  0%| F|  |TAMS 0x0000000513800000, 0x0000000513800000| Untracked 
|  39|0x0000000514000000, 0x0000000514000000, 0x0000000514800000|  0%| F|  |TAMS 0x0000000514000000, 0x0000000514000000| Untracked 
|  40|0x0000000514800000, 0x0000000514800000, 0x0000000515000000|  0%| F|  |TAMS 0x0000000514800000, 0x0000000514800000| Untracked 
|  41|0x0000000515000000, 0x0000000515000000, 0x0000000515800000|  0%| F|  |TAMS 0x0000000515000000, 0x0000000515000000| Untracked 
|  42|0x0000000515800000, 0x0000000515800000, 0x0000000516000000|  0%| F|  |TAMS 0x0000000515800000, 0x0000000515800000| Untracked 
|  43|0x0000000516000000, 0x0000000516000000, 0x0000000516800000|  0%| F|  |TAMS 0x0000000516000000, 0x0000000516000000| Untracked 
|  44|0x0000000516800000, 0x0000000516800000, 0x0000000517000000|  0%| F|  |TAMS 0x0000000516800000, 0x0000000516800000| Untracked 
|  45|0x0000000517000000, 0x0000000517000000, 0x0000000517800000|  0%| F|  |TAMS 0x0000000517000000, 0x0000000517000000| Untracked 
|  46|0x0000000517800000, 0x0000000517800000, 0x0000000518000000|  0%| F|  |TAMS 0x0000000517800000, 0x0000000517800000| Untracked 
|  47|0x0000000518000000, 0x0000000518000000, 0x0000000518800000|  0%| F|  |TAMS 0x0000000518000000, 0x0000000518000000| Untracked 
|  48|0x0000000518800000, 0x0000000518800000, 0x0000000519000000|  0%| F|  |TAMS 0x0000000518800000, 0x0000000518800000| Untracked 
|  49|0x0000000519000000, 0x0000000519000000, 0x0000000519800000|  0%| F|  |TAMS 0x0000000519000000, 0x0000000519000000| Untracked 
|  50|0x0000000519800000, 0x0000000519800000, 0x000000051a000000|  0%| F|  |TAMS 0x0000000519800000, 0x0000000519800000| Untracked 
|  51|0x000000051a000000, 0x000000051a000000, 0x000000051a800000|  0%| F|  |TAMS 0x000000051a000000, 0x000000051a000000| Untracked 
|  52|0x000000051a800000, 0x000000051a800000, 0x000000051b000000|  0%| F|  |TAMS 0x000000051a800000, 0x000000051a800000| Untracked 
|  53|0x000000051b000000, 0x000000051b000000, 0x000000051b800000|  0%| F|  |TAMS 0x000000051b000000, 0x000000051b000000| Untracked 
|  54|0x000000051b800000, 0x000000051b800000, 0x000000051c000000|  0%| F|  |TAMS 0x000000051b800000, 0x000000051b800000| Untracked 
|  55|0x000000051c000000, 0x000000051c000000, 0x000000051c800000|  0%| F|  |TAMS 0x000000051c000000, 0x000000051c000000| Untracked 
|  56|0x000000051c800000, 0x000000051c800000, 0x000000051d000000|  0%| F|  |TAMS 0x000000051c800000, 0x000000051c800000| Untracked 
|  57|0x000000051d000000, 0x000000051d000000, 0x000000051d800000|  0%| F|  |TAMS 0x000000051d000000, 0x000000051d000000| Untracked 
|  58|0x000000051d800000, 0x000000051d800000, 0x000000051e000000|  0%| F|  |TAMS 0x000000051d800000, 0x000000051d800000| Untracked 
|  59|0x000000051e000000, 0x000000051e000000, 0x000000051e800000|  0%| F|  |TAMS 0x000000051e000000, 0x000000051e000000| Untracked 
|  60|0x000000051e800000, 0x000000051e800000, 0x000000051f000000|  0%| F|  |TAMS 0x000000051e800000, 0x000000051e800000| Untracked 
|  61|0x000000051f000000, 0x000000051f000000, 0x000000051f800000|  0%| F|  |TAMS 0x000000051f000000, 0x000000051f000000| Untracked 
|  62|0x000000051f800000, 0x000000051f800000, 0x0000000520000000|  0%| F|  |TAMS 0x000000051f800000, 0x000000051f800000| Untracked 
|  63|0x0000000520000000, 0x0000000520000000, 0x0000000520800000|  0%| F|  |TAMS 0x0000000520000000, 0x0000000520000000| Untracked 
|  64|0x0000000520800000, 0x0000000520800000, 0x0000000521000000|  0%| F|  |TAMS 0x0000000520800000, 0x0000000520800000| Untracked 
|  65|0x0000000521000000, 0x0000000521000000, 0x0000000521800000|  0%| F|  |TAMS 0x0000000521000000, 0x0000000521000000| Untracked 
|  66|0x0000000521800000, 0x0000000521800000, 0x0000000522000000|  0%| F|  |TAMS 0x0000000521800000, 0x0000000521800000| Untracked 
|  67|0x0000000522000000, 0x0000000522000000, 0x0000000522800000|  0%| F|  |TAMS 0x0000000522000000, 0x0000000522000000| Untracked 
|  68|0x0000000522800000, 0x0000000522800000, 0x0000000523000000|  0%| F|  |TAMS 0x0000000522800000, 0x0000000522800000| Untracked 
|  69|0x0000000523000000, 0x0000000523000000, 0x0000000523800000|  0%| F|  |TAMS 0x0000000523000000, 0x0000000523000000| Untracked 
|  70|0x0000000523800000, 0x0000000523800000, 0x0000000524000000|  0%| F|  |TAMS 0x0000000523800000, 0x0000000523800000| Untracked 
|  71|0x0000000524000000, 0x0000000524000000, 0x0000000524800000|  0%| F|  |TAMS 0x0000000524000000, 0x0000000524000000| Untracked 
|  72|0x0000000524800000, 0x0000000524800000, 0x0000000525000000|  0%| F|  |TAMS 0x0000000524800000, 0x0000000524800000| Untracked 
|  73|0x0000000525000000, 0x0000000525000000, 0x0000000525800000|  0%| F|  |TAMS 0x0000000525000000, 0x0000000525000000| Untracked 
|  74|0x0000000525800000, 0x0000000525800000, 0x0000000526000000|  0%| F|  |TAMS 0x0000000525800000, 0x0000000525800000| Untracked 
|  75|0x0000000526000000, 0x0000000526000000, 0x0000000526800000|  0%| F|  |TAMS 0x0000000526000000, 0x0000000526000000| Untracked 
|  76|0x0000000526800000, 0x0000000526800000, 0x0000000527000000|  0%| F|  |TAMS 0x0000000526800000, 0x0000000526800000| Untracked 
|  77|0x0000000527000000, 0x0000000527000000, 0x0000000527800000|  0%| F|  |TAMS 0x0000000527000000, 0x0000000527000000| Untracked 
|  78|0x0000000527800000, 0x0000000527800000, 0x0000000528000000|  0%| F|  |TAMS 0x0000000527800000, 0x0000000527800000| Untracked 
|  79|0x0000000528000000, 0x0000000528000000, 0x0000000528800000|  0%| F|  |TAMS 0x0000000528000000, 0x0000000528000000| Untracked 
|  80|0x0000000528800000, 0x0000000528800000, 0x0000000529000000|  0%| F|  |TAMS 0x0000000528800000, 0x0000000528800000| Untracked 
|  81|0x0000000529000000, 0x0000000529000000, 0x0000000529800000|  0%| F|  |TAMS 0x0000000529000000, 0x0000000529000000| Untracked 
|  82|0x0000000529800000, 0x0000000529800000, 0x000000052a000000|  0%| F|  |TAMS 0x0000000529800000, 0x0000000529800000| Untracked 
|  83|0x000000052a000000, 0x000000052a000000, 0x000000052a800000|  0%| F|  |TAMS 0x000000052a000000, 0x000000052a000000| Untracked 
|  84|0x000000052a800000, 0x000000052a800000, 0x000000052b000000|  0%| F|  |TAMS 0x000000052a800000, 0x000000052a800000| Untracked 
|  85|0x000000052b000000, 0x000000052b000000, 0x000000052b800000|  0%| F|  |TAMS 0x000000052b000000, 0x000000052b000000| Untracked 
|  86|0x000000052b800000, 0x000000052b800000, 0x000000052c000000|  0%| F|  |TAMS 0x000000052b800000, 0x000000052b800000| Untracked 
|  87|0x000000052c000000, 0x000000052c000000, 0x000000052c800000|  0%| F|  |TAMS 0x000000052c000000, 0x000000052c000000| Untracked 
|  88|0x000000052c800000, 0x000000052c800000, 0x000000052d000000|  0%| F|  |TAMS 0x000000052c800000, 0x000000052c800000| Untracked 
|  89|0x000000052d000000, 0x000000052d000000, 0x000000052d800000|  0%| F|  |TAMS 0x000000052d000000, 0x000000052d000000| Untracked 
|  90|0x000000052d800000, 0x000000052d800000, 0x000000052e000000|  0%| F|  |TAMS 0x000000052d800000, 0x000000052d800000| Untracked 
|  91|0x000000052e000000, 0x000000052e000000, 0x000000052e800000|  0%| F|  |TAMS 0x000000052e000000, 0x000000052e000000| Untracked 
|  92|0x000000052e800000, 0x000000052e800000, 0x000000052f000000|  0%| F|  |TAMS 0x000000052e800000, 0x000000052e800000| Untracked 
|  93|0x000000052f000000, 0x000000052f148310, 0x000000052f800000| 16%| E|  |TAMS 0x000000052f000000, 0x000000052f000000| Complete 
|  94|0x000000052f800000, 0x0000000530000000, 0x0000000530000000|100%| E|CS|TAMS 0x000000052f800000, 0x000000052f800000| Complete 
|  95|0x0000000530000000, 0x0000000530800000, 0x0000000530800000|100%| E|CS|TAMS 0x0000000530000000, 0x0000000530000000| Complete 

Card table byte_map: [0x0000025d99d70000,0x0000025d9b570000] _byte_map_base: 0x0000025d9756c000

Marking Bits (Prev, Next): (CMBitMap*) 0x0000025dff6153b0, (CMBitMap*) 0x0000025dff6153f0
 Prev Bits: [0x0000025d9cd70000, 0x0000025da8d50000)
 Next Bits: [0x0000025da8d50000, 0x0000025db4d30000)

Polling page: 0x0000025dfed60000

Metaspace:

Usage:
  Non-class:     10.89 MB capacity,    10.78 MB ( 99%) used,    95.44 KB ( <1%) free+waste,    17.81 KB ( <1%) overhead. 
      Class:      1.46 MB capacity,     1.38 MB ( 95%) used,    70.53 KB (  5%) free+waste,     7.19 KB ( <1%) overhead. 
       Both:     12.35 MB capacity,    12.16 MB ( 98%) used,   165.97 KB (  1%) free+waste,    25.00 KB ( <1%) overhead. 

Virtual space:
  Non-class space:       12.00 MB reserved,      11.00 MB ( 92%) committed 
      Class space:        1.00 GB reserved,       1.50 MB ( <1%) committed 
             Both:        1.01 GB reserved,      12.50 MB (  1%) committed 

Chunk freelists:
   Non-Class:  49.00 KB
       Class:  10.00 KB
        Both:  59.00 KB

MaxMetaspaceSize: 17179869184.00 GB
CompressedClassSpaceSize: 1.00 GB

CodeHeap 'non-profiled nmethods': size=120000Kb used=321Kb max_used=321Kb free=119678Kb
 bounds [0x0000025d91040000, 0x0000025d912b0000, 0x0000025d98570000]
CodeHeap 'profiled nmethods': size=120000Kb used=1667Kb max_used=1667Kb free=118333Kb
 bounds [0x0000025d89b10000, 0x0000025d89d80000, 0x0000025d91040000]
CodeHeap 'non-nmethods': size=5760Kb used=1344Kb max_used=1367Kb free=4415Kb
 bounds [0x0000025d89570000, 0x0000025d897e0000, 0x0000025d89b10000]
 total_blobs=1760 nmethods=1107 adapters=566
 compilation: enabled
              stopped_count=0, restarted_count=0
 full_count=0

Compilation events (20 events):
Event: 16.016 Thread 0x0000025db7e49930 1099       1       java.lang.Thread::getId (5 bytes)
Event: 16.016 Thread 0x0000025db7e49930 nmethod 1099 0x0000025d9108f410 code [0x0000025d9108f5a0, 0x0000025d9108f658]
Event: 16.134 Thread 0x0000025db7e49930 1100       3       java.lang.Long::valueOf (40 bytes)
Event: 16.134 Thread 0x0000025db7e49930 nmethod 1100 0x0000025d89cae810 code [0x0000025d89cae9c0, 0x0000025d89caecf8]
Event: 16.298 Thread 0x0000025db7e49930 1102       3       jdk.internal.util.ArraysSupport::mismatch (72 bytes)
Event: 16.298 Thread 0x0000025db7e49930 nmethod 1102 0x0000025d89caee90 code [0x0000025d89caf060, 0x0000025d89caf418]
Event: 16.298 Thread 0x0000025db7e49930 1101       3       java.util.Arrays::equals (43 bytes)
Event: 16.298 Thread 0x0000025db7e49930 nmethod 1101 0x0000025d89caf610 code [0x0000025d89caf7c0, 0x0000025d89cafa68]
Event: 16.344 Thread 0x0000025db7e479b0 1103       4       java.lang.Long::hashCode (8 bytes)
Event: 16.344 Thread 0x0000025db7e479b0 nmethod 1103 0x0000025d9108f710 code [0x0000025d9108f880, 0x0000025d9108f8d8]
Event: 16.516 Thread 0x0000025db7e49930 1104       3       org.netbeans.lib.profiler.server.ProfilerRuntimeSampler$Sampling::writeThreadInfoNoChange (86 bytes)
Event: 16.517 Thread 0x0000025db7e49930 nmethod 1104 0x0000025d89cafb90 code [0x0000025d89cafd60, 0x0000025d89cb0088]
Event: 16.563 Thread 0x0000025db7e479b0 1105       4       java.util.HashMap::get (19 bytes)
Event: 16.565 Thread 0x0000025db7e479b0 nmethod 1105 0x0000025d9108fa10 code [0x0000025d9108fba0, 0x0000025d9108fed8]
Event: 16.850 Thread 0x0000025db7e479b0 1106       4       java.lang.ThreadLocal::getMap (5 bytes)
Event: 16.850 Thread 0x0000025db7e49930 1107       3       java.util.concurrent.locks.ReentrantLock::lock (8 bytes)
Event: 16.850 Thread 0x0000025db7e49930 nmethod 1107 0x0000025d89cb0210 code [0x0000025d89cb03c0, 0x0000025d89cb0678]
Event: 16.850 Thread 0x0000025db7e49930 1108       3       java.util.concurrent.locks.ReentrantLock$Sync::lock (13 bytes)
Event: 16.850 Thread 0x0000025db7e49930 nmethod 1108 0x0000025d89cb0790 code [0x0000025d89cb0940, 0x0000025d89cb0b78]
Event: 16.850 Thread 0x0000025db7e479b0 nmethod 1106 0x0000025d91090190 code [0x0000025d91090300, 0x0000025d91090378]

GC Heap History (0 events):
No events

Deoptimization events (20 events):
Event: 14.940 Thread 0x0000025db7e420f0 Uncommon trap: trap_request=0xffffff45 fr.pc=0x0000025d91046a1c relative=0x000000000000007c
Event: 14.940 Thread 0x0000025db7e420f0 Uncommon trap: reason=unstable_if action=reinterpret pc=0x0000025d91046a1c method=java.lang.String.isLatin1()Z @ 10 c2
Event: 14.940 Thread 0x0000025db7e420f0 DEOPT PACKING pc=0x0000025d91046a1c sp=0x0000007f3dbfdb60
Event: 14.940 Thread 0x0000025db7e420f0 DEOPT UNPACKING pc=0x0000025d895be42f sp=0x0000007f3dbfdaa0 mode 2
Event: 15.528 Thread 0x0000025dff581a00 Uncommon trap: trap_request=0xffffffde fr.pc=0x0000025d9107551c relative=0x000000000000017c
Event: 15.528 Thread 0x0000025dff581a00 Uncommon trap: reason=class_check action=maybe_recompile pc=0x0000025d9107551c method=java.util.HashMap.putVal(ILjava/lang/Object;Ljava/lang/Object;ZZ)Ljava/lang/Object; @ 253 c2
Event: 15.528 Thread 0x0000025dff581a00 DEOPT PACKING pc=0x0000025d9107551c sp=0x0000007f3e6fdcd0
Event: 15.528 Thread 0x0000025dff581a00 DEOPT UNPACKING pc=0x0000025d895be42f sp=0x0000007f3e6fdc70 mode 2
Event: 15.528 Thread 0x0000025dff581a00 Uncommon trap: trap_request=0xffffffde fr.pc=0x0000025d9107551c relative=0x000000000000017c
Event: 15.528 Thread 0x0000025dff581a00 Uncommon trap: reason=class_check action=maybe_recompile pc=0x0000025d9107551c method=java.util.HashMap.putVal(ILjava/lang/Object;Ljava/lang/Object;ZZ)Ljava/lang/Object; @ 253 c2
Event: 15.528 Thread 0x0000025dff581a00 DEOPT PACKING pc=0x0000025d9107551c sp=0x0000007f3e6fdcd0
Event: 15.528 Thread 0x0000025dff581a00 DEOPT UNPACKING pc=0x0000025d895be42f sp=0x0000007f3e6fdc70 mode 2
Event: 15.529 Thread 0x0000025dff581a00 Uncommon trap: trap_request=0xffffffde fr.pc=0x0000025d9107551c relative=0x000000000000017c
Event: 15.529 Thread 0x0000025dff581a00 Uncommon trap: reason=class_check action=maybe_recompile pc=0x0000025d9107551c method=java.util.HashMap.putVal(ILjava/lang/Object;Ljava/lang/Object;ZZ)Ljava/lang/Object; @ 253 c2
Event: 15.529 Thread 0x0000025dff581a00 DEOPT PACKING pc=0x0000025d9107551c sp=0x0000007f3e6fdcd0
Event: 15.529 Thread 0x0000025dff581a00 DEOPT UNPACKING pc=0x0000025d895be42f sp=0x0000007f3e6fdc70 mode 2
Event: 15.529 Thread 0x0000025dff581a00 Uncommon trap: trap_request=0xffffffde fr.pc=0x0000025d9107551c relative=0x000000000000017c
Event: 15.529 Thread 0x0000025dff581a00 Uncommon trap: reason=class_check action=maybe_recompile pc=0x0000025d9107551c method=java.util.HashMap.putVal(ILjava/lang/Object;Ljava/lang/Object;ZZ)Ljava/lang/Object; @ 253 c2
Event: 15.529 Thread 0x0000025dff581a00 DEOPT PACKING pc=0x0000025d9107551c sp=0x0000007f3e6fdcd0
Event: 15.529 Thread 0x0000025dff581a00 DEOPT UNPACKING pc=0x0000025d895be42f sp=0x0000007f3e6fdc70 mode 2

Classes unloaded (0 events):
No events

Classes redefined (0 events):
No events

Internal exceptions (20 events):
Event: 0.102 Thread 0x0000025dff580850 Exception <a 'java/lang/NoSuchMethodError'{0x0000000530347da8}: 'java.lang.Object java.lang.invoke.DirectMethodHandle$Holder.newInvokeSpecial(java.lang.Object, java.lang.Object, java.lang.Object, java.lang.Object, java.lang.Object)'> (0x0000000530347da8) 
thrown [./open/src/hotspot/share/interpreter/linkResolver.cpp, line 782]
Event: 0.103 Thread 0x0000025dff580850 Exception <a 'java/lang/NoSuchMethodError'{0x0000000530353838}: 'java.lang.Object java.lang.invoke.DirectMethodHandle$Holder.invokeStatic(java.lang.Object, int, java.lang.Object, java.lang.Object, java.lang.Object, java.lang.Object)'> (0x0000000530353838) 
thrown [./open/src/hotspot/share/interpreter/linkResolver.cpp, line 782]
Event: 0.106 Thread 0x0000025dff580850 Exception <a 'java/lang/NoSuchMethodError'{0x0000000530379ae0}: 'java.lang.Object java.lang.invoke.DirectMethodHandle$Holder.invokeStatic(java.lang.Object, int, java.lang.Object)'> (0x0000000530379ae0) 
thrown [./open/src/hotspot/share/interpreter/linkResolver.cpp, line 782]
Event: 0.122 Thread 0x0000025dff580850 Exception <a 'java/lang/ClassNotFoundException'{0x00000005304344c0}: com/sun/swing/internal/plaf/metal/resources/spi/metalProvider> (0x00000005304344c0) 
thrown [./open/src/hotspot/share/classfile/systemDictionary.cpp, line 295]
Event: 0.122 Thread 0x0000025dff580850 Exception <a 'java/lang/ClassNotFoundException'{0x0000000530438568}: com/sun/swing/internal/plaf/basic/resources/spi/basicProvider> (0x0000000530438568) 
thrown [./open/src/hotspot/share/classfile/systemDictionary.cpp, line 295]
Event: 0.130 Thread 0x0000025db84a3780 Exception <a 'java/lang/NoSuchMethodError'{0x000000053048a5f8}: 'java.lang.Object java.lang.invoke.DirectMethodHandle$Holder.newInvokeSpecial(java.lang.Object, java.lang.Object, java.lang.Object, int, int, int, int, int)'> (0x000000053048a5f8) 
thrown [./open/src/hotspot/share/interpreter/linkResolver.cpp, line 782]
Event: 0.280 Thread 0x0000025dff580850 Exception <a 'java/lang/NoSuchMethodError'{0x00000005305b3308}: 'void java.lang.invoke.DirectMethodHandle$Holder.invokeStaticInit(java.lang.Object)'> (0x00000005305b3308) 
thrown [./open/src/hotspot/share/interpreter/linkResolver.cpp, line 782]
Event: 0.331 Thread 0x0000025dff580850 Exception <a 'java/lang/NoSuchMethodError'{0x00000005306a4458}: 'int java.lang.invoke.DirectMethodHandle$Holder.invokeStatic(java.lang.Object)'> (0x00000005306a4458) 
thrown [./open/src/hotspot/share/interpreter/linkResolver.cpp, line 782]
Event: 14.950 Thread 0x0000025db7e420f0 Exception <a 'java/lang/NoSuchMethodError'{0x000000052f81adb0}: 'java.lang.Object java.lang.invoke.DirectMethodHandle$Holder.invokeInterface(java.lang.Object, java.lang.Object)'> (0x000000052f81adb0) 
thrown [./open/src/hotspot/share/interpreter/linkResolver.cpp, line 782]
Event: 14.965 Thread 0x0000025db8bdaa90 Exception <a 'java/lang/NoSuchMethodError'{0x000000052f955c48}: 'void java.lang.invoke.DirectMethodHandle$Holder.invokeStatic(java.lang.Object, java.lang.Object)'> (0x000000052f955c48) 
thrown [./open/src/hotspot/share/interpreter/linkResolver.cpp, line 782]
Event: 15.511 Thread 0x0000025dff581a00 Exception <a 'java/lang/NoSuchMethodError'{0x000000052f8c7140}: 'java.lang.Object java.lang.invoke.DirectMethodHandle$Holder.invokeStaticInit(java.lang.Object, java.lang.Object, java.lang.Object)'> (0x000000052f8c7140) 
thrown [./open/src/hotspot/share/interpreter/linkResolver.cpp, line 782]
Event: 15.514 Thread 0x0000025dff581a00 Exception <a 'java/lang/NoSuchMethodError'{0x000000052f8ed598}: 'int java.lang.invoke.DirectMethodHandle$Holder.invokeSpecial(java.lang.Object, java.lang.Object, java.lang.Object)'> (0x000000052f8ed598) 
thrown [./open/src/hotspot/share/interpreter/linkResolver.cpp, line 782]
Event: 15.518 Thread 0x0000025dff581a00 Exception <a 'java/lang/NoSuchMethodError'{0x000000052f8fb880}: 'int java.lang.invoke.DirectMethodHandle$Holder.invokeInterface(java.lang.Object, java.lang.Object)'> (0x000000052f8fb880) 
thrown [./open/src/hotspot/share/interpreter/linkResolver.cpp, line 782]
Event: 15.518 Thread 0x0000025dff581a00 Exception <a 'java/lang/IncompatibleClassChangeError'{0x000000052f8ff078}: Found class java.lang.Object, but interface was expected> (0x000000052f8ff078) 
thrown [./open/src/hotspot/share/interpreter/linkResolver.cpp, line 848]
Event: 15.553 Thread 0x0000025dff581a00 Exception <a 'java/lang/NoSuchMethodError'{0x000000052fc2d3b8}: 'void java.lang.invoke.DirectMethodHandle$Holder.invokeStatic(java.lang.Object, java.lang.Object, java.lang.Object)'> (0x000000052fc2d3b8) 
thrown [./open/src/hotspot/share/interpreter/linkResolver.cpp, line 782]
Event: 15.593 Thread 0x0000025db8bdaa90 Exception <a 'java/lang/VerifyError'{0x000000052fa04da0}: Stack map does not match the one at exception handler 21
Exception Details:
  Location:
    org/netbeans/lib/profiler/ConstructorTest.<init>()V @21: astore_1
  Reason:
    Current frame's flags are not assignable to stack map frame's.
  Current Frame:
    bci: @0
    flags: { flagThisUninit }
    locals: { uninitializedThis }
    stack: { 'java/lang/Throwable' }
  Stackmap Frame:
    bci: @21
    flags: { }
    locals: { top }
    stack: { 'java/lan
Event: 15.802 Thread 0x0000025db8bdaa90 Exception <a 'java/lang/NoSuchMethodError'{0x000000052fa24148}: 'void java.lang.invoke.DirectMethodHandle$Holder.invokeStaticInit(java.lang.Object, java.lang.Object)'> (0x000000052fa24148) 
thrown [./open/src/hotspot/share/interpreter/linkResolver.cpp, line 782]
Event: 15.806 Thread 0x0000025db8bdaa90 Exception <a 'java/lang/NoSuchMethodError'{0x000000052fa51088}: 'java.lang.Object java.lang.invoke.DirectMethodHandle$Holder.invokeStaticInit(java.lang.Object, int, int, int, int)'> (0x000000052fa51088) 
thrown [./open/src/hotspot/share/interpreter/linkResolver.cpp, line 782]
Event: 15.845 Thread 0x0000025db8bdaa90 Exception <a 'java/lang/NoSuchMethodError'{0x000000052fe3d9d0}: 'java.lang.Object java.lang.invoke.DirectMethodHandle$Holder.invokeStaticInit(java.lang.Object, java.lang.Object, int, int, int, int)'> (0x000000052fe3d9d0) 
thrown [./open/src/hotspot/share/interpreter/linkResolver.cpp, line 782]
Event: 15.847 Thread 0x0000025db8bdaa90 Exception <a 'java/lang/NoSuchMethodError'{0x000000052fe486e0}: 'java.lang.Object java.lang.invoke.Invokers$Holder.invoke_MT(java.lang.Object, java.lang.Object, java.lang.Object)'> (0x000000052fe486e0) 
thrown [./open/src/hotspot/share/interpreter/linkResolver.cpp, line 782]

Events (20 events):
Event: 16.756 Executing VM operation: GetAllStackTraces
Event: 16.756 Executing VM operation: GetAllStackTraces done
Event: 16.771 Executing VM operation: GetAllStackTraces
Event: 16.772 Executing VM operation: GetAllStackTraces done
Event: 16.787 Executing VM operation: GetAllStackTraces
Event: 16.787 Executing VM operation: GetAllStackTraces done
Event: 16.802 Executing VM operation: GetAllStackTraces
Event: 16.803 Executing VM operation: GetAllStackTraces done
Event: 16.818 Executing VM operation: GetAllStackTraces
Event: 16.818 Executing VM operation: GetAllStackTraces done
Event: 16.833 Executing VM operation: GetAllStackTraces
Event: 16.834 Executing VM operation: GetAllStackTraces done
Event: 16.849 Executing VM operation: GetAllStackTraces
Event: 16.849 Executing VM operation: GetAllStackTraces done
Event: 16.850 loading class org/netbeans/lib/profiler/wireprotocol/EventBufferDumpedCommand
Event: 16.850 loading class org/netbeans/lib/profiler/wireprotocol/EventBufferDumpedCommand done
Event: 16.851 loading class org/netbeans/lib/profiler/wireprotocol/DumpResultsResponse
Event: 16.851 loading class org/netbeans/lib/profiler/wireprotocol/DumpResultsResponse done
Event: 16.851 loading class org/netbeans/lib/profiler/wireprotocol/GetMethodNamesForJMethodIdsCommand
Event: 16.851 loading class org/netbeans/lib/profiler/wireprotocol/GetMethodNamesForJMethodIdsCommand done


Dynamic libraries:
0x00007ff6e4ad0000 - 0x00007ff6e4adf000 	C:\Program Files\Java\jdk-15.0.2\bin\java.exe
0x00007ffdd0c90000 - 0x00007ffdd0e85000 	C:\Windows\SYSTEM32\ntdll.dll
0x00007ffdcfc30000 - 0x00007ffdcfced000 	C:\Windows\System32\KERNEL32.DLL
0x00007ffdce8c0000 - 0x00007ffdceb88000 	C:\Windows\System32\KERNELBASE.dll
0x00007ffdce540000 - 0x00007ffdce640000 	C:\Windows\System32\ucrtbase.dll
0x00007ffdc3420000 - 0x00007ffdc3438000 	C:\Program Files\Java\jdk-15.0.2\bin\jli.dll
0x00007ffdc8e20000 - 0x00007ffdc8e39000 	C:\Program Files\Java\jdk-15.0.2\bin\VCRUNTIME140.dll
0x00007ffdced90000 - 0x00007ffdcee3c000 	C:\Windows\System32\ADVAPI32.dll
0x00007ffdcecf0000 - 0x00007ffdced8e000 	C:\Windows\System32\msvcrt.dll
0x00007ffdcfa50000 - 0x00007ffdcfaeb000 	C:\Windows\System32\sechost.dll
0x00007ffdcfdd0000 - 0x00007ffdcfefb000 	C:\Windows\System32\RPCRT4.dll
0x00007ffdcf2b0000 - 0x00007ffdcf450000 	C:\Windows\System32\USER32.dll
0x00007ffdce890000 - 0x00007ffdce8b2000 	C:\Windows\System32\win32u.dll
0x00007ffdd0b00000 - 0x00007ffdd0b2a000 	C:\Windows\System32\GDI32.dll
0x00007ffdbb1a0000 - 0x00007ffdbb43a000 	C:\Windows\WinSxS\amd64_microsoft.windows.common-controls_6595b64144ccf1df_6.0.19041.844_none_ca00b6081b84eb1d\COMCTL32.dll
0x00007ffdce430000 - 0x00007ffdce53b000 	C:\Windows\System32\gdi32full.dll
0x00007ffdce740000 - 0x00007ffdce7dd000 	C:\Windows\System32\msvcp_win.dll
0x00007ffdc6d40000 - 0x00007ffdc6d4a000 	C:\Windows\SYSTEM32\VERSION.dll
0x00007ffdcf500000 - 0x00007ffdcf530000 	C:\Windows\System32\IMM32.DLL
0x00007ffdca360000 - 0x00007ffdca36c000 	C:\Program Files\Java\jdk-15.0.2\bin\vcruntime140_1.dll
0x00007ffdc3340000 - 0x00007ffdc33d1000 	C:\Program Files\Java\jdk-15.0.2\bin\msvcp140.dll
0x00007ffd8e760000 - 0x00007ffd8f2be000 	C:\Program Files\Java\jdk-15.0.2\bin\server\jvm.dll
0x00007ffdd0b90000 - 0x00007ffdd0b98000 	C:\Windows\System32\PSAPI.DLL
0x00007ffdb9d50000 - 0x00007ffdb9d59000 	C:\Windows\SYSTEM32\WSOCK32.dll
0x00007ffdc22b0000 - 0x00007ffdc22d7000 	C:\Windows\SYSTEM32\WINMM.dll
0x00007ffdd09c0000 - 0x00007ffdd0a2b000 	C:\Windows\System32\WS2_32.dll
0x00007ffdcc250000 - 0x00007ffdcc262000 	C:\Windows\SYSTEM32\kernel.appcore.dll
0x00007ffdc9b80000 - 0x00007ffdc9b8a000 	C:\Program Files\Java\jdk-15.0.2\bin\jimage.dll
0x00007ffdb9dc0000 - 0x00007ffdb9fa4000 	C:\Windows\SYSTEM32\DBGHELP.DLL
0x00007ffdb7f30000 - 0x00007ffdb7f5c000 	C:\Windows\SYSTEM32\dbgcore.DLL
0x00007ffdce690000 - 0x00007ffdce710000 	C:\Windows\System32\bcryptPrimitives.dll
0x00007ffdc78b0000 - 0x00007ffdc78d5000 	C:\Program Files\Java\jdk-15.0.2\bin\java.dll
0x00007ffdd0060000 - 0x00007ffdd07a2000 	C:\Windows\System32\SHELL32.dll
0x00007ffdcc530000 - 0x00007ffdcccc1000 	C:\Windows\SYSTEM32\windows.storage.dll
0x00007ffdcf530000 - 0x00007ffdcf885000 	C:\Windows\System32\combase.dll
0x00007ffdcde40000 - 0x00007ffdcde6c000 	C:\Windows\SYSTEM32\Wldp.dll
0x00007ffdd0ba0000 - 0x00007ffdd0c4e000 	C:\Windows\System32\SHCORE.dll
0x00007ffdd0960000 - 0x00007ffdd09b5000 	C:\Windows\System32\shlwapi.dll
0x00007ffdce310000 - 0x00007ffdce32f000 	C:\Windows\SYSTEM32\profapi.dll
0x00007ffda3940000 - 0x00007ffda3ac0000 	C:\Program Files\Java\jdk-15.0.2\bin\awt.dll
0x00007ffdd0a30000 - 0x00007ffdd0afd000 	C:\Windows\System32\OLEAUT32.dll
0x00007ffdcbcb0000 - 0x00007ffdcbd40000 	C:\Windows\SYSTEM32\apphelp.dll
0x00007ffdcbe70000 - 0x00007ffdcbf0e000 	C:\Windows\system32\uxtheme.dll
0x00007ffdcf930000 - 0x00007ffdcfa45000 	C:\Windows\System32\MSCTF.dll
0x00007ffdcfaf0000 - 0x00007ffdcfc1a000 	C:\Windows\System32\ole32.dll
0x00007ffdcc220000 - 0x00007ffdcc24f000 	C:\Windows\system32\DWMAPI.DLL
0x00007ffdc7930000 - 0x00007ffdc7948000 	C:\Program Files\Java\jdk-15.0.2\bin\zip.dll
0x00007ffdc2d30000 - 0x00007ffdc2db5000 	C:\Program Files\Java\jdk-15.0.2\bin\freetype.dll
0x00007ffdc20d0000 - 0x00007ffdc2179000 	C:\Program Files\Java\jdk-15.0.2\bin\fontmanager.dll
0x00007ffd944e0000 - 0x00007ffd94606000 	C:\Windows\system32\opengl32.dll
0x00007ffda3c50000 - 0x00007ffda3c7c000 	C:\Windows\SYSTEM32\GLU32.dll
0x00007ffdc5420000 - 0x00007ffdc55ee000 	C:\Windows\system32\d3d9.dll
0x00007ffdc4080000 - 0x00007ffdc4182000 	C:\Windows\System32\DriverStore\FileRepository\nv_dispi.inf_amd64_1c83a5d7cffd7bff\nvldumdx.dll
0x00007ffdcdfc0000 - 0x00007ffdcdfd2000 	C:\Windows\SYSTEM32\msasn1.dll
0x00007ffdc6c10000 - 0x00007ffdc6c41000 	C:\Windows\SYSTEM32\cryptnet.dll
0x00007ffdceb90000 - 0x00007ffdcecef000 	C:\Windows\System32\CRYPT32.dll
0x00007ffdcdd80000 - 0x00007ffdcdd8c000 	C:\Windows\SYSTEM32\cryptbase.dll
0x00007ffdce3d0000 - 0x00007ffdce430000 	C:\Windows\System32\WINTRUST.DLL
0x00007ffdcff60000 - 0x00007ffdcff7d000 	C:\Windows\System32\imagehlp.dll
0x00007ffdcdd90000 - 0x00007ffdcdda8000 	C:\Windows\SYSTEM32\CRYPTSP.dll
0x00007ffdcd4e0000 - 0x00007ffdcd514000 	C:\Windows\system32\rsaenh.dll
0x00007ffdce710000 - 0x00007ffdce737000 	C:\Windows\System32\bcrypt.dll
0x00007ffd82260000 - 0x00007ffd83c7b000 	C:\Windows\System32\DriverStore\FileRepository\nv_dispi.inf_amd64_1c83a5d7cffd7bff\nvd3dumx.dll
0x00007ffdccce0000 - 0x00007ffdccd03000 	C:\Windows\SYSTEM32\gpapi.dll
0x00007ffdc5010000 - 0x00007ffdc504b000 	C:\Windows\SYSTEM32\dxcore.dll
0x00007ffdce640000 - 0x00007ffdce68e000 	C:\Windows\System32\cfgmgr32.dll
0x00007ffdc8860000 - 0x00007ffdc8879000 	C:\Program Files\Java\jdk-15.0.2\bin\net.dll
0x00007ffdc1eb0000 - 0x00007ffdc1fbb000 	C:\Windows\SYSTEM32\WINHTTP.dll
0x00007ffdcdbb0000 - 0x00007ffdcdc1a000 	C:\Windows\system32\mswsock.dll
0x00007ffdc7cf0000 - 0x00007ffdc7d02000 	C:\Program Files\Java\jdk-15.0.2\bin\nio.dll
0x00007ffdcf450000 - 0x00007ffdcf4f9000 	C:\Windows\System32\clbcatq.dll
0x00007ffdc7f00000 - 0x00007ffdc80b4000 	C:\Windows\SYSTEM32\WindowsCodecs.dll
0x00007ffdc1cc0000 - 0x00007ffdc1cfe000 	C:\Windows\system32\dataexchange.dll
0x00007ffdca510000 - 0x00007ffdca774000 	C:\Windows\system32\d3d11.dll
0x00007ffdcb1a0000 - 0x00007ffdcb385000 	C:\Windows\system32\dcomp.dll
0x00007ffdccd10000 - 0x00007ffdcce03000 	C:\Windows\system32\dxgi.dll
0x00007ffdc8170000 - 0x00007ffdc8371000 	C:\Windows\system32\twinapi.appcore.dll
0x00007ffdb8960000 - 0x00007ffdb8a59000 	C:\Windows\SYSTEM32\textinputframework.dll
0x00007ffdcb390000 - 0x00007ffdcb6ee000 	C:\Windows\System32\CoreUIComponents.dll
0x00007ffdcba70000 - 0x00007ffdcbb62000 	C:\Windows\System32\CoreMessaging.dll
0x00007ffdcd110000 - 0x00007ffdcd143000 	C:\Windows\SYSTEM32\ntmarta.dll
0x00007ffdca3b0000 - 0x00007ffdca504000 	C:\Windows\SYSTEM32\wintypes.dll
0x00007ffdc3400000 - 0x00007ffdc340e000 	C:\Program Files\Java\jdk-15.0.2\bin\instrument.dll
0x00007ffdc33f0000 - 0x00007ffdc33ff000 	D:\Program Files\NetBeans-12.3\netbeans\profiler\lib\deployed\jdk16\windows-amd64\profilerinterface.dll
0x00007ffdca3a0000 - 0x00007ffdca3a9000 	C:\Program Files\Java\jdk-15.0.2\bin\management.dll
0x00007ffdca320000 - 0x00007ffdca32b000 	C:\Program Files\Java\jdk-15.0.2\bin\management_ext.dll
0x00007ffdce2d0000 - 0x00007ffdce2fe000 	C:\Windows\SYSTEM32\USERENV.dll
0x00007ffdcd850000 - 0x00007ffdcd88b000 	C:\Windows\SYSTEM32\IPHLPAPI.DLL
0x00007ffdcfc20000 - 0x00007ffdcfc28000 	C:\Windows\System32\NSI.dll
0x00007ffdc6d90000 - 0x00007ffdc6da7000 	C:\Windows\SYSTEM32\dhcpcsvc6.DLL
0x00007ffdc6d50000 - 0x00007ffdc6d6d000 	C:\Windows\SYSTEM32\dhcpcsvc.DLL
0x00007ffdcd890000 - 0x00007ffdcd95c000 	C:\Windows\SYSTEM32\DNSAPI.dll

dbghelp: loaded successfully - version: 4.0.5 - missing functions: none
symbol engine: initialized successfully - sym options: 0x614 - pdb path: .;C:\Program Files\Java\jdk-15.0.2\bin;C:\Windows\SYSTEM32;C:\Windows\WinSxS\amd64_microsoft.windows.common-controls_6595b64144ccf1df_6.0.19041.844_none_ca00b6081b84eb1d;C:\Program Files\Java\jdk-15.0.2\bin\server;C:\Windows\System32\DriverStore\FileRepository\nv_dispi.inf_amd64_1c83a5d7cffd7bff;D:\Program Files\NetBeans-12.3\netbeans\profiler\lib\deployed\jdk16\windows-amd64

VM Arguments:
java_command: iek.agdimitr.ackermannfunction.AckermannMain
java_class_path (initial): D:\Users\User\Documents\NetBeansProjects\AckermannFunction\target\classes
Launcher Type: SUN_STANDARD

[Global flags]
     intx CICompilerCount                          = 4                                         {product} {ergonomic}
     uint ConcGCThreads                            = 3                                         {product} {ergonomic}
     uint G1ConcRefinementThreads                  = 10                                        {product} {ergonomic}
   size_t G1HeapRegionSize                         = 8388608                                   {product} {ergonomic}
    uintx GCDrainStackTargetSize                   = 64                                        {product} {ergonomic}
   size_t InitialHeapSize                          = 805306368                                 {product} {ergonomic}
   size_t MarkStackSize                            = 4194304                                   {product} {ergonomic}
   size_t MaxHeapSize                              = 12876513280                               {product} {ergonomic}
   size_t MaxNewSize                               = 7725907968                                {product} {ergonomic}
   size_t MinHeapDeltaBytes                        = 8388608                                   {product} {ergonomic}
   size_t MinHeapSize                              = 8388608                                   {product} {ergonomic}
    uintx NonNMethodCodeHeapSize                   = 5839372                                {pd product} {ergonomic}
    uintx NonProfiledCodeHeapSize                  = 122909434                              {pd product} {ergonomic}
    uintx ProfiledCodeHeapSize                     = 122909434                              {pd product} {ergonomic}
    uintx ReservedCodeCacheSize                    = 251658240                              {pd product} {ergonomic}
     bool SegmentedCodeCache                       = true                                      {product} {ergonomic}
   size_t SoftMaxHeapSize                          = 12876513280                            {manageable} {ergonomic}
     bool UseCompressedClassPointers               = true                                 {lp64_product} {ergonomic}
     bool UseCompressedOops                        = true                                 {lp64_product} {ergonomic}
     bool UseG1GC                                  = true                                      {product} {ergonomic}
     bool UseLargePagesIndividualAllocation        = false                                  {pd product} {ergonomic}

Logging:
Log output configuration:
 #0: stdout all=warning uptime,level,tags
 #1: stderr all=off uptime,level,tags

Environment Variables:
JAVA_HOME=C:\Program Files\Java\jdk-15.0.2
CLASSPATH=D:\Program Files\NetBeans-12.3\netbeans\java\maven\lib\ext
PATH=C:\Program Files\Common Files\Oracle\Java\javapath;C:\Program Files\Java\jdk-15.0.2\bin;C:\Windows\system32;C:\Windows;C:\Windows\System32\Wbem;C:\Windows\System32\WindowsPowerShell\v1.0\;C:\Windows\System32\OpenSSH\;C:\Program Files (x86)\NVIDIA Corporation\PhysX\Common;C:\Program Files\PuTTY\;C:\Program Files\Microsoft VS Code\bin;C:\Program Files\Git\cmd;C:\Program Files\Java\jdk-15.0.2;C:\Users\User\AppData\Local\Microsoft\WindowsApps;
USERNAME=User
OS=Windows_NT
PROCESSOR_IDENTIFIER=Intel64 Family 6 Model 158 Stepping 10, GenuineIntel



---------------  S Y S T E M  ---------------

OS:
 Windows 10 , 64 bit Build 19041 (10.0.19041.928)
OS uptime: 1 days 2:42 hours

CPU: total 12 (initial active 12) (6 cores per cpu, 2 threads per core) family 6 model 158 stepping 10 microcode 0xde, cmov, cx8, fxsr, mmx, sse, sse2, sse3, ssse3, sse4.1, sse4.2, popcnt, vzeroupper, avx, avx2, aes, clmul, erms, rtm, 3dnowpref, lzcnt, ht, tsc, tscinvbit, bmi1, bmi2, adx, fma, clflush, clflushopt

Memory: 4k page, system-wide physical 49099M (39616M free)
TotalPageFile size 111099M (AvailPageFile size 98353M)
current process WorkingSet (physical memory assigned to process): 92M, peak: 92M
current process commit charge ("private bytes"): 921M, peak: 925M

vm_info: Java HotSpot(TM) 64-Bit Server VM (15.0.2+7-27) for windows-amd64 JRE (15.0.2+7-27), built on Dec  7 2020 20:07:01 by "mach5one" with unknown MS VC++:1925

END.
